[  2%] Built target imu_tilt_detection__rosidl_generator_type_description
[ 11%] Built target gtest
[ 11%] Built target gtest_main
[ 11%] Built target ament_cmake_python_copy_imu_tilt_detection
[ 13%] Built target imu_tilt_detection__cpp
[ 25%] Built target imu_tilt_detection__rosidl_generator_c
[ 30%] Built target imu_tilt_detection_tilt_detector_test
[ 41%] Built target imu_tilt_detection__rosidl_typesupport_fastrtps_c
[ 46%] Built target imu_tilt_detection__rosidl_typesupport_c
[ 51%] Built target imu_tilt_detection__rosidl_typesupport_cpp
[ 58%] Built target imu_tilt_detection__rosidl_typesupport_introspection_cpp
[ 65%] Built target imu_tilt_detection__rosidl_typesupport_fastrtps_cpp
[ 72%] Built target imu_tilt_detection__rosidl_typesupport_introspection_c
[35m[1mConsolidate compiler generated dependencies of target tilt_publisher[0m
[ 72%] Built target imu_tilt_detection
[ 74%] [32mBuilding CXX object CMakeFiles/tilt_publisher.dir/src/tilt_publisher.cpp.o[0m
[ 76%] [32mBuilding CXX object CMakeFiles/tilt_publisher.dir/src/tilt_detector.cpp.o[0m
[ 79%] Built target imu_tilt_detection__py
[ 83%] Built target imu_tilt_detection__rosidl_generator_py
[ 90%] Built target imu_tilt_detection__rosidl_typesupport_fastrtps_c__pyext
[ 93%] Built target imu_tilt_detection__rosidl_typesupport_introspection_c__pyext
[ 97%] Built target imu_tilt_detection__rosidl_typesupport_c__pyext
[01m[K/home/gepopa/ros2_ws/src/imu_tilt_detection/src/tilt_detector.cpp:[m[K In member function ‘[01m[Kdouble TiltDetector::compute_pitch_deg_from_acceleration(double, double, double)[m[K’:
[01m[K/home/gepopa/ros2_ws/src/imu_tilt_detection/src/tilt_detector.cpp:13:12:[m[K [01;31m[Kerror: [m[K‘[01m[Ktan2[m[K’ was not declared in this scope; did you mean ‘[01m[Ktanl[m[K’?
   13 |     return [01;31m[Ktan2[m[K(x, sqrt(pow(y,2) + pow(z,2))) * (180 / M_PI); //around x axis
      |            [01;31m[K^~~~[m[K
      |            [32m[Ktanl[m[K
[01m[K/home/gepopa/ros2_ws/src/imu_tilt_detection/src/tilt_detector.cpp:[m[K In member function ‘[01m[Kbool TiltDetector::compute_tilt_status_from_acceleration(double, double, double)[m[K’:
[01m[K/home/gepopa/ros2_ws/src/imu_tilt_detection/src/tilt_detector.cpp:30:23:[m[K [01;31m[Kerror: [m[K‘[01m[Kaccumulate[m[K’ is not a member of ‘[01m[Kstd[m[K’
   30 |     double sum = std::[01;31m[Kaccumulate[m[K(_tilted_values.begin(), _tilted_values.end(), 0.0);
      |                       [01;31m[K^~~~~~~~~~[m[K
running egg_info
writing imu_tilt_detection.egg-info/PKG-INFO
writing dependency_links to imu_tilt_detection.egg-info/dependency_links.txt
writing top-level names to imu_tilt_detection.egg-info/top_level.txt
reading manifest file 'imu_tilt_detection.egg-info/SOURCES.txt'
writing manifest file 'imu_tilt_detection.egg-info/SOURCES.txt'
gmake[2]: *** [CMakeFiles/tilt_publisher.dir/build.make:90: CMakeFiles/tilt_publisher.dir/src/tilt_detector.cpp.o] Error 1
gmake[2]: *** Waiting for unfinished jobs....
[ 97%] Built target ament_cmake_python_build_imu_tilt_detection_egg
[01m[K/home/gepopa/ros2_ws/src/imu_tilt_detection/src/tilt_publisher.cpp:[m[K In constructor ‘[01m[KTiltPublisher::TiltPublisher()[m[K’:
[01m[K/home/gepopa/ros2_ws/src/imu_tilt_detection/src/tilt_publisher.cpp:9:44:[m[K [01;31m[Kerror: [m[Kno matching function for call to ‘[01m[KTiltDetector::TiltDetector()[m[K’
    9 |     TiltPublisher() : Node("tilt_publisher"[01;31m[K)[m[K
      |                                            [01;31m[K^[m[K
In file included from [01m[K/home/gepopa/ros2_ws/src/imu_tilt_detection/src/tilt_publisher.cpp:4[m[K:
[01m[K/home/gepopa/ros2_ws/src/imu_tilt_detection/include/imu_tilt_detection/tilt_detector.h:7:5:[m[K [01;36m[Knote: [m[Kcandidate: ‘[01m[KTiltDetector::TiltDetector(size_t, int)[m[K’
    7 |     [01;36m[KTiltDetector[m[K(size_t nb_values_for_mean, int tilt_threshold_deg);
      |     [01;36m[K^~~~~~~~~~~~[m[K
[01m[K/home/gepopa/ros2_ws/src/imu_tilt_detection/include/imu_tilt_detection/tilt_detector.h:7:5:[m[K [01;36m[Knote: [m[K  candidate expects 2 arguments, 0 provided
[01m[K/home/gepopa/ros2_ws/src/imu_tilt_detection/include/imu_tilt_detection/tilt_detector.h:4:7:[m[K [01;36m[Knote: [m[Kcandidate: ‘[01m[KTiltDetector::TiltDetector(const TiltDetector&)[m[K’
    4 | class [01;36m[KTiltDetector[m[K
      |       [01;36m[K^~~~~~~~~~~~[m[K
[01m[K/home/gepopa/ros2_ws/src/imu_tilt_detection/include/imu_tilt_detection/tilt_detector.h:4:7:[m[K [01;36m[Knote: [m[K  candidate expects 1 argument, 0 provided
[01m[K/home/gepopa/ros2_ws/src/imu_tilt_detection/include/imu_tilt_detection/tilt_detector.h:4:7:[m[K [01;36m[Knote: [m[Kcandidate: ‘[01m[KTiltDetector::TiltDetector(TiltDetector&&)[m[K’
[01m[K/home/gepopa/ros2_ws/src/imu_tilt_detection/include/imu_tilt_detection/tilt_detector.h:4:7:[m[K [01;36m[Knote: [m[K  candidate expects 1 argument, 0 provided
[01m[K/home/gepopa/ros2_ws/src/imu_tilt_detection/src/tilt_publisher.cpp:13:79:[m[K [01;31m[Kerror: [m[Kuse of deleted function ‘[01m[KTiltDetector& TiltDetector::operator=(TiltDetector&&)[m[K’
   13 |         tilt_detector_ = TiltDetector(_nb_values_for_mean, _tilt_threshold_deg[01;31m[K)[m[K;
      |                                                                               [01;31m[K^[m[K
In file included from [01m[K/home/gepopa/ros2_ws/src/imu_tilt_detection/src/tilt_publisher.cpp:4[m[K:
[01m[K/home/gepopa/ros2_ws/src/imu_tilt_detection/include/imu_tilt_detection/tilt_detector.h:4:7:[m[K [01;36m[Knote: [m[K‘[01m[KTiltDetector& TiltDetector::operator=(TiltDetector&&)[m[K’ is implicitly deleted because the default definition would be ill-formed:
    4 | class [01;36m[KTiltDetector[m[K
      |       [01;36m[K^~~~~~~~~~~~[m[K
[01m[K/home/gepopa/ros2_ws/src/imu_tilt_detection/include/imu_tilt_detection/tilt_detector.h:4:7:[m[K [01;31m[Kerror: [m[Knon-static const member ‘[01m[Kconst size_t TiltDetector::_nb_values_for_mean[m[K’, cannot use default assignment operator
[01m[K/home/gepopa/ros2_ws/src/imu_tilt_detection/include/imu_tilt_detection/tilt_detector.h:4:7:[m[K [01;31m[Kerror: [m[Knon-static const member ‘[01m[Kconst int TiltDetector::_tilt_threshold_deg[m[K’, cannot use default assignment operator
gmake[2]: *** [CMakeFiles/tilt_publisher.dir/build.make:76: CMakeFiles/tilt_publisher.dir/src/tilt_publisher.cpp.o] Error 1
gmake[1]: *** [CMakeFiles/Makefile2:646: CMakeFiles/tilt_publisher.dir/all] Error 2
gmake: *** [Makefile:146: all] Error 2
