[0.247s] DEBUG:colcon:Command line arguments: ['/usr/bin/colcon', 'build']
[0.248s] DEBUG:colcon:Parsed command line arguments: Namespace(log_base=None, log_level=None, verb_name='build', build_base='build', install_base='install', merge_install=False, symlink_install=False, test_result_base=None, continue_on_error=False, executor='parallel', parallel_workers=12, event_handlers=None, ignore_user_meta=False, metas=['./colcon.meta'], base_paths=['.'], packages_ignore=None, packages_ignore_regex=None, paths=None, packages_up_to=None, packages_up_to_regex=None, packages_above=None, packages_above_and_dependencies=None, packages_above_depth=None, packages_select_by_dep=None, packages_skip_by_dep=None, packages_skip_up_to=None, packages_select_build_failed=False, packages_skip_build_finished=False, packages_select_test_failures=False, packages_skip_test_passed=False, packages_select=None, packages_skip=None, packages_select_regex=None, packages_skip_regex=None, packages_start=None, packages_end=None, allow_overriding=[], cmake_args=None, cmake_target=None, cmake_target_skip_unavailable=False, cmake_clean_cache=False, cmake_clean_first=False, cmake_force_configure=False, ament_cmake_args=None, catkin_cmake_args=None, catkin_skip_building_tests=False, verb_parser=<colcon_defaults.argument_parser.defaults.DefaultArgumentsDecorator object at 0x7f2a4c2d60b0>, verb_extension=<colcon_core.verb.build.BuildVerb object at 0x7f2a4ca8bb50>, main=<bound method BuildVerb.main of <colcon_core.verb.build.BuildVerb object at 0x7f2a4ca8bb50>>)
[0.270s] Level 1:colcon.colcon_core.package_discovery:discover_packages(colcon_meta) check parameters
[0.270s] Level 1:colcon.colcon_core.package_discovery:discover_packages(recursive) check parameters
[0.270s] Level 1:colcon.colcon_core.package_discovery:discover_packages(ignore) check parameters
[0.270s] Level 1:colcon.colcon_core.package_discovery:discover_packages(path) check parameters
[0.271s] Level 1:colcon.colcon_core.package_discovery:discover_packages(colcon_meta) discover
[0.271s] Level 1:colcon.colcon_core.package_discovery:discover_packages(recursive) discover
[0.271s] INFO:colcon.colcon_core.package_discovery:Crawling recursively for packages in '/home/gepopa/ros2_ws/src/imu_tilt_detection'
[0.271s] Level 1:colcon.colcon_core.package_identification:_identify(.) by extensions ['ignore', 'ignore_ament_install']
[0.271s] Level 1:colcon.colcon_core.package_identification:_identify(.) by extension 'ignore'
[0.271s] Level 1:colcon.colcon_core.package_identification:_identify(.) by extension 'ignore_ament_install'
[0.271s] Level 1:colcon.colcon_core.package_identification:_identify(.) by extensions ['colcon_pkg']
[0.271s] Level 1:colcon.colcon_core.package_identification:_identify(.) by extension 'colcon_pkg'
[0.271s] Level 1:colcon.colcon_core.package_identification:_identify(.) by extensions ['colcon_meta']
[0.271s] Level 1:colcon.colcon_core.package_identification:_identify(.) by extension 'colcon_meta'
[0.271s] Level 1:colcon.colcon_core.package_identification:_identify(.) by extensions ['ros']
[0.271s] Level 1:colcon.colcon_core.package_identification:_identify(.) by extension 'ros'
[0.281s] DEBUG:colcon.colcon_core.package_identification:Package '.' with type 'ros.ament_cmake' and name 'imu_tilt_detection'
[0.281s] Level 1:colcon.colcon_core.package_discovery:discover_packages(recursive) using defaults
[0.281s] Level 1:colcon.colcon_core.package_discovery:discover_packages(ignore) discover
[0.281s] Level 1:colcon.colcon_core.package_discovery:discover_packages(ignore) using defaults
[0.281s] Level 1:colcon.colcon_core.package_discovery:discover_packages(path) discover
[0.281s] Level 1:colcon.colcon_core.package_discovery:discover_packages(path) using defaults
[0.298s] Level 1:colcon.colcon_core.package_discovery:discover_packages(prefix_path) check parameters
[0.298s] Level 1:colcon.colcon_core.package_discovery:discover_packages(prefix_path) discover
[0.300s] DEBUG:colcon.colcon_installed_package_information.package_discovery:Found 1 installed packages in /home/gepopa/ros2_ws/install
[0.302s] DEBUG:colcon.colcon_installed_package_information.package_discovery:Found 284 installed packages in /opt/ros/iron
[0.303s] Level 1:colcon.colcon_core.package_discovery:discover_packages(prefix_path) using defaults
[0.342s] Level 5:colcon.colcon_core.verb:set package 'imu_tilt_detection' build argument 'cmake_args' from command line to 'None'
[0.342s] Level 5:colcon.colcon_core.verb:set package 'imu_tilt_detection' build argument 'cmake_target' from command line to 'None'
[0.342s] Level 5:colcon.colcon_core.verb:set package 'imu_tilt_detection' build argument 'cmake_target_skip_unavailable' from command line to 'False'
[0.342s] Level 5:colcon.colcon_core.verb:set package 'imu_tilt_detection' build argument 'cmake_clean_cache' from command line to 'False'
[0.342s] Level 5:colcon.colcon_core.verb:set package 'imu_tilt_detection' build argument 'cmake_clean_first' from command line to 'False'
[0.342s] Level 5:colcon.colcon_core.verb:set package 'imu_tilt_detection' build argument 'cmake_force_configure' from command line to 'False'
[0.342s] Level 5:colcon.colcon_core.verb:set package 'imu_tilt_detection' build argument 'ament_cmake_args' from command line to 'None'
[0.342s] Level 5:colcon.colcon_core.verb:set package 'imu_tilt_detection' build argument 'catkin_cmake_args' from command line to 'None'
[0.342s] Level 5:colcon.colcon_core.verb:set package 'imu_tilt_detection' build argument 'catkin_skip_building_tests' from command line to 'False'
[0.342s] DEBUG:colcon.colcon_core.verb:Building package 'imu_tilt_detection' with the following arguments: {'ament_cmake_args': None, 'build_base': '/home/gepopa/ros2_ws/src/imu_tilt_detection/build/imu_tilt_detection', 'catkin_cmake_args': None, 'catkin_skip_building_tests': False, 'cmake_args': None, 'cmake_clean_cache': False, 'cmake_clean_first': False, 'cmake_force_configure': False, 'cmake_target': None, 'cmake_target_skip_unavailable': False, 'install_base': '/home/gepopa/ros2_ws/src/imu_tilt_detection/install/imu_tilt_detection', 'merge_install': False, 'path': '/home/gepopa/ros2_ws/src/imu_tilt_detection', 'symlink_install': False, 'test_result_base': None}
[0.343s] INFO:colcon.colcon_core.executor:Executing jobs using 'parallel' executor
[0.345s] DEBUG:colcon.colcon_parallel_executor.executor.parallel:run_until_complete
[0.345s] INFO:colcon.colcon_ros.task.ament_cmake.build:Building ROS package in '/home/gepopa/ros2_ws/src/imu_tilt_detection' with build type 'ament_cmake'
[0.345s] INFO:colcon.colcon_cmake.task.cmake.build:Building CMake package in '/home/gepopa/ros2_ws/src/imu_tilt_detection'
[0.349s] INFO:colcon.colcon_core.plugin_system:Skipping extension 'colcon_core.shell.bat': Not used on non-Windows systems
[0.349s] INFO:colcon.colcon_core.shell:Skip shell extension 'powershell' for command environment: Not usable outside of PowerShell
[0.349s] DEBUG:colcon.colcon_core.shell:Skip shell extension 'dsv' for command environment
[0.357s] DEBUG:colcon.colcon_core.event_handler.log_command:Invoking command in '/home/gepopa/ros2_ws/src/imu_tilt_detection/build/imu_tilt_detection': CMAKE_PREFIX_PATH=${CMAKE_PREFIX_PATH}:/opt/ros/iron /usr/bin/cmake --build /home/gepopa/ros2_ws/src/imu_tilt_detection/build/imu_tilt_detection -- -j12 -l12
[6.504s] DEBUG:colcon.colcon_core.event_handler.log_command:Invoked command in '/home/gepopa/ros2_ws/src/imu_tilt_detection/build/imu_tilt_detection' returned '0': CMAKE_PREFIX_PATH=${CMAKE_PREFIX_PATH}:/opt/ros/iron /usr/bin/cmake --build /home/gepopa/ros2_ws/src/imu_tilt_detection/build/imu_tilt_detection -- -j12 -l12
[6.570s] DEBUG:colcon.colcon_core.event_handler.log_command:Invoking command in '/home/gepopa/ros2_ws/src/imu_tilt_detection/build/imu_tilt_detection': CMAKE_PREFIX_PATH=${CMAKE_PREFIX_PATH}:/opt/ros/iron /usr/bin/cmake --install /home/gepopa/ros2_ws/src/imu_tilt_detection/build/imu_tilt_detection
[6.620s] Level 1:colcon.colcon_core.environment:create_environment_scripts_only(imu_tilt_detection)
[6.621s] DEBUG:colcon.colcon_core.event_handler.log_command:Invoked command in '/home/gepopa/ros2_ws/src/imu_tilt_detection/build/imu_tilt_detection' returned '0': CMAKE_PREFIX_PATH=${CMAKE_PREFIX_PATH}:/opt/ros/iron /usr/bin/cmake --install /home/gepopa/ros2_ws/src/imu_tilt_detection/build/imu_tilt_detection
[6.625s] Level 1:colcon.colcon_core.environment:checking '/home/gepopa/ros2_ws/src/imu_tilt_detection/install/imu_tilt_detection' for CMake module files
[6.625s] Level 1:colcon.colcon_core.environment:checking '/home/gepopa/ros2_ws/src/imu_tilt_detection/install/imu_tilt_detection' for CMake config files
[6.626s] Level 1:colcon.colcon_core.shell:create_environment_hook('imu_tilt_detection', 'cmake_prefix_path')
[6.627s] INFO:colcon.colcon_core.shell:Creating environment hook '/home/gepopa/ros2_ws/src/imu_tilt_detection/install/imu_tilt_detection/share/imu_tilt_detection/hook/cmake_prefix_path.ps1'
[6.627s] INFO:colcon.colcon_core.shell:Creating environment descriptor '/home/gepopa/ros2_ws/src/imu_tilt_detection/install/imu_tilt_detection/share/imu_tilt_detection/hook/cmake_prefix_path.dsv'
[6.628s] INFO:colcon.colcon_core.shell:Creating environment hook '/home/gepopa/ros2_ws/src/imu_tilt_detection/install/imu_tilt_detection/share/imu_tilt_detection/hook/cmake_prefix_path.sh'
[6.628s] Level 1:colcon.colcon_core.environment:checking '/home/gepopa/ros2_ws/src/imu_tilt_detection/install/imu_tilt_detection/lib'
[6.628s] Level 1:colcon.colcon_core.shell:create_environment_hook('imu_tilt_detection', 'ld_library_path_lib')
[6.629s] INFO:colcon.colcon_core.shell:Creating environment hook '/home/gepopa/ros2_ws/src/imu_tilt_detection/install/imu_tilt_detection/share/imu_tilt_detection/hook/ld_library_path_lib.ps1'
[6.630s] INFO:colcon.colcon_core.shell:Creating environment descriptor '/home/gepopa/ros2_ws/src/imu_tilt_detection/install/imu_tilt_detection/share/imu_tilt_detection/hook/ld_library_path_lib.dsv'
[6.630s] INFO:colcon.colcon_core.shell:Creating environment hook '/home/gepopa/ros2_ws/src/imu_tilt_detection/install/imu_tilt_detection/share/imu_tilt_detection/hook/ld_library_path_lib.sh'
[6.630s] Level 1:colcon.colcon_core.environment:checking '/home/gepopa/ros2_ws/src/imu_tilt_detection/install/imu_tilt_detection/bin'
[6.630s] Level 1:colcon.colcon_core.environment:checking '/home/gepopa/ros2_ws/src/imu_tilt_detection/install/imu_tilt_detection/lib/pkgconfig/imu_tilt_detection.pc'
[6.631s] Level 1:colcon.colcon_core.environment:checking '/home/gepopa/ros2_ws/src/imu_tilt_detection/install/imu_tilt_detection/lib/python3.10/site-packages'
[6.631s] Level 1:colcon.colcon_core.shell:create_environment_hook('imu_tilt_detection', 'pythonpath')
[6.632s] INFO:colcon.colcon_core.shell:Creating environment hook '/home/gepopa/ros2_ws/src/imu_tilt_detection/install/imu_tilt_detection/share/imu_tilt_detection/hook/pythonpath.ps1'
[6.632s] INFO:colcon.colcon_core.shell:Creating environment descriptor '/home/gepopa/ros2_ws/src/imu_tilt_detection/install/imu_tilt_detection/share/imu_tilt_detection/hook/pythonpath.dsv'
[6.632s] INFO:colcon.colcon_core.shell:Creating environment hook '/home/gepopa/ros2_ws/src/imu_tilt_detection/install/imu_tilt_detection/share/imu_tilt_detection/hook/pythonpath.sh'
[6.633s] Level 1:colcon.colcon_core.environment:checking '/home/gepopa/ros2_ws/src/imu_tilt_detection/install/imu_tilt_detection/bin'
[6.634s] INFO:colcon.colcon_core.shell:Creating package script '/home/gepopa/ros2_ws/src/imu_tilt_detection/install/imu_tilt_detection/share/imu_tilt_detection/package.ps1'
[6.634s] INFO:colcon.colcon_core.shell:Creating package descriptor '/home/gepopa/ros2_ws/src/imu_tilt_detection/install/imu_tilt_detection/share/imu_tilt_detection/package.dsv'
[6.635s] INFO:colcon.colcon_core.shell:Creating package script '/home/gepopa/ros2_ws/src/imu_tilt_detection/install/imu_tilt_detection/share/imu_tilt_detection/package.sh'
[6.635s] INFO:colcon.colcon_core.shell:Creating package script '/home/gepopa/ros2_ws/src/imu_tilt_detection/install/imu_tilt_detection/share/imu_tilt_detection/package.bash'
[6.636s] INFO:colcon.colcon_core.shell:Creating package script '/home/gepopa/ros2_ws/src/imu_tilt_detection/install/imu_tilt_detection/share/imu_tilt_detection/package.zsh'
[6.637s] Level 1:colcon.colcon_core.environment:create_file_with_runtime_dependencies(/home/gepopa/ros2_ws/src/imu_tilt_detection/install/imu_tilt_detection/share/colcon-core/packages/imu_tilt_detection)
[6.714s] Level 1:colcon.colcon_core.environment:create_environment_scripts_only(imu_tilt_detection)
[6.717s] Level 1:colcon.colcon_core.environment:checking '/home/gepopa/ros2_ws/src/imu_tilt_detection/install/imu_tilt_detection' for CMake module files
[6.717s] Level 1:colcon.colcon_core.environment:checking '/home/gepopa/ros2_ws/src/imu_tilt_detection/install/imu_tilt_detection' for CMake config files
[6.718s] Level 1:colcon.colcon_core.shell:create_environment_hook('imu_tilt_detection', 'cmake_prefix_path')
[6.719s] INFO:colcon.colcon_core.shell:Creating environment hook '/home/gepopa/ros2_ws/src/imu_tilt_detection/install/imu_tilt_detection/share/imu_tilt_detection/hook/cmake_prefix_path.ps1'
[6.719s] INFO:colcon.colcon_core.shell:Creating environment descriptor '/home/gepopa/ros2_ws/src/imu_tilt_detection/install/imu_tilt_detection/share/imu_tilt_detection/hook/cmake_prefix_path.dsv'
[6.719s] INFO:colcon.colcon_core.shell:Creating environment hook '/home/gepopa/ros2_ws/src/imu_tilt_detection/install/imu_tilt_detection/share/imu_tilt_detection/hook/cmake_prefix_path.sh'
[6.720s] Level 1:colcon.colcon_core.environment:checking '/home/gepopa/ros2_ws/src/imu_tilt_detection/install/imu_tilt_detection/lib'
[6.720s] Level 1:colcon.colcon_core.shell:create_environment_hook('imu_tilt_detection', 'ld_library_path_lib')
[6.721s] INFO:colcon.colcon_core.shell:Creating environment hook '/home/gepopa/ros2_ws/src/imu_tilt_detection/install/imu_tilt_detection/share/imu_tilt_detection/hook/ld_library_path_lib.ps1'
[6.721s] INFO:colcon.colcon_core.shell:Creating environment descriptor '/home/gepopa/ros2_ws/src/imu_tilt_detection/install/imu_tilt_detection/share/imu_tilt_detection/hook/ld_library_path_lib.dsv'
[6.721s] INFO:colcon.colcon_core.shell:Creating environment hook '/home/gepopa/ros2_ws/src/imu_tilt_detection/install/imu_tilt_detection/share/imu_tilt_detection/hook/ld_library_path_lib.sh'
[6.721s] Level 1:colcon.colcon_core.environment:checking '/home/gepopa/ros2_ws/src/imu_tilt_detection/install/imu_tilt_detection/bin'
[6.722s] Level 1:colcon.colcon_core.environment:checking '/home/gepopa/ros2_ws/src/imu_tilt_detection/install/imu_tilt_detection/lib/pkgconfig/imu_tilt_detection.pc'
[6.722s] Level 1:colcon.colcon_core.environment:checking '/home/gepopa/ros2_ws/src/imu_tilt_detection/install/imu_tilt_detection/lib/python3.10/site-packages'
[6.722s] Level 1:colcon.colcon_core.shell:create_environment_hook('imu_tilt_detection', 'pythonpath')
[6.723s] INFO:colcon.colcon_core.shell:Creating environment hook '/home/gepopa/ros2_ws/src/imu_tilt_detection/install/imu_tilt_detection/share/imu_tilt_detection/hook/pythonpath.ps1'
[6.723s] INFO:colcon.colcon_core.shell:Creating environment descriptor '/home/gepopa/ros2_ws/src/imu_tilt_detection/install/imu_tilt_detection/share/imu_tilt_detection/hook/pythonpath.dsv'
[6.723s] INFO:colcon.colcon_core.shell:Creating environment hook '/home/gepopa/ros2_ws/src/imu_tilt_detection/install/imu_tilt_detection/share/imu_tilt_detection/hook/pythonpath.sh'
[6.724s] Level 1:colcon.colcon_core.environment:checking '/home/gepopa/ros2_ws/src/imu_tilt_detection/install/imu_tilt_detection/bin'
[6.725s] INFO:colcon.colcon_core.shell:Creating package script '/home/gepopa/ros2_ws/src/imu_tilt_detection/install/imu_tilt_detection/share/imu_tilt_detection/package.ps1'
[6.725s] INFO:colcon.colcon_core.shell:Creating package descriptor '/home/gepopa/ros2_ws/src/imu_tilt_detection/install/imu_tilt_detection/share/imu_tilt_detection/package.dsv'
[6.725s] INFO:colcon.colcon_core.shell:Creating package script '/home/gepopa/ros2_ws/src/imu_tilt_detection/install/imu_tilt_detection/share/imu_tilt_detection/package.sh'
[6.726s] INFO:colcon.colcon_core.shell:Creating package script '/home/gepopa/ros2_ws/src/imu_tilt_detection/install/imu_tilt_detection/share/imu_tilt_detection/package.bash'
[6.726s] INFO:colcon.colcon_core.shell:Creating package script '/home/gepopa/ros2_ws/src/imu_tilt_detection/install/imu_tilt_detection/share/imu_tilt_detection/package.zsh'
[6.726s] Level 1:colcon.colcon_core.environment:create_file_with_runtime_dependencies(/home/gepopa/ros2_ws/src/imu_tilt_detection/install/imu_tilt_detection/share/colcon-core/packages/imu_tilt_detection)
[6.726s] DEBUG:colcon.colcon_parallel_executor.executor.parallel:closing loop
[6.727s] DEBUG:colcon.colcon_parallel_executor.executor.parallel:loop closed
[6.727s] DEBUG:colcon.colcon_parallel_executor.executor.parallel:run_until_complete finished with '0'
[6.727s] DEBUG:colcon.colcon_core.event_reactor:joining thread
[6.731s] INFO:colcon.colcon_core.plugin_system:Skipping extension 'colcon_notification.desktop_notification.terminal_notifier': Not used on non-Darwin systems
[6.731s] INFO:colcon.colcon_core.plugin_system:Skipping extension 'colcon_notification.desktop_notification.win32': Not used on non-Windows systems
[6.731s] INFO:colcon.colcon_notification.desktop_notification:Sending desktop notification using 'notify2'
[6.740s] DEBUG:colcon.colcon_core.event_reactor:joined thread
[6.742s] INFO:colcon.colcon_core.shell:Creating prefix script '/home/gepopa/ros2_ws/src/imu_tilt_detection/install/local_setup.ps1'
[6.742s] INFO:colcon.colcon_core.shell:Creating prefix util module '/home/gepopa/ros2_ws/src/imu_tilt_detection/install/_local_setup_util_ps1.py'
[6.744s] INFO:colcon.colcon_core.shell:Creating prefix chain script '/home/gepopa/ros2_ws/src/imu_tilt_detection/install/setup.ps1'
[6.745s] INFO:colcon.colcon_core.shell:Creating prefix script '/home/gepopa/ros2_ws/src/imu_tilt_detection/install/local_setup.sh'
[6.745s] INFO:colcon.colcon_core.shell:Creating prefix util module '/home/gepopa/ros2_ws/src/imu_tilt_detection/install/_local_setup_util_sh.py'
[6.746s] INFO:colcon.colcon_core.shell:Creating prefix chain script '/home/gepopa/ros2_ws/src/imu_tilt_detection/install/setup.sh'
[6.746s] INFO:colcon.colcon_core.shell:Creating prefix script '/home/gepopa/ros2_ws/src/imu_tilt_detection/install/local_setup.bash'
[6.747s] INFO:colcon.colcon_core.shell:Creating prefix chain script '/home/gepopa/ros2_ws/src/imu_tilt_detection/install/setup.bash'
[6.748s] INFO:colcon.colcon_core.shell:Creating prefix script '/home/gepopa/ros2_ws/src/imu_tilt_detection/install/local_setup.zsh'
[6.748s] INFO:colcon.colcon_core.shell:Creating prefix chain script '/home/gepopa/ros2_ws/src/imu_tilt_detection/install/setup.zsh'
