[0.012s] Invoking command in '/home/gepopa/ros2_ws/src/imu_tilt_detection/build/imu_tilt_detection': CMAKE_PREFIX_PATH=${CMAKE_PREFIX_PATH}:/opt/ros/iron /usr/bin/cmake --build /home/gepopa/ros2_ws/src/imu_tilt_detection/build/imu_tilt_detection -- -j12 -l12
[0.055s] [  2%] Built target imu_tilt_detection__rosidl_generator_type_description
[0.056s] [  6%] Built target gtest_main
[0.057s] [ 11%] Built target gtest
[0.063s] [ 11%] Built target ament_cmake_python_copy_imu_tilt_detection
[0.066s] [35m[1mConsolidate compiler generated dependencies of target imu_tilt_detection_tilt_detector_test[0m
[0.072s] [ 13%] Built target imu_tilt_detection__cpp
[0.073s] [ 25%] Built target imu_tilt_detection__rosidl_generator_c
[0.079s] [ 27%] [32mBuilding CXX object CMakeFiles/imu_tilt_detection_tilt_detector_test.dir/test/tilt_detector_test.cpp.o[0m
[0.093s] [ 34%] Built target imu_tilt_detection__rosidl_typesupport_introspection_c
[0.095s] [ 44%] Built target imu_tilt_detection__rosidl_typesupport_fastrtps_c
[0.095s] [ 48%] Built target imu_tilt_detection__rosidl_typesupport_introspection_cpp
[0.095s] [ 55%] Built target imu_tilt_detection__rosidl_typesupport_c
[0.096s] [ 62%] Built target imu_tilt_detection__rosidl_typesupport_cpp
[0.097s] [ 69%] Built target imu_tilt_detection__rosidl_typesupport_fastrtps_cpp
[0.114s] [ 69%] Built target imu_tilt_detection
[0.118s] [ 76%] Built target tilt_publisher
[0.133s] [ 79%] Built target imu_tilt_detection__py
[0.150s] [ 83%] Built target imu_tilt_detection__rosidl_generator_py
[0.170s] [ 97%] Built target imu_tilt_detection__rosidl_typesupport_fastrtps_c__pyext
[0.170s] [ 97%] Built target imu_tilt_detection__rosidl_typesupport_introspection_c__pyext
[0.170s] [ 97%] Built target imu_tilt_detection__rosidl_typesupport_c__pyext
[0.285s] running egg_info
[0.285s] writing imu_tilt_detection.egg-info/PKG-INFO
[0.286s] writing dependency_links to imu_tilt_detection.egg-info/dependency_links.txt
[0.286s] writing top-level names to imu_tilt_detection.egg-info/top_level.txt
[0.287s] reading manifest file 'imu_tilt_detection.egg-info/SOURCES.txt'
[0.288s] writing manifest file 'imu_tilt_detection.egg-info/SOURCES.txt'
[0.308s] [ 97%] Built target ament_cmake_python_build_imu_tilt_detection_egg
[0.755s] [01m[K/home/gepopa/ros2_ws/src/imu_tilt_detection/test/tilt_detector_test.cpp:[m[K In member function ‘[01m[Kvirtual void GIVEN_roll_tilt_higher_than_threshold_WHEN_compute_tilt_status_from_acceleration_THEN_return_expected_tilt_status_Test::TestBody()[m[K’:
[0.755s] [01m[K/home/gepopa/ros2_ws/src/imu_tilt_detection/test/tilt_detector_test.cpp:19:68:[m[K [01;31m[Kerror: [m[Kpassing ‘[01m[Kconst TiltDetector[m[K’ as ‘[01m[Kthis[m[K’ argument discards qualifiers [[01;31m[K]8;;https://gcc.gnu.org/onlinedocs/gcc/Warning-Options.html#index-fpermissive-fpermissive]8;;[m[K]
[0.755s]    19 |   bool status = [01;31m[Ktilt_detector.compute_tilt_status_from_acceleration(acc_x,acc_y,acc_z)[m[K;
[0.755s]       |                 [01;31m[K~~~~~~~~~~~~~~~~~~~~~~~~~~~~~~~~~~~~~~~~~~~~~~~~~~~^~~~~~~~~~~~~~~~~~~[m[K
[0.755s] In file included from [01m[K/home/gepopa/ros2_ws/src/imu_tilt_detection/test/tilt_detector_test.cpp:2[m[K:
[0.755s] [01m[K/home/gepopa/ros2_ws/src/imu_tilt_detection/include/imu_tilt_detection/tilt_detector.h:11:10:[m[K [01;36m[Knote: [m[K  in call to ‘[01m[Kbool TiltDetector::compute_tilt_status_from_acceleration(double, double, double)[m[K’
[0.755s]    11 |     bool [01;36m[Kcompute_tilt_status_from_acceleration[m[K(double x, double y, double z);
[0.755s]       |          [01;36m[K^~~~~~~~~~~~~~~~~~~~~~~~~~~~~~~~~~~~~[m[K
[0.837s] gmake[2]: *** [CMakeFiles/imu_tilt_detection_tilt_detector_test.dir/build.make:76: CMakeFiles/imu_tilt_detection_tilt_detector_test.dir/test/tilt_detector_test.cpp.o] Error 1
[0.837s] gmake[1]: *** [CMakeFiles/Makefile2:673: CMakeFiles/imu_tilt_detection_tilt_detector_test.dir/all] Error 2
[0.837s] gmake: *** [Makefile:146: all] Error 2
[0.839s] Invoked command in '/home/gepopa/ros2_ws/src/imu_tilt_detection/build/imu_tilt_detection' returned '2': CMAKE_PREFIX_PATH=${CMAKE_PREFIX_PATH}:/opt/ros/iron /usr/bin/cmake --build /home/gepopa/ros2_ws/src/imu_tilt_detection/build/imu_tilt_detection -- -j12 -l12
