-- Found ament_cmake: 2.0.3 (/opt/ros/iron/share/ament_cmake/cmake)
-- Found rclcpp: 21.0.2 (/opt/ros/iron/share/rclcpp/cmake)
-- Found rosidl_generator_c: 4.0.1 (/opt/ros/iron/share/rosidl_generator_c/cmake)
-- Found rosidl_generator_cpp: 4.0.1 (/opt/ros/iron/share/rosidl_generator_cpp/cmake)
-- Using all available rosidl_typesupport_c: rosidl_typesupport_fastrtps_c;rosidl_typesupport_introspection_c
-- Using all available rosidl_typesupport_cpp: rosidl_typesupport_fastrtps_cpp;rosidl_typesupport_introspection_cpp
-- Found rmw_implementation_cmake: 7.1.0 (/opt/ros/iron/share/rmw_implementation_cmake/cmake)
-- Found rmw_fastrtps_cpp: 7.1.1 (/opt/ros/iron/share/rmw_fastrtps_cpp/cmake)
-- Using RMW implementation 'rmw_fastrtps_cpp' as default
-- Found std_msgs: 5.0.0 (/opt/ros/iron/share/std_msgs/cmake)
-- Found sensor_msgs: 5.0.0 (/opt/ros/iron/share/sensor_msgs/cmake)
-- Found rosidl_default_generators: 1.5.0 (/opt/ros/iron/share/rosidl_default_generators/cmake)
-- Found rosidl_adapter: 4.0.1 (/opt/ros/iron/share/rosidl_adapter/cmake)
-- Found ament_cmake_ros: 0.11.2 (/opt/ros/iron/share/ament_cmake_ros/cmake)
-- Using all available rosidl_typesupport_c: rosidl_typesupport_fastrtps_c;rosidl_typesupport_introspection_c
-- Using all available rosidl_typesupport_cpp: rosidl_typesupport_fastrtps_cpp;rosidl_typesupport_introspection_cpp
-- Found python_cmake_module: 0.10.2 (/opt/ros/iron/share/python_cmake_module/cmake)
-- Using PYTHON_EXECUTABLE: /usr/bin/python3
-- Using PYTHON_INCLUDE_DIRS: /usr/include/python3.10
-- Using PYTHON_LIBRARIES: /usr/lib/x86_64-linux-gnu/libpython3.10.so
-- Found gtest sources under '/opt/ros/iron/src/gtest_vendor': C++ tests using 'Google Test' will be built
-- Looking for pthread.h
-- Looking for pthread.h - found
-- Performing Test CMAKE_HAVE_LIBC_PTHREAD
-- Performing Test CMAKE_HAVE_LIBC_PTHREAD - Success
-- Found Threads: TRUE  
-- Configuring done
-- Generating done
-- Build files have been written to: /home/gepopa/ros2_ws/src/imu_tilt_detection/build/imu_tilt_detection
[  7%] Built target imu_tilt_detection__rosidl_generator_type_description
[  7%] [32mBuilding CXX object gtest/CMakeFiles/gtest_main.dir/src/gtest_main.cc.o[0m
[  7%] [32mBuilding CXX object gtest/CMakeFiles/gtest.dir/src/gtest-all.cc.o[0m
[  7%] Built target ament_cmake_python_copy_imu_tilt_detection
[35m[1mConsolidate compiler generated dependencies of target imu_tilt_detection__rosidl_generator_c[0m
[  9%] Built target imu_tilt_detection__cpp
[ 21%] Built target imu_tilt_detection__rosidl_generator_c
[35m[1mConsolidate compiler generated dependencies of target imu_tilt_detection__rosidl_typesupport_cpp[0m
[35m[1mConsolidate compiler generated dependencies of target imu_tilt_detection__rosidl_typesupport_fastrtps_cpp[0m
[35m[1mConsolidate compiler generated dependencies of target imu_tilt_detection__rosidl_typesupport_fastrtps_c[0m
[35m[1mConsolidate compiler generated dependencies of target imu_tilt_detection__rosidl_typesupport_introspection_c[0m
[35m[1mConsolidate compiler generated dependencies of target imu_tilt_detection__rosidl_typesupport_c[0m
[35m[1mConsolidate compiler generated dependencies of target imu_tilt_detection__rosidl_typesupport_introspection_cpp[0m
[ 28%] Built target imu_tilt_detection__rosidl_typesupport_c
[ 35%] Built target imu_tilt_detection__rosidl_typesupport_cpp
[ 42%] Built target imu_tilt_detection__rosidl_typesupport_introspection_c
[ 50%] Built target imu_tilt_detection__rosidl_typesupport_fastrtps_c
[ 57%] Built target imu_tilt_detection__rosidl_typesupport_fastrtps_cpp
[ 64%] Built target imu_tilt_detection__rosidl_typesupport_introspection_cpp
[35m[1mConsolidate compiler generated dependencies of target tilt_publisher[0m
[ 64%] Built target imu_tilt_detection
[ 69%] Built target tilt_publisher
[ 71%] Built target imu_tilt_detection__py
[35m[1mConsolidate compiler generated dependencies of target imu_tilt_detection__rosidl_generator_py[0m
[ 76%] Built target imu_tilt_detection__rosidl_generator_py
[35m[1mConsolidate compiler generated dependencies of target imu_tilt_detection__rosidl_typesupport_fastrtps_c__pyext[0m
[35m[1mConsolidate compiler generated dependencies of target imu_tilt_detection__rosidl_typesupport_c__pyext[0m
[35m[1mConsolidate compiler generated dependencies of target imu_tilt_detection__rosidl_typesupport_introspection_c__pyext[0m
[ 80%] Built target imu_tilt_detection__rosidl_typesupport_c__pyext
[ 85%] Built target imu_tilt_detection__rosidl_typesupport_fastrtps_c__pyext
[ 90%] Built target imu_tilt_detection__rosidl_typesupport_introspection_c__pyext
running egg_info
writing imu_tilt_detection.egg-info/PKG-INFO
writing dependency_links to imu_tilt_detection.egg-info/dependency_links.txt
writing top-level names to imu_tilt_detection.egg-info/top_level.txt
reading manifest file 'imu_tilt_detection.egg-info/SOURCES.txt'
writing manifest file 'imu_tilt_detection.egg-info/SOURCES.txt'
[ 90%] Built target ament_cmake_python_build_imu_tilt_detection_egg
[ 92%] [32m[1mLinking CXX static library libgtest_main.a[0m
[ 92%] Built target gtest_main
[ 95%] [32m[1mLinking CXX static library libgtest.a[0m
[ 95%] Built target gtest
[ 97%] [32mBuilding CXX object CMakeFiles/imu_tilt_detection_tilt_detector_test.dir/test/tilt_detector_test.cpp.o[0m
[100%] [32m[1mLinking CXX executable imu_tilt_detection_tilt_detector_test[0m
[100%] Built target imu_tilt_detection_tilt_detector_test
-- Install configuration: ""
-- Up-to-date: /home/gepopa/ros2_ws/src/imu_tilt_detection/install/imu_tilt_detection/share/ament_index/resource_index/rosidl_interfaces/imu_tilt_detection
-- Up-to-date: /home/gepopa/ros2_ws/src/imu_tilt_detection/install/imu_tilt_detection/share/imu_tilt_detection/msg/TiltStatus.json
-- Up-to-date: /home/gepopa/ros2_ws/src/imu_tilt_detection/install/imu_tilt_detection/include/imu_tilt_detection/imu_tilt_detection
-- Up-to-date: /home/gepopa/ros2_ws/src/imu_tilt_detection/install/imu_tilt_detection/include/imu_tilt_detection/imu_tilt_detection/msg
-- Up-to-date: /home/gepopa/ros2_ws/src/imu_tilt_detection/install/imu_tilt_detection/include/imu_tilt_detection/imu_tilt_detection/msg/rosidl_generator_c__visibility_control.h
-- Up-to-date: /home/gepopa/ros2_ws/src/imu_tilt_detection/install/imu_tilt_detection/include/imu_tilt_detection/imu_tilt_detection/msg/detail
-- Up-to-date: /home/gepopa/ros2_ws/src/imu_tilt_detection/install/imu_tilt_detection/include/imu_tilt_detection/imu_tilt_detection/msg/detail/tilt_status__type_support.c
-- Up-to-date: /home/gepopa/ros2_ws/src/imu_tilt_detection/install/imu_tilt_detection/include/imu_tilt_detection/imu_tilt_detection/msg/detail/tilt_status__struct.h
-- Up-to-date: /home/gepopa/ros2_ws/src/imu_tilt_detection/install/imu_tilt_detection/include/imu_tilt_detection/imu_tilt_detection/msg/detail/tilt_status__type_support.h
-- Up-to-date: /home/gepopa/ros2_ws/src/imu_tilt_detection/install/imu_tilt_detection/include/imu_tilt_detection/imu_tilt_detection/msg/detail/tilt_status__functions.c
-- Up-to-date: /home/gepopa/ros2_ws/src/imu_tilt_detection/install/imu_tilt_detection/include/imu_tilt_detection/imu_tilt_detection/msg/detail/tilt_status__description.c
-- Up-to-date: /home/gepopa/ros2_ws/src/imu_tilt_detection/install/imu_tilt_detection/include/imu_tilt_detection/imu_tilt_detection/msg/detail/tilt_status__functions.h
-- Up-to-date: /home/gepopa/ros2_ws/src/imu_tilt_detection/install/imu_tilt_detection/include/imu_tilt_detection/imu_tilt_detection/msg/tilt_status.h
-- Up-to-date: /home/gepopa/ros2_ws/src/imu_tilt_detection/install/imu_tilt_detection/share/imu_tilt_detection/environment/library_path.sh
-- Up-to-date: /home/gepopa/ros2_ws/src/imu_tilt_detection/install/imu_tilt_detection/share/imu_tilt_detection/environment/library_path.dsv
-- Up-to-date: /home/gepopa/ros2_ws/src/imu_tilt_detection/install/imu_tilt_detection/lib/libimu_tilt_detection__rosidl_generator_c.so
-- Up-to-date: /home/gepopa/ros2_ws/src/imu_tilt_detection/install/imu_tilt_detection/include/imu_tilt_detection/imu_tilt_detection
-- Up-to-date: /home/gepopa/ros2_ws/src/imu_tilt_detection/install/imu_tilt_detection/include/imu_tilt_detection/imu_tilt_detection/msg
-- Up-to-date: /home/gepopa/ros2_ws/src/imu_tilt_detection/install/imu_tilt_detection/include/imu_tilt_detection/imu_tilt_detection/msg/rosidl_typesupport_fastrtps_c__visibility_control.h
-- Up-to-date: /home/gepopa/ros2_ws/src/imu_tilt_detection/install/imu_tilt_detection/include/imu_tilt_detection/imu_tilt_detection/msg/detail
-- Up-to-date: /home/gepopa/ros2_ws/src/imu_tilt_detection/install/imu_tilt_detection/include/imu_tilt_detection/imu_tilt_detection/msg/detail/tilt_status__rosidl_typesupport_fastrtps_c.h
-- Up-to-date: /home/gepopa/ros2_ws/src/imu_tilt_detection/install/imu_tilt_detection/lib/libimu_tilt_detection__rosidl_typesupport_fastrtps_c.so
-- Up-to-date: /home/gepopa/ros2_ws/src/imu_tilt_detection/install/imu_tilt_detection/include/imu_tilt_detection/imu_tilt_detection
-- Up-to-date: /home/gepopa/ros2_ws/src/imu_tilt_detection/install/imu_tilt_detection/include/imu_tilt_detection/imu_tilt_detection/msg
-- Up-to-date: /home/gepopa/ros2_ws/src/imu_tilt_detection/install/imu_tilt_detection/include/imu_tilt_detection/imu_tilt_detection/msg/detail
-- Up-to-date: /home/gepopa/ros2_ws/src/imu_tilt_detection/install/imu_tilt_detection/include/imu_tilt_detection/imu_tilt_detection/msg/detail/tilt_status__traits.hpp
-- Up-to-date: /home/gepopa/ros2_ws/src/imu_tilt_detection/install/imu_tilt_detection/include/imu_tilt_detection/imu_tilt_detection/msg/detail/tilt_status__struct.hpp
-- Up-to-date: /home/gepopa/ros2_ws/src/imu_tilt_detection/install/imu_tilt_detection/include/imu_tilt_detection/imu_tilt_detection/msg/detail/tilt_status__builder.hpp
-- Up-to-date: /home/gepopa/ros2_ws/src/imu_tilt_detection/install/imu_tilt_detection/include/imu_tilt_detection/imu_tilt_detection/msg/tilt_status.hpp
-- Up-to-date: /home/gepopa/ros2_ws/src/imu_tilt_detection/install/imu_tilt_detection/include/imu_tilt_detection/imu_tilt_detection
-- Up-to-date: /home/gepopa/ros2_ws/src/imu_tilt_detection/install/imu_tilt_detection/include/imu_tilt_detection/imu_tilt_detection/msg
-- Up-to-date: /home/gepopa/ros2_ws/src/imu_tilt_detection/install/imu_tilt_detection/include/imu_tilt_detection/imu_tilt_detection/msg/rosidl_typesupport_fastrtps_cpp__visibility_control.h
-- Up-to-date: /home/gepopa/ros2_ws/src/imu_tilt_detection/install/imu_tilt_detection/include/imu_tilt_detection/imu_tilt_detection/msg/detail
-- Up-to-date: /home/gepopa/ros2_ws/src/imu_tilt_detection/install/imu_tilt_detection/include/imu_tilt_detection/imu_tilt_detection/msg/detail/tilt_status__rosidl_typesupport_fastrtps_cpp.hpp
-- Up-to-date: /home/gepopa/ros2_ws/src/imu_tilt_detection/install/imu_tilt_detection/include/imu_tilt_detection/imu_tilt_detection/msg/detail/dds_fastrtps
-- Up-to-date: /home/gepopa/ros2_ws/src/imu_tilt_detection/install/imu_tilt_detection/lib/libimu_tilt_detection__rosidl_typesupport_fastrtps_cpp.so
-- Up-to-date: /home/gepopa/ros2_ws/src/imu_tilt_detection/install/imu_tilt_detection/include/imu_tilt_detection/imu_tilt_detection
-- Up-to-date: /home/gepopa/ros2_ws/src/imu_tilt_detection/install/imu_tilt_detection/include/imu_tilt_detection/imu_tilt_detection/msg
-- Up-to-date: /home/gepopa/ros2_ws/src/imu_tilt_detection/install/imu_tilt_detection/include/imu_tilt_detection/imu_tilt_detection/msg/rosidl_typesupport_introspection_c__visibility_control.h
-- Up-to-date: /home/gepopa/ros2_ws/src/imu_tilt_detection/install/imu_tilt_detection/include/imu_tilt_detection/imu_tilt_detection/msg/detail
-- Up-to-date: /home/gepopa/ros2_ws/src/imu_tilt_detection/install/imu_tilt_detection/include/imu_tilt_detection/imu_tilt_detection/msg/detail/tilt_status__type_support.c
-- Up-to-date: /home/gepopa/ros2_ws/src/imu_tilt_detection/install/imu_tilt_detection/include/imu_tilt_detection/imu_tilt_detection/msg/detail/tilt_status__rosidl_typesupport_introspection_c.h
-- Up-to-date: /home/gepopa/ros2_ws/src/imu_tilt_detection/install/imu_tilt_detection/lib/libimu_tilt_detection__rosidl_typesupport_introspection_c.so
-- Up-to-date: /home/gepopa/ros2_ws/src/imu_tilt_detection/install/imu_tilt_detection/lib/libimu_tilt_detection__rosidl_typesupport_c.so
-- Up-to-date: /home/gepopa/ros2_ws/src/imu_tilt_detection/install/imu_tilt_detection/include/imu_tilt_detection/imu_tilt_detection
-- Up-to-date: /home/gepopa/ros2_ws/src/imu_tilt_detection/install/imu_tilt_detection/include/imu_tilt_detection/imu_tilt_detection/msg
-- Up-to-date: /home/gepopa/ros2_ws/src/imu_tilt_detection/install/imu_tilt_detection/include/imu_tilt_detection/imu_tilt_detection/msg/detail
-- Up-to-date: /home/gepopa/ros2_ws/src/imu_tilt_detection/install/imu_tilt_detection/include/imu_tilt_detection/imu_tilt_detection/msg/detail/tilt_status__rosidl_typesupport_introspection_cpp.hpp
-- Up-to-date: /home/gepopa/ros2_ws/src/imu_tilt_detection/install/imu_tilt_detection/include/imu_tilt_detection/imu_tilt_detection/msg/detail/tilt_status__type_support.cpp
-- Up-to-date: /home/gepopa/ros2_ws/src/imu_tilt_detection/install/imu_tilt_detection/lib/libimu_tilt_detection__rosidl_typesupport_introspection_cpp.so
-- Up-to-date: /home/gepopa/ros2_ws/src/imu_tilt_detection/install/imu_tilt_detection/lib/libimu_tilt_detection__rosidl_typesupport_cpp.so
-- Up-to-date: /home/gepopa/ros2_ws/src/imu_tilt_detection/install/imu_tilt_detection/share/imu_tilt_detection/environment/pythonpath.sh
-- Up-to-date: /home/gepopa/ros2_ws/src/imu_tilt_detection/install/imu_tilt_detection/share/imu_tilt_detection/environment/pythonpath.dsv
-- Up-to-date: /home/gepopa/ros2_ws/src/imu_tilt_detection/install/imu_tilt_detection/lib/python3.10/site-packages/imu_tilt_detection-0.0.0-py3.10.egg-info
-- Installing: /home/gepopa/ros2_ws/src/imu_tilt_detection/install/imu_tilt_detection/lib/python3.10/site-packages/imu_tilt_detection-0.0.0-py3.10.egg-info/SOURCES.txt
-- Installing: /home/gepopa/ros2_ws/src/imu_tilt_detection/install/imu_tilt_detection/lib/python3.10/site-packages/imu_tilt_detection-0.0.0-py3.10.egg-info/dependency_links.txt
-- Installing: /home/gepopa/ros2_ws/src/imu_tilt_detection/install/imu_tilt_detection/lib/python3.10/site-packages/imu_tilt_detection-0.0.0-py3.10.egg-info/top_level.txt
-- Installing: /home/gepopa/ros2_ws/src/imu_tilt_detection/install/imu_tilt_detection/lib/python3.10/site-packages/imu_tilt_detection-0.0.0-py3.10.egg-info/PKG-INFO
-- Up-to-date: /home/gepopa/ros2_ws/src/imu_tilt_detection/install/imu_tilt_detection/lib/python3.10/site-packages/imu_tilt_detection
-- Up-to-date: /home/gepopa/ros2_ws/src/imu_tilt_detection/install/imu_tilt_detection/lib/python3.10/site-packages/imu_tilt_detection/imu_tilt_detection_s__rosidl_typesupport_fastrtps_c.cpython-310-x86_64-linux-gnu.so
-- Installing: /home/gepopa/ros2_ws/src/imu_tilt_detection/install/imu_tilt_detection/lib/python3.10/site-packages/imu_tilt_detection/__init__.py
-- Up-to-date: /home/gepopa/ros2_ws/src/imu_tilt_detection/install/imu_tilt_detection/lib/python3.10/site-packages/imu_tilt_detection/_imu_tilt_detection_s.ep.rosidl_typesupport_c.c
-- Up-to-date: /home/gepopa/ros2_ws/src/imu_tilt_detection/install/imu_tilt_detection/lib/python3.10/site-packages/imu_tilt_detection/_imu_tilt_detection_s.ep.rosidl_typesupport_introspection_c.c
-- Up-to-date: /home/gepopa/ros2_ws/src/imu_tilt_detection/install/imu_tilt_detection/lib/python3.10/site-packages/imu_tilt_detection/_imu_tilt_detection_s.ep.rosidl_typesupport_fastrtps_c.c
-- Up-to-date: /home/gepopa/ros2_ws/src/imu_tilt_detection/install/imu_tilt_detection/lib/python3.10/site-packages/imu_tilt_detection/imu_tilt_detection_s__rosidl_typesupport_c.cpython-310-x86_64-linux-gnu.so
-- Up-to-date: /home/gepopa/ros2_ws/src/imu_tilt_detection/install/imu_tilt_detection/lib/python3.10/site-packages/imu_tilt_detection/imu_tilt_detection_s__rosidl_typesupport_introspection_c.cpython-310-x86_64-linux-gnu.so
-- Up-to-date: /home/gepopa/ros2_ws/src/imu_tilt_detection/install/imu_tilt_detection/lib/python3.10/site-packages/imu_tilt_detection/libimu_tilt_detection__rosidl_generator_py.so
-- Up-to-date: /home/gepopa/ros2_ws/src/imu_tilt_detection/install/imu_tilt_detection/lib/python3.10/site-packages/imu_tilt_detection/msg
-- Up-to-date: /home/gepopa/ros2_ws/src/imu_tilt_detection/install/imu_tilt_detection/lib/python3.10/site-packages/imu_tilt_detection/msg/__init__.py
-- Up-to-date: /home/gepopa/ros2_ws/src/imu_tilt_detection/install/imu_tilt_detection/lib/python3.10/site-packages/imu_tilt_detection/msg/_tilt_status_s.c
-- Up-to-date: /home/gepopa/ros2_ws/src/imu_tilt_detection/install/imu_tilt_detection/lib/python3.10/site-packages/imu_tilt_detection/msg/_tilt_status.py
Listing '/home/gepopa/ros2_ws/src/imu_tilt_detection/install/imu_tilt_detection/lib/python3.10/site-packages/imu_tilt_detection'...
Compiling '/home/gepopa/ros2_ws/src/imu_tilt_detection/install/imu_tilt_detection/lib/python3.10/site-packages/imu_tilt_detection/__init__.py'...
Listing '/home/gepopa/ros2_ws/src/imu_tilt_detection/install/imu_tilt_detection/lib/python3.10/site-packages/imu_tilt_detection/msg'...
-- Up-to-date: /home/gepopa/ros2_ws/src/imu_tilt_detection/install/imu_tilt_detection/lib/python3.10/site-packages/imu_tilt_detection/imu_tilt_detection_s__rosidl_typesupport_fastrtps_c.cpython-310-x86_64-linux-gnu.so
-- Up-to-date: /home/gepopa/ros2_ws/src/imu_tilt_detection/install/imu_tilt_detection/lib/python3.10/site-packages/imu_tilt_detection/imu_tilt_detection_s__rosidl_typesupport_introspection_c.cpython-310-x86_64-linux-gnu.so
-- Up-to-date: /home/gepopa/ros2_ws/src/imu_tilt_detection/install/imu_tilt_detection/lib/python3.10/site-packages/imu_tilt_detection/imu_tilt_detection_s__rosidl_typesupport_c.cpython-310-x86_64-linux-gnu.so
-- Up-to-date: /home/gepopa/ros2_ws/src/imu_tilt_detection/install/imu_tilt_detection/lib/libimu_tilt_detection__rosidl_generator_py.so
-- Up-to-date: /home/gepopa/ros2_ws/src/imu_tilt_detection/install/imu_tilt_detection/share/imu_tilt_detection/msg/TiltStatus.idl
-- Up-to-date: /home/gepopa/ros2_ws/src/imu_tilt_detection/install/imu_tilt_detection/share/imu_tilt_detection/msg/TiltStatus.msg
-- Up-to-date: /home/gepopa/ros2_ws/src/imu_tilt_detection/install/imu_tilt_detection/lib/imu_tilt_detection/tilt_publisher
-- Installing: /home/gepopa/ros2_ws/src/imu_tilt_detection/install/imu_tilt_detection/share/ament_index/resource_index/package_run_dependencies/imu_tilt_detection
-- Installing: /home/gepopa/ros2_ws/src/imu_tilt_detection/install/imu_tilt_detection/share/ament_index/resource_index/parent_prefix_path/imu_tilt_detection
-- Up-to-date: /home/gepopa/ros2_ws/src/imu_tilt_detection/install/imu_tilt_detection/share/imu_tilt_detection/environment/ament_prefix_path.sh
-- Up-to-date: /home/gepopa/ros2_ws/src/imu_tilt_detection/install/imu_tilt_detection/share/imu_tilt_detection/environment/ament_prefix_path.dsv
-- Up-to-date: /home/gepopa/ros2_ws/src/imu_tilt_detection/install/imu_tilt_detection/share/imu_tilt_detection/environment/path.sh
-- Up-to-date: /home/gepopa/ros2_ws/src/imu_tilt_detection/install/imu_tilt_detection/share/imu_tilt_detection/environment/path.dsv
-- Up-to-date: /home/gepopa/ros2_ws/src/imu_tilt_detection/install/imu_tilt_detection/share/imu_tilt_detection/local_setup.bash
-- Up-to-date: /home/gepopa/ros2_ws/src/imu_tilt_detection/install/imu_tilt_detection/share/imu_tilt_detection/local_setup.sh
-- Up-to-date: /home/gepopa/ros2_ws/src/imu_tilt_detection/install/imu_tilt_detection/share/imu_tilt_detection/local_setup.zsh
-- Up-to-date: /home/gepopa/ros2_ws/src/imu_tilt_detection/install/imu_tilt_detection/share/imu_tilt_detection/local_setup.dsv
-- Installing: /home/gepopa/ros2_ws/src/imu_tilt_detection/install/imu_tilt_detection/share/imu_tilt_detection/package.dsv
-- Up-to-date: /home/gepopa/ros2_ws/src/imu_tilt_detection/install/imu_tilt_detection/share/ament_index/resource_index/packages/imu_tilt_detection
-- Up-to-date: /home/gepopa/ros2_ws/src/imu_tilt_detection/install/imu_tilt_detection/share/imu_tilt_detection/cmake/export_imu_tilt_detection__rosidl_generator_cExport.cmake
-- Up-to-date: /home/gepopa/ros2_ws/src/imu_tilt_detection/install/imu_tilt_detection/share/imu_tilt_detection/cmake/export_imu_tilt_detection__rosidl_generator_cExport-noconfig.cmake
-- Up-to-date: /home/gepopa/ros2_ws/src/imu_tilt_detection/install/imu_tilt_detection/share/imu_tilt_detection/cmake/export_imu_tilt_detection__rosidl_typesupport_fastrtps_cExport.cmake
-- Up-to-date: /home/gepopa/ros2_ws/src/imu_tilt_detection/install/imu_tilt_detection/share/imu_tilt_detection/cmake/export_imu_tilt_detection__rosidl_typesupport_fastrtps_cExport-noconfig.cmake
-- Up-to-date: /home/gepopa/ros2_ws/src/imu_tilt_detection/install/imu_tilt_detection/share/imu_tilt_detection/cmake/export_imu_tilt_detection__rosidl_generator_cppExport.cmake
-- Up-to-date: /home/gepopa/ros2_ws/src/imu_tilt_detection/install/imu_tilt_detection/share/imu_tilt_detection/cmake/export_imu_tilt_detection__rosidl_typesupport_fastrtps_cppExport.cmake
-- Up-to-date: /home/gepopa/ros2_ws/src/imu_tilt_detection/install/imu_tilt_detection/share/imu_tilt_detection/cmake/export_imu_tilt_detection__rosidl_typesupport_fastrtps_cppExport-noconfig.cmake
-- Up-to-date: /home/gepopa/ros2_ws/src/imu_tilt_detection/install/imu_tilt_detection/share/imu_tilt_detection/cmake/imu_tilt_detection__rosidl_typesupport_introspection_cExport.cmake
-- Up-to-date: /home/gepopa/ros2_ws/src/imu_tilt_detection/install/imu_tilt_detection/share/imu_tilt_detection/cmake/imu_tilt_detection__rosidl_typesupport_introspection_cExport-noconfig.cmake
-- Up-to-date: /home/gepopa/ros2_ws/src/imu_tilt_detection/install/imu_tilt_detection/share/imu_tilt_detection/cmake/imu_tilt_detection__rosidl_typesupport_cExport.cmake
-- Up-to-date: /home/gepopa/ros2_ws/src/imu_tilt_detection/install/imu_tilt_detection/share/imu_tilt_detection/cmake/imu_tilt_detection__rosidl_typesupport_cExport-noconfig.cmake
-- Up-to-date: /home/gepopa/ros2_ws/src/imu_tilt_detection/install/imu_tilt_detection/share/imu_tilt_detection/cmake/imu_tilt_detection__rosidl_typesupport_introspection_cppExport.cmake
-- Up-to-date: /home/gepopa/ros2_ws/src/imu_tilt_detection/install/imu_tilt_detection/share/imu_tilt_detection/cmake/imu_tilt_detection__rosidl_typesupport_introspection_cppExport-noconfig.cmake
-- Up-to-date: /home/gepopa/ros2_ws/src/imu_tilt_detection/install/imu_tilt_detection/share/imu_tilt_detection/cmake/imu_tilt_detection__rosidl_typesupport_cppExport.cmake
-- Up-to-date: /home/gepopa/ros2_ws/src/imu_tilt_detection/install/imu_tilt_detection/share/imu_tilt_detection/cmake/imu_tilt_detection__rosidl_typesupport_cppExport-noconfig.cmake
-- Up-to-date: /home/gepopa/ros2_ws/src/imu_tilt_detection/install/imu_tilt_detection/share/imu_tilt_detection/cmake/export_imu_tilt_detection__rosidl_generator_pyExport.cmake
-- Up-to-date: /home/gepopa/ros2_ws/src/imu_tilt_detection/install/imu_tilt_detection/share/imu_tilt_detection/cmake/export_imu_tilt_detection__rosidl_generator_pyExport-noconfig.cmake
-- Up-to-date: /home/gepopa/ros2_ws/src/imu_tilt_detection/install/imu_tilt_detection/share/imu_tilt_detection/cmake/rosidl_cmake-extras.cmake
-- Up-to-date: /home/gepopa/ros2_ws/src/imu_tilt_detection/install/imu_tilt_detection/share/imu_tilt_detection/cmake/ament_cmake_export_dependencies-extras.cmake
-- Up-to-date: /home/gepopa/ros2_ws/src/imu_tilt_detection/install/imu_tilt_detection/share/imu_tilt_detection/cmake/ament_cmake_export_include_directories-extras.cmake
-- Up-to-date: /home/gepopa/ros2_ws/src/imu_tilt_detection/install/imu_tilt_detection/share/imu_tilt_detection/cmake/ament_cmake_export_libraries-extras.cmake
-- Up-to-date: /home/gepopa/ros2_ws/src/imu_tilt_detection/install/imu_tilt_detection/share/imu_tilt_detection/cmake/ament_cmake_export_targets-extras.cmake
-- Up-to-date: /home/gepopa/ros2_ws/src/imu_tilt_detection/install/imu_tilt_detection/share/imu_tilt_detection/cmake/rosidl_cmake_export_typesupport_targets-extras.cmake
-- Up-to-date: /home/gepopa/ros2_ws/src/imu_tilt_detection/install/imu_tilt_detection/share/imu_tilt_detection/cmake/rosidl_cmake_export_typesupport_libraries-extras.cmake
-- Up-to-date: /home/gepopa/ros2_ws/src/imu_tilt_detection/install/imu_tilt_detection/share/imu_tilt_detection/cmake/imu_tilt_detectionConfig.cmake
-- Up-to-date: /home/gepopa/ros2_ws/src/imu_tilt_detection/install/imu_tilt_detection/share/imu_tilt_detection/cmake/imu_tilt_detectionConfig-version.cmake
-- Installing: /home/gepopa/ros2_ws/src/imu_tilt_detection/install/imu_tilt_detection/share/imu_tilt_detection/package.xml
