[  2%] Built target imu_tilt_detection__rosidl_generator_type_description
[  6%] Built target gtest_main
[ 11%] Built target gtest
[ 11%] Built target ament_cmake_python_copy_imu_tilt_detection
[35m[1mConsolidate compiler generated dependencies of target imu_tilt_detection_tilt_detector_test[0m
[ 13%] Built target imu_tilt_detection__cpp
[ 25%] Built target imu_tilt_detection__rosidl_generator_c
[ 27%] [32mBuilding CXX object CMakeFiles/imu_tilt_detection_tilt_detector_test.dir/test/tilt_detector_test.cpp.o[0m
[ 34%] Built target imu_tilt_detection__rosidl_typesupport_fastrtps_c
[ 41%] Built target imu_tilt_detection__rosidl_typesupport_introspection_c
[ 48%] Built target imu_tilt_detection__rosidl_typesupport_fastrtps_cpp
[ 55%] Built target imu_tilt_detection__rosidl_typesupport_cpp
[ 62%] Built target imu_tilt_detection__rosidl_typesupport_introspection_cpp
[ 69%] Built target imu_tilt_detection__rosidl_typesupport_c
[ 69%] Built target imu_tilt_detection
[ 76%] Built target tilt_publisher
[ 79%] Built target imu_tilt_detection__py
[ 83%] Built target imu_tilt_detection__rosidl_generator_py
[ 93%] Built target imu_tilt_detection__rosidl_typesupport_c__pyext
[ 93%] Built target imu_tilt_detection__rosidl_typesupport_introspection_c__pyext
[ 97%] Built target imu_tilt_detection__rosidl_typesupport_fastrtps_c__pyext
running egg_info
writing imu_tilt_detection.egg-info/PKG-INFO
writing dependency_links to imu_tilt_detection.egg-info/dependency_links.txt
writing top-level names to imu_tilt_detection.egg-info/top_level.txt
reading manifest file 'imu_tilt_detection.egg-info/SOURCES.txt'
writing manifest file 'imu_tilt_detection.egg-info/SOURCES.txt'
[ 97%] Built target ament_cmake_python_build_imu_tilt_detection_egg
[01m[K/home/gepopa/ros2_ws/src/imu_tilt_detection/test/tilt_detector_test.cpp:7:5:[m[K [01;31m[Kerror: [m[Knon-static data member declared with placeholder ‘[01m[Kauto[m[K’
    7 |     [01;31m[Kauto[m[K tilt_detector = TiltDetector(nb_values_for_mean, tilt_threshold_deg);
      |     [01;31m[K^~~~[m[K
[01m[K/home/gepopa/ros2_ws/src/imu_tilt_detection/test/tilt_detector_test.cpp:[m[K In member function ‘[01m[Kvirtual void GIVEN_roll_tilt_higher_than_threshold_WHEN_compute_tilt_status_from_acceleration_THEN_return_expected_tilt_status_Test::TestBody()[m[K’:
[01m[K/home/gepopa/ros2_ws/src/imu_tilt_detection/test/tilt_detector_test.cpp:19:69:[m[K [01;31m[Kerror: [m[K‘[01m[Kx[m[K’ was not declared in this scope
   19 |   bool status = tilt_detector.compute_tilt_status_from_acceleration([01;31m[Kx[m[K,y,z);
      |                                                                     [01;31m[K^[m[K
[01m[K/home/gepopa/ros2_ws/src/imu_tilt_detection/test/tilt_detector_test.cpp:19:71:[m[K [01;31m[Kerror: [m[K‘[01m[Ky[m[K’ was not declared in this scope
   19 |   bool status = tilt_detector.compute_tilt_status_from_acceleration(x,[01;31m[Ky[m[K,z);
      |                                                                       [01;31m[K^[m[K
[01m[K/home/gepopa/ros2_ws/src/imu_tilt_detection/test/tilt_detector_test.cpp:19:73:[m[K [01;31m[Kerror: [m[K‘[01m[Kz[m[K’ was not declared in this scope
   19 |   bool status = tilt_detector.compute_tilt_status_from_acceleration(x,y,[01;31m[Kz[m[K);
      |                                                                         [01;31m[K^[m[K
gmake[2]: *** [CMakeFiles/imu_tilt_detection_tilt_detector_test.dir/build.make:76: CMakeFiles/imu_tilt_detection_tilt_detector_test.dir/test/tilt_detector_test.cpp.o] Error 1
gmake[1]: *** [CMakeFiles/Makefile2:673: CMakeFiles/imu_tilt_detection_tilt_detector_test.dir/all] Error 2
gmake: *** [Makefile:146: all] Error 2
