[0.012s] Invoking command in '/home/gepopa/ros2_ws/src/imu_tilt_detection/build/imu_tilt_detection': CMAKE_PREFIX_PATH=${CMAKE_PREFIX_PATH}:/opt/ros/iron /usr/bin/cmake --build /home/gepopa/ros2_ws/src/imu_tilt_detection/build/imu_tilt_detection -- -j12 -l12
[0.054s] [  2%] Built target imu_tilt_detection__rosidl_generator_type_description
[0.056s] [  6%] Built target gtest_main
[0.056s] [ 11%] Built target gtest
[0.062s] [ 11%] Built target ament_cmake_python_copy_imu_tilt_detection
[0.065s] [35m[1mConsolidate compiler generated dependencies of target imu_tilt_detection_tilt_detector_test[0m
[0.071s] [ 13%] Built target imu_tilt_detection__cpp
[0.072s] [ 25%] Built target imu_tilt_detection__rosidl_generator_c
[0.076s] [ 27%] [32mBuilding CXX object CMakeFiles/imu_tilt_detection_tilt_detector_test.dir/test/tilt_detector_test.cpp.o[0m
[0.092s] [ 34%] Built target imu_tilt_detection__rosidl_typesupport_fastrtps_c
[0.093s] [ 41%] Built target imu_tilt_detection__rosidl_typesupport_introspection_c
[0.093s] [ 48%] Built target imu_tilt_detection__rosidl_typesupport_fastrtps_cpp
[0.094s] [ 55%] Built target imu_tilt_detection__rosidl_typesupport_cpp
[0.096s] [ 62%] Built target imu_tilt_detection__rosidl_typesupport_introspection_cpp
[0.097s] [ 69%] Built target imu_tilt_detection__rosidl_typesupport_c
[0.113s] [ 69%] Built target imu_tilt_detection
[0.116s] [ 76%] Built target tilt_publisher
[0.132s] [ 79%] Built target imu_tilt_detection__py
[0.151s] [ 83%] Built target imu_tilt_detection__rosidl_generator_py
[0.170s] [ 93%] Built target imu_tilt_detection__rosidl_typesupport_c__pyext
[0.170s] [ 93%] Built target imu_tilt_detection__rosidl_typesupport_introspection_c__pyext
[0.170s] [ 97%] Built target imu_tilt_detection__rosidl_typesupport_fastrtps_c__pyext
[0.280s] running egg_info
[0.280s] writing imu_tilt_detection.egg-info/PKG-INFO
[0.280s] writing dependency_links to imu_tilt_detection.egg-info/dependency_links.txt
[0.281s] writing top-level names to imu_tilt_detection.egg-info/top_level.txt
[0.282s] reading manifest file 'imu_tilt_detection.egg-info/SOURCES.txt'
[0.283s] writing manifest file 'imu_tilt_detection.egg-info/SOURCES.txt'
[0.302s] [ 97%] Built target ament_cmake_python_build_imu_tilt_detection_egg
[0.746s] [01m[K/home/gepopa/ros2_ws/src/imu_tilt_detection/test/tilt_detector_test.cpp:7:5:[m[K [01;31m[Kerror: [m[Knon-static data member declared with placeholder ‘[01m[Kauto[m[K’
[0.746s]     7 |     [01;31m[Kauto[m[K tilt_detector = TiltDetector(nb_values_for_mean, tilt_threshold_deg);
[0.746s]       |     [01;31m[K^~~~[m[K
[0.749s] [01m[K/home/gepopa/ros2_ws/src/imu_tilt_detection/test/tilt_detector_test.cpp:[m[K In member function ‘[01m[Kvirtual void GIVEN_roll_tilt_higher_than_threshold_WHEN_compute_tilt_status_from_acceleration_THEN_return_expected_tilt_status_Test::TestBody()[m[K’:
[0.749s] [01m[K/home/gepopa/ros2_ws/src/imu_tilt_detection/test/tilt_detector_test.cpp:19:69:[m[K [01;31m[Kerror: [m[K‘[01m[Kx[m[K’ was not declared in this scope
[0.749s]    19 |   bool status = tilt_detector.compute_tilt_status_from_acceleration([01;31m[Kx[m[K,y,z);
[0.749s]       |                                                                     [01;31m[K^[m[K
[0.751s] [01m[K/home/gepopa/ros2_ws/src/imu_tilt_detection/test/tilt_detector_test.cpp:19:71:[m[K [01;31m[Kerror: [m[K‘[01m[Ky[m[K’ was not declared in this scope
[0.751s]    19 |   bool status = tilt_detector.compute_tilt_status_from_acceleration(x,[01;31m[Ky[m[K,z);
[0.751s]       |                                                                       [01;31m[K^[m[K
[0.753s] [01m[K/home/gepopa/ros2_ws/src/imu_tilt_detection/test/tilt_detector_test.cpp:19:73:[m[K [01;31m[Kerror: [m[K‘[01m[Kz[m[K’ was not declared in this scope
[0.753s]    19 |   bool status = tilt_detector.compute_tilt_status_from_acceleration(x,y,[01;31m[Kz[m[K);
[0.753s]       |                                                                         [01;31m[K^[m[K
[0.835s] gmake[2]: *** [CMakeFiles/imu_tilt_detection_tilt_detector_test.dir/build.make:76: CMakeFiles/imu_tilt_detection_tilt_detector_test.dir/test/tilt_detector_test.cpp.o] Error 1
[0.835s] gmake[1]: *** [CMakeFiles/Makefile2:673: CMakeFiles/imu_tilt_detection_tilt_detector_test.dir/all] Error 2
[0.835s] gmake: *** [Makefile:146: all] Error 2
[0.837s] Invoked command in '/home/gepopa/ros2_ws/src/imu_tilt_detection/build/imu_tilt_detection' returned '2': CMAKE_PREFIX_PATH=${CMAKE_PREFIX_PATH}:/opt/ros/iron /usr/bin/cmake --build /home/gepopa/ros2_ws/src/imu_tilt_detection/build/imu_tilt_detection -- -j12 -l12
