[0.011s] Invoking command in '/home/gepopa/ros2_ws/src/imu_tilt_detection/build/imu_tilt_detection': CMAKE_PREFIX_PATH=${CMAKE_PREFIX_PATH}:/opt/ros/iron /usr/bin/cmake --build /home/gepopa/ros2_ws/src/imu_tilt_detection/build/imu_tilt_detection -- -j12 -l12
[0.049s] [  2%] Built target imu_tilt_detection__rosidl_generator_type_description
[0.057s] [  2%] Built target ament_cmake_python_copy_imu_tilt_detection
[0.065s] [  5%] Built target imu_tilt_detection__cpp
[0.067s] [ 19%] Built target imu_tilt_detection__rosidl_generator_c
[0.086s] [ 52%] Built target imu_tilt_detection__rosidl_typesupport_c
[0.086s] [ 52%] Built target imu_tilt_detection__rosidl_typesupport_fastrtps_c
[0.086s] [ 52%] Built target imu_tilt_detection__rosidl_typesupport_introspection_c
[0.086s] [ 52%] Built target imu_tilt_detection__rosidl_typesupport_fastrtps_cpp
[0.087s] [ 61%] Built target imu_tilt_detection__rosidl_typesupport_cpp
[0.092s] [ 69%] Built target imu_tilt_detection__rosidl_typesupport_introspection_cpp
[0.097s] [35m[1mConsolidate compiler generated dependencies of target tilt_publisher[0m
[0.108s] [ 69%] Built target imu_tilt_detection
[0.113s] [ 75%] Built target tilt_publisher
[0.125s] [ 77%] Built target imu_tilt_detection__py
[0.143s] [ 83%] Built target imu_tilt_detection__rosidl_generator_py
[0.164s] [100%] Built target imu_tilt_detection__rosidl_typesupport_fastrtps_c__pyext
[0.164s] [100%] Built target imu_tilt_detection__rosidl_typesupport_c__pyext
[0.164s] [100%] Built target imu_tilt_detection__rosidl_typesupport_introspection_c__pyext
[0.273s] running egg_info
[0.274s] writing imu_tilt_detection.egg-info/PKG-INFO
[0.274s] writing dependency_links to imu_tilt_detection.egg-info/dependency_links.txt
[0.274s] writing top-level names to imu_tilt_detection.egg-info/top_level.txt
[0.276s] reading manifest file 'imu_tilt_detection.egg-info/SOURCES.txt'
[0.276s] writing manifest file 'imu_tilt_detection.egg-info/SOURCES.txt'
[0.296s] [100%] Built target ament_cmake_python_build_imu_tilt_detection_egg
[0.305s] Invoked command in '/home/gepopa/ros2_ws/src/imu_tilt_detection/build/imu_tilt_detection' returned '0': CMAKE_PREFIX_PATH=${CMAKE_PREFIX_PATH}:/opt/ros/iron /usr/bin/cmake --build /home/gepopa/ros2_ws/src/imu_tilt_detection/build/imu_tilt_detection -- -j12 -l12
[0.369s] Invoking command in '/home/gepopa/ros2_ws/src/imu_tilt_detection/build/imu_tilt_detection': CMAKE_PREFIX_PATH=${CMAKE_PREFIX_PATH}:/opt/ros/iron /usr/bin/cmake --install /home/gepopa/ros2_ws/src/imu_tilt_detection/build/imu_tilt_detection
[0.376s] -- Install configuration: ""
[0.377s] -- Up-to-date: /home/gepopa/ros2_ws/src/imu_tilt_detection/install/imu_tilt_detection/share/ament_index/resource_index/rosidl_interfaces/imu_tilt_detection
[0.377s] -- Up-to-date: /home/gepopa/ros2_ws/src/imu_tilt_detection/install/imu_tilt_detection/share/imu_tilt_detection/msg/TiltStatus.json
[0.377s] -- Up-to-date: /home/gepopa/ros2_ws/src/imu_tilt_detection/install/imu_tilt_detection/include/imu_tilt_detection/imu_tilt_detection
[0.377s] -- Up-to-date: /home/gepopa/ros2_ws/src/imu_tilt_detection/install/imu_tilt_detection/include/imu_tilt_detection/imu_tilt_detection/msg
[0.377s] -- Up-to-date: /home/gepopa/ros2_ws/src/imu_tilt_detection/install/imu_tilt_detection/include/imu_tilt_detection/imu_tilt_detection/msg/rosidl_generator_c__visibility_control.h
[0.377s] -- Up-to-date: /home/gepopa/ros2_ws/src/imu_tilt_detection/install/imu_tilt_detection/include/imu_tilt_detection/imu_tilt_detection/msg/detail
[0.377s] -- Up-to-date: /home/gepopa/ros2_ws/src/imu_tilt_detection/install/imu_tilt_detection/include/imu_tilt_detection/imu_tilt_detection/msg/detail/tilt_status__type_support.c
[0.377s] -- Up-to-date: /home/gepopa/ros2_ws/src/imu_tilt_detection/install/imu_tilt_detection/include/imu_tilt_detection/imu_tilt_detection/msg/detail/tilt_status__struct.h
[0.377s] -- Up-to-date: /home/gepopa/ros2_ws/src/imu_tilt_detection/install/imu_tilt_detection/include/imu_tilt_detection/imu_tilt_detection/msg/detail/tilt_status__type_support.h
[0.377s] -- Up-to-date: /home/gepopa/ros2_ws/src/imu_tilt_detection/install/imu_tilt_detection/include/imu_tilt_detection/imu_tilt_detection/msg/detail/tilt_status__functions.c
[0.378s] -- Up-to-date: /home/gepopa/ros2_ws/src/imu_tilt_detection/install/imu_tilt_detection/include/imu_tilt_detection/imu_tilt_detection/msg/detail/tilt_status__description.c
[0.378s] -- Up-to-date: /home/gepopa/ros2_ws/src/imu_tilt_detection/install/imu_tilt_detection/include/imu_tilt_detection/imu_tilt_detection/msg/detail/tilt_status__functions.h
[0.378s] -- Up-to-date: /home/gepopa/ros2_ws/src/imu_tilt_detection/install/imu_tilt_detection/include/imu_tilt_detection/imu_tilt_detection/msg/tilt_status.h
[0.378s] -- Up-to-date: /home/gepopa/ros2_ws/src/imu_tilt_detection/install/imu_tilt_detection/share/imu_tilt_detection/environment/library_path.sh
[0.378s] -- Up-to-date: /home/gepopa/ros2_ws/src/imu_tilt_detection/install/imu_tilt_detection/share/imu_tilt_detection/environment/library_path.dsv
[0.378s] -- Up-to-date: /home/gepopa/ros2_ws/src/imu_tilt_detection/install/imu_tilt_detection/lib/libimu_tilt_detection__rosidl_generator_c.so
[0.379s] -- Up-to-date: /home/gepopa/ros2_ws/src/imu_tilt_detection/install/imu_tilt_detection/include/imu_tilt_detection/imu_tilt_detection
[0.379s] -- Up-to-date: /home/gepopa/ros2_ws/src/imu_tilt_detection/install/imu_tilt_detection/include/imu_tilt_detection/imu_tilt_detection/msg
[0.379s] -- Up-to-date: /home/gepopa/ros2_ws/src/imu_tilt_detection/install/imu_tilt_detection/include/imu_tilt_detection/imu_tilt_detection/msg/rosidl_typesupport_fastrtps_c__visibility_control.h
[0.379s] -- Up-to-date: /home/gepopa/ros2_ws/src/imu_tilt_detection/install/imu_tilt_detection/include/imu_tilt_detection/imu_tilt_detection/msg/detail
[0.379s] -- Up-to-date: /home/gepopa/ros2_ws/src/imu_tilt_detection/install/imu_tilt_detection/include/imu_tilt_detection/imu_tilt_detection/msg/detail/tilt_status__rosidl_typesupport_fastrtps_c.h
[0.379s] -- Up-to-date: /home/gepopa/ros2_ws/src/imu_tilt_detection/install/imu_tilt_detection/lib/libimu_tilt_detection__rosidl_typesupport_fastrtps_c.so
[0.380s] -- Up-to-date: /home/gepopa/ros2_ws/src/imu_tilt_detection/install/imu_tilt_detection/include/imu_tilt_detection/imu_tilt_detection
[0.380s] -- Up-to-date: /home/gepopa/ros2_ws/src/imu_tilt_detection/install/imu_tilt_detection/include/imu_tilt_detection/imu_tilt_detection/msg
[0.380s] -- Up-to-date: /home/gepopa/ros2_ws/src/imu_tilt_detection/install/imu_tilt_detection/include/imu_tilt_detection/imu_tilt_detection/msg/detail
[0.380s] -- Up-to-date: /home/gepopa/ros2_ws/src/imu_tilt_detection/install/imu_tilt_detection/include/imu_tilt_detection/imu_tilt_detection/msg/detail/tilt_status__traits.hpp
[0.380s] -- Up-to-date: /home/gepopa/ros2_ws/src/imu_tilt_detection/install/imu_tilt_detection/include/imu_tilt_detection/imu_tilt_detection/msg/detail/tilt_status__struct.hpp
[0.380s] -- Up-to-date: /home/gepopa/ros2_ws/src/imu_tilt_detection/install/imu_tilt_detection/include/imu_tilt_detection/imu_tilt_detection/msg/detail/tilt_status__builder.hpp
[0.380s] -- Up-to-date: /home/gepopa/ros2_ws/src/imu_tilt_detection/install/imu_tilt_detection/include/imu_tilt_detection/imu_tilt_detection/msg/tilt_status.hpp
[0.381s] -- Up-to-date: /home/gepopa/ros2_ws/src/imu_tilt_detection/install/imu_tilt_detection/include/imu_tilt_detection/imu_tilt_detection
[0.381s] -- Up-to-date: /home/gepopa/ros2_ws/src/imu_tilt_detection/install/imu_tilt_detection/include/imu_tilt_detection/imu_tilt_detection/msg
[0.381s] -- Up-to-date: /home/gepopa/ros2_ws/src/imu_tilt_detection/install/imu_tilt_detection/include/imu_tilt_detection/imu_tilt_detection/msg/rosidl_typesupport_fastrtps_cpp__visibility_control.h
[0.381s] -- Up-to-date: /home/gepopa/ros2_ws/src/imu_tilt_detection/install/imu_tilt_detection/include/imu_tilt_detection/imu_tilt_detection/msg/detail
[0.381s] -- Up-to-date: /home/gepopa/ros2_ws/src/imu_tilt_detection/install/imu_tilt_detection/include/imu_tilt_detection/imu_tilt_detection/msg/detail/tilt_status__rosidl_typesupport_fastrtps_cpp.hpp
[0.381s] -- Up-to-date: /home/gepopa/ros2_ws/src/imu_tilt_detection/install/imu_tilt_detection/include/imu_tilt_detection/imu_tilt_detection/msg/detail/dds_fastrtps
[0.381s] -- Up-to-date: /home/gepopa/ros2_ws/src/imu_tilt_detection/install/imu_tilt_detection/lib/libimu_tilt_detection__rosidl_typesupport_fastrtps_cpp.so
[0.382s] -- Up-to-date: /home/gepopa/ros2_ws/src/imu_tilt_detection/install/imu_tilt_detection/include/imu_tilt_detection/imu_tilt_detection
[0.382s] -- Up-to-date: /home/gepopa/ros2_ws/src/imu_tilt_detection/install/imu_tilt_detection/include/imu_tilt_detection/imu_tilt_detection/msg
[0.382s] -- Up-to-date: /home/gepopa/ros2_ws/src/imu_tilt_detection/install/imu_tilt_detection/include/imu_tilt_detection/imu_tilt_detection/msg/rosidl_typesupport_introspection_c__visibility_control.h
[0.382s] -- Up-to-date: /home/gepopa/ros2_ws/src/imu_tilt_detection/install/imu_tilt_detection/include/imu_tilt_detection/imu_tilt_detection/msg/detail
[0.382s] -- Up-to-date: /home/gepopa/ros2_ws/src/imu_tilt_detection/install/imu_tilt_detection/include/imu_tilt_detection/imu_tilt_detection/msg/detail/tilt_status__type_support.c
[0.382s] -- Up-to-date: /home/gepopa/ros2_ws/src/imu_tilt_detection/install/imu_tilt_detection/include/imu_tilt_detection/imu_tilt_detection/msg/detail/tilt_status__rosidl_typesupport_introspection_c.h
[0.383s] -- Up-to-date: /home/gepopa/ros2_ws/src/imu_tilt_detection/install/imu_tilt_detection/lib/libimu_tilt_detection__rosidl_typesupport_introspection_c.so
[0.383s] -- Up-to-date: /home/gepopa/ros2_ws/src/imu_tilt_detection/install/imu_tilt_detection/lib/libimu_tilt_detection__rosidl_typesupport_c.so
[0.383s] -- Up-to-date: /home/gepopa/ros2_ws/src/imu_tilt_detection/install/imu_tilt_detection/include/imu_tilt_detection/imu_tilt_detection
[0.383s] -- Up-to-date: /home/gepopa/ros2_ws/src/imu_tilt_detection/install/imu_tilt_detection/include/imu_tilt_detection/imu_tilt_detection/msg
[0.383s] -- Up-to-date: /home/gepopa/ros2_ws/src/imu_tilt_detection/install/imu_tilt_detection/include/imu_tilt_detection/imu_tilt_detection/msg/detail
[0.383s] -- Up-to-date: /home/gepopa/ros2_ws/src/imu_tilt_detection/install/imu_tilt_detection/include/imu_tilt_detection/imu_tilt_detection/msg/detail/tilt_status__rosidl_typesupport_introspection_cpp.hpp
[0.383s] -- Up-to-date: /home/gepopa/ros2_ws/src/imu_tilt_detection/install/imu_tilt_detection/include/imu_tilt_detection/imu_tilt_detection/msg/detail/tilt_status__type_support.cpp
[0.383s] -- Up-to-date: /home/gepopa/ros2_ws/src/imu_tilt_detection/install/imu_tilt_detection/lib/libimu_tilt_detection__rosidl_typesupport_introspection_cpp.so
[0.383s] -- Up-to-date: /home/gepopa/ros2_ws/src/imu_tilt_detection/install/imu_tilt_detection/lib/libimu_tilt_detection__rosidl_typesupport_cpp.so
[0.383s] -- Up-to-date: /home/gepopa/ros2_ws/src/imu_tilt_detection/install/imu_tilt_detection/share/imu_tilt_detection/environment/pythonpath.sh
[0.383s] -- Up-to-date: /home/gepopa/ros2_ws/src/imu_tilt_detection/install/imu_tilt_detection/share/imu_tilt_detection/environment/pythonpath.dsv
[0.383s] -- Up-to-date: /home/gepopa/ros2_ws/src/imu_tilt_detection/install/imu_tilt_detection/lib/python3.10/site-packages/imu_tilt_detection-0.0.0-py3.10.egg-info
[0.384s] -- Installing: /home/gepopa/ros2_ws/src/imu_tilt_detection/install/imu_tilt_detection/lib/python3.10/site-packages/imu_tilt_detection-0.0.0-py3.10.egg-info/SOURCES.txt
[0.384s] -- Installing: /home/gepopa/ros2_ws/src/imu_tilt_detection/install/imu_tilt_detection/lib/python3.10/site-packages/imu_tilt_detection-0.0.0-py3.10.egg-info/dependency_links.txt
[0.384s] -- Installing: /home/gepopa/ros2_ws/src/imu_tilt_detection/install/imu_tilt_detection/lib/python3.10/site-packages/imu_tilt_detection-0.0.0-py3.10.egg-info/top_level.txt
[0.384s] -- Installing: /home/gepopa/ros2_ws/src/imu_tilt_detection/install/imu_tilt_detection/lib/python3.10/site-packages/imu_tilt_detection-0.0.0-py3.10.egg-info/PKG-INFO
[0.384s] -- Up-to-date: /home/gepopa/ros2_ws/src/imu_tilt_detection/install/imu_tilt_detection/lib/python3.10/site-packages/imu_tilt_detection
[0.384s] -- Up-to-date: /home/gepopa/ros2_ws/src/imu_tilt_detection/install/imu_tilt_detection/lib/python3.10/site-packages/imu_tilt_detection/imu_tilt_detection_s__rosidl_typesupport_fastrtps_c.cpython-310-x86_64-linux-gnu.so
[0.384s] -- Up-to-date: /home/gepopa/ros2_ws/src/imu_tilt_detection/install/imu_tilt_detection/lib/python3.10/site-packages/imu_tilt_detection/__init__.py
[0.384s] -- Up-to-date: /home/gepopa/ros2_ws/src/imu_tilt_detection/install/imu_tilt_detection/lib/python3.10/site-packages/imu_tilt_detection/_imu_tilt_detection_s.ep.rosidl_typesupport_c.c
[0.384s] -- Up-to-date: /home/gepopa/ros2_ws/src/imu_tilt_detection/install/imu_tilt_detection/lib/python3.10/site-packages/imu_tilt_detection/_imu_tilt_detection_s.ep.rosidl_typesupport_introspection_c.c
[0.384s] -- Up-to-date: /home/gepopa/ros2_ws/src/imu_tilt_detection/install/imu_tilt_detection/lib/python3.10/site-packages/imu_tilt_detection/_imu_tilt_detection_s.ep.rosidl_typesupport_fastrtps_c.c
[0.384s] -- Up-to-date: /home/gepopa/ros2_ws/src/imu_tilt_detection/install/imu_tilt_detection/lib/python3.10/site-packages/imu_tilt_detection/imu_tilt_detection_s__rosidl_typesupport_c.cpython-310-x86_64-linux-gnu.so
[0.384s] -- Up-to-date: /home/gepopa/ros2_ws/src/imu_tilt_detection/install/imu_tilt_detection/lib/python3.10/site-packages/imu_tilt_detection/imu_tilt_detection_s__rosidl_typesupport_introspection_c.cpython-310-x86_64-linux-gnu.so
[0.384s] -- Up-to-date: /home/gepopa/ros2_ws/src/imu_tilt_detection/install/imu_tilt_detection/lib/python3.10/site-packages/imu_tilt_detection/libimu_tilt_detection__rosidl_generator_py.so
[0.384s] -- Up-to-date: /home/gepopa/ros2_ws/src/imu_tilt_detection/install/imu_tilt_detection/lib/python3.10/site-packages/imu_tilt_detection/msg
[0.384s] -- Up-to-date: /home/gepopa/ros2_ws/src/imu_tilt_detection/install/imu_tilt_detection/lib/python3.10/site-packages/imu_tilt_detection/msg/__init__.py
[0.384s] -- Up-to-date: /home/gepopa/ros2_ws/src/imu_tilt_detection/install/imu_tilt_detection/lib/python3.10/site-packages/imu_tilt_detection/msg/_tilt_status_s.c
[0.384s] -- Up-to-date: /home/gepopa/ros2_ws/src/imu_tilt_detection/install/imu_tilt_detection/lib/python3.10/site-packages/imu_tilt_detection/msg/_tilt_status.py
[0.409s] Listing '/home/gepopa/ros2_ws/src/imu_tilt_detection/install/imu_tilt_detection/lib/python3.10/site-packages/imu_tilt_detection'...
[0.409s] Listing '/home/gepopa/ros2_ws/src/imu_tilt_detection/install/imu_tilt_detection/lib/python3.10/site-packages/imu_tilt_detection/msg'...
[0.413s] -- Up-to-date: /home/gepopa/ros2_ws/src/imu_tilt_detection/install/imu_tilt_detection/lib/python3.10/site-packages/imu_tilt_detection/imu_tilt_detection_s__rosidl_typesupport_fastrtps_c.cpython-310-x86_64-linux-gnu.so
[0.413s] -- Up-to-date: /home/gepopa/ros2_ws/src/imu_tilt_detection/install/imu_tilt_detection/lib/python3.10/site-packages/imu_tilt_detection/imu_tilt_detection_s__rosidl_typesupport_introspection_c.cpython-310-x86_64-linux-gnu.so
[0.413s] -- Up-to-date: /home/gepopa/ros2_ws/src/imu_tilt_detection/install/imu_tilt_detection/lib/python3.10/site-packages/imu_tilt_detection/imu_tilt_detection_s__rosidl_typesupport_c.cpython-310-x86_64-linux-gnu.so
[0.414s] -- Up-to-date: /home/gepopa/ros2_ws/src/imu_tilt_detection/install/imu_tilt_detection/lib/libimu_tilt_detection__rosidl_generator_py.so
[0.414s] -- Up-to-date: /home/gepopa/ros2_ws/src/imu_tilt_detection/install/imu_tilt_detection/share/imu_tilt_detection/msg/TiltStatus.idl
[0.414s] -- Up-to-date: /home/gepopa/ros2_ws/src/imu_tilt_detection/install/imu_tilt_detection/share/imu_tilt_detection/msg/TiltStatus.msg
[0.414s] -- Up-to-date: /home/gepopa/ros2_ws/src/imu_tilt_detection/install/imu_tilt_detection/lib/imu_tilt_detection/tilt_publisher
[0.415s] -- Up-to-date: /home/gepopa/ros2_ws/src/imu_tilt_detection/install/imu_tilt_detection/share/ament_index/resource_index/package_run_dependencies/imu_tilt_detection
[0.415s] -- Up-to-date: /home/gepopa/ros2_ws/src/imu_tilt_detection/install/imu_tilt_detection/share/ament_index/resource_index/parent_prefix_path/imu_tilt_detection
[0.415s] -- Up-to-date: /home/gepopa/ros2_ws/src/imu_tilt_detection/install/imu_tilt_detection/share/imu_tilt_detection/environment/ament_prefix_path.sh
[0.415s] -- Up-to-date: /home/gepopa/ros2_ws/src/imu_tilt_detection/install/imu_tilt_detection/share/imu_tilt_detection/environment/ament_prefix_path.dsv
[0.415s] -- Up-to-date: /home/gepopa/ros2_ws/src/imu_tilt_detection/install/imu_tilt_detection/share/imu_tilt_detection/environment/path.sh
[0.415s] -- Up-to-date: /home/gepopa/ros2_ws/src/imu_tilt_detection/install/imu_tilt_detection/share/imu_tilt_detection/environment/path.dsv
[0.416s] -- Up-to-date: /home/gepopa/ros2_ws/src/imu_tilt_detection/install/imu_tilt_detection/share/imu_tilt_detection/local_setup.bash
[0.416s] -- Up-to-date: /home/gepopa/ros2_ws/src/imu_tilt_detection/install/imu_tilt_detection/share/imu_tilt_detection/local_setup.sh
[0.416s] -- Up-to-date: /home/gepopa/ros2_ws/src/imu_tilt_detection/install/imu_tilt_detection/share/imu_tilt_detection/local_setup.zsh
[0.416s] -- Up-to-date: /home/gepopa/ros2_ws/src/imu_tilt_detection/install/imu_tilt_detection/share/imu_tilt_detection/local_setup.dsv
[0.416s] -- Installing: /home/gepopa/ros2_ws/src/imu_tilt_detection/install/imu_tilt_detection/share/imu_tilt_detection/package.dsv
[0.416s] -- Up-to-date: /home/gepopa/ros2_ws/src/imu_tilt_detection/install/imu_tilt_detection/share/ament_index/resource_index/packages/imu_tilt_detection
[0.417s] -- Up-to-date: /home/gepopa/ros2_ws/src/imu_tilt_detection/install/imu_tilt_detection/share/imu_tilt_detection/cmake/export_imu_tilt_detection__rosidl_generator_cExport.cmake
[0.417s] -- Up-to-date: /home/gepopa/ros2_ws/src/imu_tilt_detection/install/imu_tilt_detection/share/imu_tilt_detection/cmake/export_imu_tilt_detection__rosidl_generator_cExport-noconfig.cmake
[0.417s] -- Up-to-date: /home/gepopa/ros2_ws/src/imu_tilt_detection/install/imu_tilt_detection/share/imu_tilt_detection/cmake/export_imu_tilt_detection__rosidl_typesupport_fastrtps_cExport.cmake
[0.417s] -- Up-to-date: /home/gepopa/ros2_ws/src/imu_tilt_detection/install/imu_tilt_detection/share/imu_tilt_detection/cmake/export_imu_tilt_detection__rosidl_typesupport_fastrtps_cExport-noconfig.cmake
[0.417s] -- Up-to-date: /home/gepopa/ros2_ws/src/imu_tilt_detection/install/imu_tilt_detection/share/imu_tilt_detection/cmake/export_imu_tilt_detection__rosidl_generator_cppExport.cmake
[0.417s] -- Up-to-date: /home/gepopa/ros2_ws/src/imu_tilt_detection/install/imu_tilt_detection/share/imu_tilt_detection/cmake/export_imu_tilt_detection__rosidl_typesupport_fastrtps_cppExport.cmake
[0.417s] -- Up-to-date: /home/gepopa/ros2_ws/src/imu_tilt_detection/install/imu_tilt_detection/share/imu_tilt_detection/cmake/export_imu_tilt_detection__rosidl_typesupport_fastrtps_cppExport-noconfig.cmake
[0.418s] -- Up-to-date: /home/gepopa/ros2_ws/src/imu_tilt_detection/install/imu_tilt_detection/share/imu_tilt_detection/cmake/imu_tilt_detection__rosidl_typesupport_introspection_cExport.cmake
[0.418s] -- Up-to-date: /home/gepopa/ros2_ws/src/imu_tilt_detection/install/imu_tilt_detection/share/imu_tilt_detection/cmake/imu_tilt_detection__rosidl_typesupport_introspection_cExport-noconfig.cmake
[0.418s] -- Up-to-date: /home/gepopa/ros2_ws/src/imu_tilt_detection/install/imu_tilt_detection/share/imu_tilt_detection/cmake/imu_tilt_detection__rosidl_typesupport_cExport.cmake
[0.418s] -- Up-to-date: /home/gepopa/ros2_ws/src/imu_tilt_detection/install/imu_tilt_detection/share/imu_tilt_detection/cmake/imu_tilt_detection__rosidl_typesupport_cExport-noconfig.cmake
[0.418s] -- Up-to-date: /home/gepopa/ros2_ws/src/imu_tilt_detection/install/imu_tilt_detection/share/imu_tilt_detection/cmake/imu_tilt_detection__rosidl_typesupport_introspection_cppExport.cmake
[0.418s] -- Up-to-date: /home/gepopa/ros2_ws/src/imu_tilt_detection/install/imu_tilt_detection/share/imu_tilt_detection/cmake/imu_tilt_detection__rosidl_typesupport_introspection_cppExport-noconfig.cmake
[0.418s] -- Up-to-date: /home/gepopa/ros2_ws/src/imu_tilt_detection/install/imu_tilt_detection/share/imu_tilt_detection/cmake/imu_tilt_detection__rosidl_typesupport_cppExport.cmake
[0.419s] -- Up-to-date: /home/gepopa/ros2_ws/src/imu_tilt_detection/install/imu_tilt_detection/share/imu_tilt_detection/cmake/imu_tilt_detection__rosidl_typesupport_cppExport-noconfig.cmake
[0.419s] -- Up-to-date: /home/gepopa/ros2_ws/src/imu_tilt_detection/install/imu_tilt_detection/share/imu_tilt_detection/cmake/export_imu_tilt_detection__rosidl_generator_pyExport.cmake
[0.419s] -- Up-to-date: /home/gepopa/ros2_ws/src/imu_tilt_detection/install/imu_tilt_detection/share/imu_tilt_detection/cmake/export_imu_tilt_detection__rosidl_generator_pyExport-noconfig.cmake
[0.419s] -- Up-to-date: /home/gepopa/ros2_ws/src/imu_tilt_detection/install/imu_tilt_detection/share/imu_tilt_detection/cmake/rosidl_cmake-extras.cmake
[0.419s] -- Up-to-date: /home/gepopa/ros2_ws/src/imu_tilt_detection/install/imu_tilt_detection/share/imu_tilt_detection/cmake/ament_cmake_export_dependencies-extras.cmake
[0.419s] -- Up-to-date: /home/gepopa/ros2_ws/src/imu_tilt_detection/install/imu_tilt_detection/share/imu_tilt_detection/cmake/ament_cmake_export_include_directories-extras.cmake
[0.419s] -- Up-to-date: /home/gepopa/ros2_ws/src/imu_tilt_detection/install/imu_tilt_detection/share/imu_tilt_detection/cmake/ament_cmake_export_libraries-extras.cmake
[0.419s] -- Up-to-date: /home/gepopa/ros2_ws/src/imu_tilt_detection/install/imu_tilt_detection/share/imu_tilt_detection/cmake/ament_cmake_export_targets-extras.cmake
[0.420s] -- Up-to-date: /home/gepopa/ros2_ws/src/imu_tilt_detection/install/imu_tilt_detection/share/imu_tilt_detection/cmake/rosidl_cmake_export_typesupport_targets-extras.cmake
[0.420s] -- Up-to-date: /home/gepopa/ros2_ws/src/imu_tilt_detection/install/imu_tilt_detection/share/imu_tilt_detection/cmake/rosidl_cmake_export_typesupport_libraries-extras.cmake
[0.420s] -- Up-to-date: /home/gepopa/ros2_ws/src/imu_tilt_detection/install/imu_tilt_detection/share/imu_tilt_detection/cmake/imu_tilt_detectionConfig.cmake
[0.420s] -- Up-to-date: /home/gepopa/ros2_ws/src/imu_tilt_detection/install/imu_tilt_detection/share/imu_tilt_detection/cmake/imu_tilt_detectionConfig-version.cmake
[0.420s] -- Up-to-date: /home/gepopa/ros2_ws/src/imu_tilt_detection/install/imu_tilt_detection/share/imu_tilt_detection/package.xml
[0.421s] Invoked command in '/home/gepopa/ros2_ws/src/imu_tilt_detection/build/imu_tilt_detection' returned '0': CMAKE_PREFIX_PATH=${CMAKE_PREFIX_PATH}:/opt/ros/iron /usr/bin/cmake --install /home/gepopa/ros2_ws/src/imu_tilt_detection/build/imu_tilt_detection
