[  2%] Built target imu_tilt_detection__rosidl_generator_type_description
[  2%] Built target ament_cmake_python_copy_imu_tilt_detection
[  5%] Built target imu_tilt_detection__cpp
[ 19%] Built target imu_tilt_detection__rosidl_generator_c
[ 36%] Built target imu_tilt_detection__rosidl_typesupport_cpp
[ 36%] Built target imu_tilt_detection__rosidl_typesupport_c
[ 44%] Built target imu_tilt_detection__rosidl_typesupport_introspection_cpp
[ 52%] Built target imu_tilt_detection__rosidl_typesupport_fastrtps_cpp
[ 61%] Built target imu_tilt_detection__rosidl_typesupport_fastrtps_c
[ 69%] Built target imu_tilt_detection__rosidl_typesupport_introspection_c
[35m[1mConsolidate compiler generated dependencies of target tilt_publisher[0m
[ 69%] Built target imu_tilt_detection
[ 72%] [32mBuilding CXX object CMakeFiles/tilt_publisher.dir/src/tilt_publisher.cpp.o[0m
[ 75%] Built target imu_tilt_detection__py
[ 80%] Built target imu_tilt_detection__rosidl_generator_py
[ 97%] Built target imu_tilt_detection__rosidl_typesupport_c__pyext
[ 97%] Built target imu_tilt_detection__rosidl_typesupport_introspection_c__pyext
[ 97%] Built target imu_tilt_detection__rosidl_typesupport_fastrtps_c__pyext
running egg_info
writing imu_tilt_detection.egg-info/PKG-INFO
writing dependency_links to imu_tilt_detection.egg-info/dependency_links.txt
writing top-level names to imu_tilt_detection.egg-info/top_level.txt
reading manifest file 'imu_tilt_detection.egg-info/SOURCES.txt'
writing manifest file 'imu_tilt_detection.egg-info/SOURCES.txt'
[ 97%] Built target ament_cmake_python_build_imu_tilt_detection_egg
[100%] [32m[1mLinking CXX executable tilt_publisher[0m
[100%] Built target tilt_publisher
-- Install configuration: ""
-- Up-to-date: /home/gepopa/ros2_ws/src/imu_tilt_detection/install/imu_tilt_detection/share/ament_index/resource_index/rosidl_interfaces/imu_tilt_detection
-- Up-to-date: /home/gepopa/ros2_ws/src/imu_tilt_detection/install/imu_tilt_detection/share/imu_tilt_detection/msg/TiltStatus.json
-- Up-to-date: /home/gepopa/ros2_ws/src/imu_tilt_detection/install/imu_tilt_detection/include/imu_tilt_detection/imu_tilt_detection
-- Up-to-date: /home/gepopa/ros2_ws/src/imu_tilt_detection/install/imu_tilt_detection/include/imu_tilt_detection/imu_tilt_detection/msg
-- Up-to-date: /home/gepopa/ros2_ws/src/imu_tilt_detection/install/imu_tilt_detection/include/imu_tilt_detection/imu_tilt_detection/msg/rosidl_generator_c__visibility_control.h
-- Up-to-date: /home/gepopa/ros2_ws/src/imu_tilt_detection/install/imu_tilt_detection/include/imu_tilt_detection/imu_tilt_detection/msg/detail
-- Up-to-date: /home/gepopa/ros2_ws/src/imu_tilt_detection/install/imu_tilt_detection/include/imu_tilt_detection/imu_tilt_detection/msg/detail/tilt_status__type_support.c
-- Up-to-date: /home/gepopa/ros2_ws/src/imu_tilt_detection/install/imu_tilt_detection/include/imu_tilt_detection/imu_tilt_detection/msg/detail/tilt_status__struct.h
-- Up-to-date: /home/gepopa/ros2_ws/src/imu_tilt_detection/install/imu_tilt_detection/include/imu_tilt_detection/imu_tilt_detection/msg/detail/tilt_status__type_support.h
-- Up-to-date: /home/gepopa/ros2_ws/src/imu_tilt_detection/install/imu_tilt_detection/include/imu_tilt_detection/imu_tilt_detection/msg/detail/tilt_status__functions.c
-- Up-to-date: /home/gepopa/ros2_ws/src/imu_tilt_detection/install/imu_tilt_detection/include/imu_tilt_detection/imu_tilt_detection/msg/detail/tilt_status__description.c
-- Up-to-date: /home/gepopa/ros2_ws/src/imu_tilt_detection/install/imu_tilt_detection/include/imu_tilt_detection/imu_tilt_detection/msg/detail/tilt_status__functions.h
-- Up-to-date: /home/gepopa/ros2_ws/src/imu_tilt_detection/install/imu_tilt_detection/include/imu_tilt_detection/imu_tilt_detection/msg/tilt_status.h
-- Up-to-date: /home/gepopa/ros2_ws/src/imu_tilt_detection/install/imu_tilt_detection/share/imu_tilt_detection/environment/library_path.sh
-- Up-to-date: /home/gepopa/ros2_ws/src/imu_tilt_detection/install/imu_tilt_detection/share/imu_tilt_detection/environment/library_path.dsv
-- Up-to-date: /home/gepopa/ros2_ws/src/imu_tilt_detection/install/imu_tilt_detection/lib/libimu_tilt_detection__rosidl_generator_c.so
-- Up-to-date: /home/gepopa/ros2_ws/src/imu_tilt_detection/install/imu_tilt_detection/include/imu_tilt_detection/imu_tilt_detection
-- Up-to-date: /home/gepopa/ros2_ws/src/imu_tilt_detection/install/imu_tilt_detection/include/imu_tilt_detection/imu_tilt_detection/msg
-- Up-to-date: /home/gepopa/ros2_ws/src/imu_tilt_detection/install/imu_tilt_detection/include/imu_tilt_detection/imu_tilt_detection/msg/rosidl_typesupport_fastrtps_c__visibility_control.h
-- Up-to-date: /home/gepopa/ros2_ws/src/imu_tilt_detection/install/imu_tilt_detection/include/imu_tilt_detection/imu_tilt_detection/msg/detail
-- Up-to-date: /home/gepopa/ros2_ws/src/imu_tilt_detection/install/imu_tilt_detection/include/imu_tilt_detection/imu_tilt_detection/msg/detail/tilt_status__rosidl_typesupport_fastrtps_c.h
-- Up-to-date: /home/gepopa/ros2_ws/src/imu_tilt_detection/install/imu_tilt_detection/lib/libimu_tilt_detection__rosidl_typesupport_fastrtps_c.so
-- Up-to-date: /home/gepopa/ros2_ws/src/imu_tilt_detection/install/imu_tilt_detection/include/imu_tilt_detection/imu_tilt_detection
-- Up-to-date: /home/gepopa/ros2_ws/src/imu_tilt_detection/install/imu_tilt_detection/include/imu_tilt_detection/imu_tilt_detection/msg
-- Up-to-date: /home/gepopa/ros2_ws/src/imu_tilt_detection/install/imu_tilt_detection/include/imu_tilt_detection/imu_tilt_detection/msg/detail
-- Up-to-date: /home/gepopa/ros2_ws/src/imu_tilt_detection/install/imu_tilt_detection/include/imu_tilt_detection/imu_tilt_detection/msg/detail/tilt_status__traits.hpp
-- Up-to-date: /home/gepopa/ros2_ws/src/imu_tilt_detection/install/imu_tilt_detection/include/imu_tilt_detection/imu_tilt_detection/msg/detail/tilt_status__struct.hpp
-- Up-to-date: /home/gepopa/ros2_ws/src/imu_tilt_detection/install/imu_tilt_detection/include/imu_tilt_detection/imu_tilt_detection/msg/detail/tilt_status__builder.hpp
-- Up-to-date: /home/gepopa/ros2_ws/src/imu_tilt_detection/install/imu_tilt_detection/include/imu_tilt_detection/imu_tilt_detection/msg/tilt_status.hpp
-- Up-to-date: /home/gepopa/ros2_ws/src/imu_tilt_detection/install/imu_tilt_detection/include/imu_tilt_detection/imu_tilt_detection
-- Up-to-date: /home/gepopa/ros2_ws/src/imu_tilt_detection/install/imu_tilt_detection/include/imu_tilt_detection/imu_tilt_detection/msg
-- Up-to-date: /home/gepopa/ros2_ws/src/imu_tilt_detection/install/imu_tilt_detection/include/imu_tilt_detection/imu_tilt_detection/msg/rosidl_typesupport_fastrtps_cpp__visibility_control.h
-- Up-to-date: /home/gepopa/ros2_ws/src/imu_tilt_detection/install/imu_tilt_detection/include/imu_tilt_detection/imu_tilt_detection/msg/detail
-- Up-to-date: /home/gepopa/ros2_ws/src/imu_tilt_detection/install/imu_tilt_detection/include/imu_tilt_detection/imu_tilt_detection/msg/detail/tilt_status__rosidl_typesupport_fastrtps_cpp.hpp
-- Up-to-date: /home/gepopa/ros2_ws/src/imu_tilt_detection/install/imu_tilt_detection/include/imu_tilt_detection/imu_tilt_detection/msg/detail/dds_fastrtps
-- Up-to-date: /home/gepopa/ros2_ws/src/imu_tilt_detection/install/imu_tilt_detection/lib/libimu_tilt_detection__rosidl_typesupport_fastrtps_cpp.so
-- Up-to-date: /home/gepopa/ros2_ws/src/imu_tilt_detection/install/imu_tilt_detection/include/imu_tilt_detection/imu_tilt_detection
-- Up-to-date: /home/gepopa/ros2_ws/src/imu_tilt_detection/install/imu_tilt_detection/include/imu_tilt_detection/imu_tilt_detection/msg
-- Up-to-date: /home/gepopa/ros2_ws/src/imu_tilt_detection/install/imu_tilt_detection/include/imu_tilt_detection/imu_tilt_detection/msg/rosidl_typesupport_introspection_c__visibility_control.h
-- Up-to-date: /home/gepopa/ros2_ws/src/imu_tilt_detection/install/imu_tilt_detection/include/imu_tilt_detection/imu_tilt_detection/msg/detail
-- Up-to-date: /home/gepopa/ros2_ws/src/imu_tilt_detection/install/imu_tilt_detection/include/imu_tilt_detection/imu_tilt_detection/msg/detail/tilt_status__type_support.c
-- Up-to-date: /home/gepopa/ros2_ws/src/imu_tilt_detection/install/imu_tilt_detection/include/imu_tilt_detection/imu_tilt_detection/msg/detail/tilt_status__rosidl_typesupport_introspection_c.h
-- Up-to-date: /home/gepopa/ros2_ws/src/imu_tilt_detection/install/imu_tilt_detection/lib/libimu_tilt_detection__rosidl_typesupport_introspection_c.so
-- Up-to-date: /home/gepopa/ros2_ws/src/imu_tilt_detection/install/imu_tilt_detection/lib/libimu_tilt_detection__rosidl_typesupport_c.so
-- Up-to-date: /home/gepopa/ros2_ws/src/imu_tilt_detection/install/imu_tilt_detection/include/imu_tilt_detection/imu_tilt_detection
-- Up-to-date: /home/gepopa/ros2_ws/src/imu_tilt_detection/install/imu_tilt_detection/include/imu_tilt_detection/imu_tilt_detection/msg
-- Up-to-date: /home/gepopa/ros2_ws/src/imu_tilt_detection/install/imu_tilt_detection/include/imu_tilt_detection/imu_tilt_detection/msg/detail
-- Up-to-date: /home/gepopa/ros2_ws/src/imu_tilt_detection/install/imu_tilt_detection/include/imu_tilt_detection/imu_tilt_detection/msg/detail/tilt_status__rosidl_typesupport_introspection_cpp.hpp
-- Up-to-date: /home/gepopa/ros2_ws/src/imu_tilt_detection/install/imu_tilt_detection/include/imu_tilt_detection/imu_tilt_detection/msg/detail/tilt_status__type_support.cpp
-- Up-to-date: /home/gepopa/ros2_ws/src/imu_tilt_detection/install/imu_tilt_detection/lib/libimu_tilt_detection__rosidl_typesupport_introspection_cpp.so
-- Up-to-date: /home/gepopa/ros2_ws/src/imu_tilt_detection/install/imu_tilt_detection/lib/libimu_tilt_detection__rosidl_typesupport_cpp.so
-- Up-to-date: /home/gepopa/ros2_ws/src/imu_tilt_detection/install/imu_tilt_detection/share/imu_tilt_detection/environment/pythonpath.sh
-- Up-to-date: /home/gepopa/ros2_ws/src/imu_tilt_detection/install/imu_tilt_detection/share/imu_tilt_detection/environment/pythonpath.dsv
-- Up-to-date: /home/gepopa/ros2_ws/src/imu_tilt_detection/install/imu_tilt_detection/lib/python3.10/site-packages/imu_tilt_detection-0.0.0-py3.10.egg-info
-- Installing: /home/gepopa/ros2_ws/src/imu_tilt_detection/install/imu_tilt_detection/lib/python3.10/site-packages/imu_tilt_detection-0.0.0-py3.10.egg-info/SOURCES.txt
-- Installing: /home/gepopa/ros2_ws/src/imu_tilt_detection/install/imu_tilt_detection/lib/python3.10/site-packages/imu_tilt_detection-0.0.0-py3.10.egg-info/dependency_links.txt
-- Installing: /home/gepopa/ros2_ws/src/imu_tilt_detection/install/imu_tilt_detection/lib/python3.10/site-packages/imu_tilt_detection-0.0.0-py3.10.egg-info/top_level.txt
-- Installing: /home/gepopa/ros2_ws/src/imu_tilt_detection/install/imu_tilt_detection/lib/python3.10/site-packages/imu_tilt_detection-0.0.0-py3.10.egg-info/PKG-INFO
-- Up-to-date: /home/gepopa/ros2_ws/src/imu_tilt_detection/install/imu_tilt_detection/lib/python3.10/site-packages/imu_tilt_detection
-- Up-to-date: /home/gepopa/ros2_ws/src/imu_tilt_detection/install/imu_tilt_detection/lib/python3.10/site-packages/imu_tilt_detection/imu_tilt_detection_s__rosidl_typesupport_fastrtps_c.cpython-310-x86_64-linux-gnu.so
-- Up-to-date: /home/gepopa/ros2_ws/src/imu_tilt_detection/install/imu_tilt_detection/lib/python3.10/site-packages/imu_tilt_detection/__init__.py
-- Up-to-date: /home/gepopa/ros2_ws/src/imu_tilt_detection/install/imu_tilt_detection/lib/python3.10/site-packages/imu_tilt_detection/_imu_tilt_detection_s.ep.rosidl_typesupport_c.c
-- Up-to-date: /home/gepopa/ros2_ws/src/imu_tilt_detection/install/imu_tilt_detection/lib/python3.10/site-packages/imu_tilt_detection/_imu_tilt_detection_s.ep.rosidl_typesupport_introspection_c.c
-- Up-to-date: /home/gepopa/ros2_ws/src/imu_tilt_detection/install/imu_tilt_detection/lib/python3.10/site-packages/imu_tilt_detection/_imu_tilt_detection_s.ep.rosidl_typesupport_fastrtps_c.c
-- Up-to-date: /home/gepopa/ros2_ws/src/imu_tilt_detection/install/imu_tilt_detection/lib/python3.10/site-packages/imu_tilt_detection/imu_tilt_detection_s__rosidl_typesupport_c.cpython-310-x86_64-linux-gnu.so
-- Up-to-date: /home/gepopa/ros2_ws/src/imu_tilt_detection/install/imu_tilt_detection/lib/python3.10/site-packages/imu_tilt_detection/imu_tilt_detection_s__rosidl_typesupport_introspection_c.cpython-310-x86_64-linux-gnu.so
-- Up-to-date: /home/gepopa/ros2_ws/src/imu_tilt_detection/install/imu_tilt_detection/lib/python3.10/site-packages/imu_tilt_detection/libimu_tilt_detection__rosidl_generator_py.so
-- Up-to-date: /home/gepopa/ros2_ws/src/imu_tilt_detection/install/imu_tilt_detection/lib/python3.10/site-packages/imu_tilt_detection/msg
-- Up-to-date: /home/gepopa/ros2_ws/src/imu_tilt_detection/install/imu_tilt_detection/lib/python3.10/site-packages/imu_tilt_detection/msg/__init__.py
-- Up-to-date: /home/gepopa/ros2_ws/src/imu_tilt_detection/install/imu_tilt_detection/lib/python3.10/site-packages/imu_tilt_detection/msg/_tilt_status_s.c
-- Up-to-date: /home/gepopa/ros2_ws/src/imu_tilt_detection/install/imu_tilt_detection/lib/python3.10/site-packages/imu_tilt_detection/msg/_tilt_status.py
Listing '/home/gepopa/ros2_ws/src/imu_tilt_detection/install/imu_tilt_detection/lib/python3.10/site-packages/imu_tilt_detection'...
Listing '/home/gepopa/ros2_ws/src/imu_tilt_detection/install/imu_tilt_detection/lib/python3.10/site-packages/imu_tilt_detection/msg'...
-- Up-to-date: /home/gepopa/ros2_ws/src/imu_tilt_detection/install/imu_tilt_detection/lib/python3.10/site-packages/imu_tilt_detection/imu_tilt_detection_s__rosidl_typesupport_fastrtps_c.cpython-310-x86_64-linux-gnu.so
-- Up-to-date: /home/gepopa/ros2_ws/src/imu_tilt_detection/install/imu_tilt_detection/lib/python3.10/site-packages/imu_tilt_detection/imu_tilt_detection_s__rosidl_typesupport_introspection_c.cpython-310-x86_64-linux-gnu.so
-- Up-to-date: /home/gepopa/ros2_ws/src/imu_tilt_detection/install/imu_tilt_detection/lib/python3.10/site-packages/imu_tilt_detection/imu_tilt_detection_s__rosidl_typesupport_c.cpython-310-x86_64-linux-gnu.so
-- Up-to-date: /home/gepopa/ros2_ws/src/imu_tilt_detection/install/imu_tilt_detection/lib/libimu_tilt_detection__rosidl_generator_py.so
-- Up-to-date: /home/gepopa/ros2_ws/src/imu_tilt_detection/install/imu_tilt_detection/share/imu_tilt_detection/msg/TiltStatus.idl
-- Up-to-date: /home/gepopa/ros2_ws/src/imu_tilt_detection/install/imu_tilt_detection/share/imu_tilt_detection/msg/TiltStatus.msg
-- Installing: /home/gepopa/ros2_ws/src/imu_tilt_detection/install/imu_tilt_detection/lib/imu_tilt_detection/tilt_publisher
-- Set runtime path of "/home/gepopa/ros2_ws/src/imu_tilt_detection/install/imu_tilt_detection/lib/imu_tilt_detection/tilt_publisher" to ""
-- Up-to-date: /home/gepopa/ros2_ws/src/imu_tilt_detection/install/imu_tilt_detection/share/ament_index/resource_index/package_run_dependencies/imu_tilt_detection
-- Up-to-date: /home/gepopa/ros2_ws/src/imu_tilt_detection/install/imu_tilt_detection/share/ament_index/resource_index/parent_prefix_path/imu_tilt_detection
-- Up-to-date: /home/gepopa/ros2_ws/src/imu_tilt_detection/install/imu_tilt_detection/share/imu_tilt_detection/environment/ament_prefix_path.sh
-- Up-to-date: /home/gepopa/ros2_ws/src/imu_tilt_detection/install/imu_tilt_detection/share/imu_tilt_detection/environment/ament_prefix_path.dsv
-- Up-to-date: /home/gepopa/ros2_ws/src/imu_tilt_detection/install/imu_tilt_detection/share/imu_tilt_detection/environment/path.sh
-- Up-to-date: /home/gepopa/ros2_ws/src/imu_tilt_detection/install/imu_tilt_detection/share/imu_tilt_detection/environment/path.dsv
-- Up-to-date: /home/gepopa/ros2_ws/src/imu_tilt_detection/install/imu_tilt_detection/share/imu_tilt_detection/local_setup.bash
-- Up-to-date: /home/gepopa/ros2_ws/src/imu_tilt_detection/install/imu_tilt_detection/share/imu_tilt_detection/local_setup.sh
-- Up-to-date: /home/gepopa/ros2_ws/src/imu_tilt_detection/install/imu_tilt_detection/share/imu_tilt_detection/local_setup.zsh
-- Up-to-date: /home/gepopa/ros2_ws/src/imu_tilt_detection/install/imu_tilt_detection/share/imu_tilt_detection/local_setup.dsv
-- Installing: /home/gepopa/ros2_ws/src/imu_tilt_detection/install/imu_tilt_detection/share/imu_tilt_detection/package.dsv
-- Up-to-date: /home/gepopa/ros2_ws/src/imu_tilt_detection/install/imu_tilt_detection/share/ament_index/resource_index/packages/imu_tilt_detection
-- Up-to-date: /home/gepopa/ros2_ws/src/imu_tilt_detection/install/imu_tilt_detection/share/imu_tilt_detection/cmake/export_imu_tilt_detection__rosidl_generator_cExport.cmake
-- Up-to-date: /home/gepopa/ros2_ws/src/imu_tilt_detection/install/imu_tilt_detection/share/imu_tilt_detection/cmake/export_imu_tilt_detection__rosidl_generator_cExport-noconfig.cmake
-- Up-to-date: /home/gepopa/ros2_ws/src/imu_tilt_detection/install/imu_tilt_detection/share/imu_tilt_detection/cmake/export_imu_tilt_detection__rosidl_typesupport_fastrtps_cExport.cmake
-- Up-to-date: /home/gepopa/ros2_ws/src/imu_tilt_detection/install/imu_tilt_detection/share/imu_tilt_detection/cmake/export_imu_tilt_detection__rosidl_typesupport_fastrtps_cExport-noconfig.cmake
-- Up-to-date: /home/gepopa/ros2_ws/src/imu_tilt_detection/install/imu_tilt_detection/share/imu_tilt_detection/cmake/export_imu_tilt_detection__rosidl_generator_cppExport.cmake
-- Up-to-date: /home/gepopa/ros2_ws/src/imu_tilt_detection/install/imu_tilt_detection/share/imu_tilt_detection/cmake/export_imu_tilt_detection__rosidl_typesupport_fastrtps_cppExport.cmake
-- Up-to-date: /home/gepopa/ros2_ws/src/imu_tilt_detection/install/imu_tilt_detection/share/imu_tilt_detection/cmake/export_imu_tilt_detection__rosidl_typesupport_fastrtps_cppExport-noconfig.cmake
-- Up-to-date: /home/gepopa/ros2_ws/src/imu_tilt_detection/install/imu_tilt_detection/share/imu_tilt_detection/cmake/imu_tilt_detection__rosidl_typesupport_introspection_cExport.cmake
-- Up-to-date: /home/gepopa/ros2_ws/src/imu_tilt_detection/install/imu_tilt_detection/share/imu_tilt_detection/cmake/imu_tilt_detection__rosidl_typesupport_introspection_cExport-noconfig.cmake
-- Up-to-date: /home/gepopa/ros2_ws/src/imu_tilt_detection/install/imu_tilt_detection/share/imu_tilt_detection/cmake/imu_tilt_detection__rosidl_typesupport_cExport.cmake
-- Up-to-date: /home/gepopa/ros2_ws/src/imu_tilt_detection/install/imu_tilt_detection/share/imu_tilt_detection/cmake/imu_tilt_detection__rosidl_typesupport_cExport-noconfig.cmake
-- Up-to-date: /home/gepopa/ros2_ws/src/imu_tilt_detection/install/imu_tilt_detection/share/imu_tilt_detection/cmake/imu_tilt_detection__rosidl_typesupport_introspection_cppExport.cmake
-- Up-to-date: /home/gepopa/ros2_ws/src/imu_tilt_detection/install/imu_tilt_detection/share/imu_tilt_detection/cmake/imu_tilt_detection__rosidl_typesupport_introspection_cppExport-noconfig.cmake
-- Up-to-date: /home/gepopa/ros2_ws/src/imu_tilt_detection/install/imu_tilt_detection/share/imu_tilt_detection/cmake/imu_tilt_detection__rosidl_typesupport_cppExport.cmake
-- Up-to-date: /home/gepopa/ros2_ws/src/imu_tilt_detection/install/imu_tilt_detection/share/imu_tilt_detection/cmake/imu_tilt_detection__rosidl_typesupport_cppExport-noconfig.cmake
-- Up-to-date: /home/gepopa/ros2_ws/src/imu_tilt_detection/install/imu_tilt_detection/share/imu_tilt_detection/cmake/export_imu_tilt_detection__rosidl_generator_pyExport.cmake
-- Up-to-date: /home/gepopa/ros2_ws/src/imu_tilt_detection/install/imu_tilt_detection/share/imu_tilt_detection/cmake/export_imu_tilt_detection__rosidl_generator_pyExport-noconfig.cmake
-- Up-to-date: /home/gepopa/ros2_ws/src/imu_tilt_detection/install/imu_tilt_detection/share/imu_tilt_detection/cmake/rosidl_cmake-extras.cmake
-- Up-to-date: /home/gepopa/ros2_ws/src/imu_tilt_detection/install/imu_tilt_detection/share/imu_tilt_detection/cmake/ament_cmake_export_dependencies-extras.cmake
-- Up-to-date: /home/gepopa/ros2_ws/src/imu_tilt_detection/install/imu_tilt_detection/share/imu_tilt_detection/cmake/ament_cmake_export_include_directories-extras.cmake
-- Up-to-date: /home/gepopa/ros2_ws/src/imu_tilt_detection/install/imu_tilt_detection/share/imu_tilt_detection/cmake/ament_cmake_export_libraries-extras.cmake
-- Up-to-date: /home/gepopa/ros2_ws/src/imu_tilt_detection/install/imu_tilt_detection/share/imu_tilt_detection/cmake/ament_cmake_export_targets-extras.cmake
-- Up-to-date: /home/gepopa/ros2_ws/src/imu_tilt_detection/install/imu_tilt_detection/share/imu_tilt_detection/cmake/rosidl_cmake_export_typesupport_targets-extras.cmake
-- Up-to-date: /home/gepopa/ros2_ws/src/imu_tilt_detection/install/imu_tilt_detection/share/imu_tilt_detection/cmake/rosidl_cmake_export_typesupport_libraries-extras.cmake
-- Up-to-date: /home/gepopa/ros2_ws/src/imu_tilt_detection/install/imu_tilt_detection/share/imu_tilt_detection/cmake/imu_tilt_detectionConfig.cmake
-- Up-to-date: /home/gepopa/ros2_ws/src/imu_tilt_detection/install/imu_tilt_detection/share/imu_tilt_detection/cmake/imu_tilt_detectionConfig-version.cmake
-- Up-to-date: /home/gepopa/ros2_ws/src/imu_tilt_detection/install/imu_tilt_detection/share/imu_tilt_detection/package.xml
