[0.012s] Invoking command in '/home/gepopa/ros2_ws/src/imu_tilt_detection/build/imu_tilt_detection': CMAKE_PREFIX_PATH=${CMAKE_PREFIX_PATH}:/opt/ros/iron /usr/bin/cmake --build /home/gepopa/ros2_ws/src/imu_tilt_detection/build/imu_tilt_detection -- -j12 -l12
[0.053s] [  2%] Built target imu_tilt_detection__rosidl_generator_type_description
[0.055s] [  6%] Built target gtest_main
[0.055s] [ 11%] Built target gtest
[0.061s] [ 11%] Built target ament_cmake_python_copy_imu_tilt_detection
[0.070s] [ 13%] Built target imu_tilt_detection__cpp
[0.071s] [ 25%] Built target imu_tilt_detection__rosidl_generator_c
[0.073s] [ 30%] Built target imu_tilt_detection_tilt_detector_test
[0.090s] [ 51%] Built target imu_tilt_detection__rosidl_typesupport_c
[0.090s] [ 51%] Built target imu_tilt_detection__rosidl_typesupport_introspection_c
[0.090s] [ 51%] Built target imu_tilt_detection__rosidl_typesupport_cpp
[0.094s] [ 58%] Built target imu_tilt_detection__rosidl_typesupport_fastrtps_c
[0.095s] [ 65%] Built target imu_tilt_detection__rosidl_typesupport_introspection_cpp
[0.095s] [ 72%] Built target imu_tilt_detection__rosidl_typesupport_fastrtps_cpp
[0.101s] [35m[1mConsolidate compiler generated dependencies of target tilt_publisher[0m
[0.111s] [ 72%] Built target imu_tilt_detection
[0.118s] [ 76%] [32mBuilding CXX object CMakeFiles/tilt_publisher.dir/src/tilt_detector.cpp.o[0m
[0.118s] [ 76%] [32mBuilding CXX object CMakeFiles/tilt_publisher.dir/src/tilt_publisher.cpp.o[0m
[0.130s] [ 79%] Built target imu_tilt_detection__py
[0.148s] [ 83%] Built target imu_tilt_detection__rosidl_generator_py
[0.167s] [ 93%] Built target imu_tilt_detection__rosidl_typesupport_introspection_c__pyext
[0.167s] [ 93%] Built target imu_tilt_detection__rosidl_typesupport_c__pyext
[0.167s] [ 97%] Built target imu_tilt_detection__rosidl_typesupport_fastrtps_c__pyext
[0.257s] [01m[K/home/gepopa/ros2_ws/src/imu_tilt_detection/src/tilt_detector.cpp:8:8:[m[K [01;31m[Kerror: [m[Kno declaration matches ‘[01m[Kdouble TiltDetector::compute_roll_deg_from_acceleration_deg(double, double, double)[m[K’
[0.258s]     8 | double [01;31m[KTiltDetector[m[K::compute_roll_deg_from_acceleration_deg(double x, double y, double z){
[0.258s]       |        [01;31m[K^~~~~~~~~~~~[m[K
[0.258s] [01m[K/home/gepopa/ros2_ws/src/imu_tilt_detection/src/tilt_detector.cpp:8:8:[m[K [01;36m[Knote: [m[Kno functions named ‘[01m[Kdouble TiltDetector::compute_roll_deg_from_acceleration_deg(double, double, double)[m[K’
[0.258s] In file included from [01m[K/home/gepopa/ros2_ws/src/imu_tilt_detection/src/tilt_detector.cpp:1[m[K:
[0.258s] [01m[K/home/gepopa/ros2_ws/src/imu_tilt_detection/include/imu_tilt_detection/tilt_detector.h:4:7:[m[K [01;36m[Knote: [m[K‘[01m[Kclass TiltDetector[m[K’ defined here
[0.258s]     4 | class [01;36m[KTiltDetector[m[K
[0.258s]       |       [01;36m[K^~~~~~~~~~~~[m[K
[0.258s] [01m[K/home/gepopa/ros2_ws/src/imu_tilt_detection/src/tilt_detector.cpp:12:8:[m[K [01;31m[Kerror: [m[Kno declaration matches ‘[01m[Kdouble TiltDetector::compute_pitch_deg_from_acceleration_deg(double, double, double)[m[K’
[0.258s]    12 | double [01;31m[KTiltDetector[m[K::compute_pitch_deg_from_acceleration_deg(double x, double y, double z){
[0.258s]       |        [01;31m[K^~~~~~~~~~~~[m[K
[0.258s] [01m[K/home/gepopa/ros2_ws/src/imu_tilt_detection/src/tilt_detector.cpp:12:8:[m[K [01;36m[Knote: [m[Kno functions named ‘[01m[Kdouble TiltDetector::compute_pitch_deg_from_acceleration_deg(double, double, double)[m[K’
[0.258s] In file included from [01m[K/home/gepopa/ros2_ws/src/imu_tilt_detection/src/tilt_detector.cpp:1[m[K:
[0.258s] [01m[K/home/gepopa/ros2_ws/src/imu_tilt_detection/include/imu_tilt_detection/tilt_detector.h:4:7:[m[K [01;36m[Knote: [m[K‘[01m[Kclass TiltDetector[m[K’ defined here
[0.258s]     4 | class [01;36m[KTiltDetector[m[K
[0.258s]       |       [01;36m[K^~~~~~~~~~~~[m[K
[0.260s] [01m[K/home/gepopa/ros2_ws/src/imu_tilt_detection/src/tilt_detector.cpp:[m[K In member function ‘[01m[Kbool TiltDetector::compute_tilt_status_from_acceleration(double, double, double)[m[K’:
[0.260s] [01m[K/home/gepopa/ros2_ws/src/imu_tilt_detection/src/tilt_detector.cpp:21:65:[m[K [01;31m[Kerror: [m[K‘[01m[Kmessage[m[K’ was not declared in this scope
[0.260s]    21 |     roll > _tilt_threshold_deg || pitch > _tilt_threshold_deg ? [01;31m[Kmessage[m[K.tilted = true : message.tilted = false;
[0.260s]       |                                                                 [01;31m[K^~~~~~~[m[K
[0.260s] [01m[K/home/gepopa/ros2_ws/src/imu_tilt_detection/src/tilt_detector.cpp:30:23:[m[K [01;31m[Kerror: [m[K‘[01m[Kaccumulate[m[K’ is not a member of ‘[01m[Kstd[m[K’
[0.260s]    30 |     double sum = std::[01;31m[Kaccumulate[m[K(_tilted_values.begin(), _tilted_values.end(), 0.0);
[0.260s]       |                       [01;31m[K^~~~~~~~~~[m[K
[0.280s] running egg_info
[0.280s] writing imu_tilt_detection.egg-info/PKG-INFO
[0.280s] writing dependency_links to imu_tilt_detection.egg-info/dependency_links.txt
[0.281s] writing top-level names to imu_tilt_detection.egg-info/top_level.txt
[0.282s] reading manifest file 'imu_tilt_detection.egg-info/SOURCES.txt'
[0.283s] writing manifest file 'imu_tilt_detection.egg-info/SOURCES.txt'
[0.298s] gmake[2]: *** [CMakeFiles/tilt_publisher.dir/build.make:90: CMakeFiles/tilt_publisher.dir/src/tilt_detector.cpp.o] Error 1
[0.298s] gmake[2]: *** Waiting for unfinished jobs....
[0.303s] [ 97%] Built target ament_cmake_python_build_imu_tilt_detection_egg
[2.130s] [01m[K/home/gepopa/ros2_ws/src/imu_tilt_detection/src/tilt_publisher.cpp:[m[K In constructor ‘[01m[KTiltPublisher::TiltPublisher()[m[K’:
[2.130s] [01m[K/home/gepopa/ros2_ws/src/imu_tilt_detection/src/tilt_publisher.cpp:9:44:[m[K [01;31m[Kerror: [m[Kno matching function for call to ‘[01m[KTiltDetector::TiltDetector()[m[K’
[2.130s]     9 |     TiltPublisher() : Node("tilt_publisher"[01;31m[K)[m[K
[2.130s]       |                                            [01;31m[K^[m[K
[2.130s] In file included from [01m[K/home/gepopa/ros2_ws/src/imu_tilt_detection/src/tilt_publisher.cpp:4[m[K:
[2.130s] [01m[K/home/gepopa/ros2_ws/src/imu_tilt_detection/include/imu_tilt_detection/tilt_detector.h:7:5:[m[K [01;36m[Knote: [m[Kcandidate: ‘[01m[KTiltDetector::TiltDetector(size_t, int)[m[K’
[2.130s]     7 |     [01;36m[KTiltDetector[m[K(size_t nb_values_for_mean, int tilt_threshold_deg);
[2.130s]       |     [01;36m[K^~~~~~~~~~~~[m[K
[2.130s] [01m[K/home/gepopa/ros2_ws/src/imu_tilt_detection/include/imu_tilt_detection/tilt_detector.h:7:5:[m[K [01;36m[Knote: [m[K  candidate expects 2 arguments, 0 provided
[2.130s] [01m[K/home/gepopa/ros2_ws/src/imu_tilt_detection/include/imu_tilt_detection/tilt_detector.h:4:7:[m[K [01;36m[Knote: [m[Kcandidate: ‘[01m[KTiltDetector::TiltDetector(const TiltDetector&)[m[K’
[2.130s]     4 | class [01;36m[KTiltDetector[m[K
[2.130s]       |       [01;36m[K^~~~~~~~~~~~[m[K
[2.131s] [01m[K/home/gepopa/ros2_ws/src/imu_tilt_detection/include/imu_tilt_detection/tilt_detector.h:4:7:[m[K [01;36m[Knote: [m[K  candidate expects 1 argument, 0 provided
[2.131s] [01m[K/home/gepopa/ros2_ws/src/imu_tilt_detection/include/imu_tilt_detection/tilt_detector.h:4:7:[m[K [01;36m[Knote: [m[Kcandidate: ‘[01m[KTiltDetector::TiltDetector(TiltDetector&&)[m[K’
[2.131s] [01m[K/home/gepopa/ros2_ws/src/imu_tilt_detection/include/imu_tilt_detection/tilt_detector.h:4:7:[m[K [01;36m[Knote: [m[K  candidate expects 1 argument, 0 provided
[2.142s] [01m[K/home/gepopa/ros2_ws/src/imu_tilt_detection/src/tilt_publisher.cpp:13:26:[m[K [01;31m[Kerror: [m[K‘[01m[KTiltDectector[m[K’ was not declared in this scope; did you mean ‘[01m[KTiltDetector[m[K’?
[2.142s]    13 |         tilt_detector_ = [01;31m[KTiltDectector[m[K(_nb_values_for_mean, _tilt_threshold_deg);
[2.142s]       |                          [01;31m[K^~~~~~~~~~~~~[m[K
[2.142s]       |                          [32m[KTiltDetector[m[K
[2.146s] In file included from [01m[K/opt/ros/iron/include/rclcpp/rclcpp/logging.hpp:24[m[K,
[2.146s]                  from [01m[K/opt/ros/iron/include/rclcpp/rclcpp/client.hpp:43[m[K,
[2.146s]                  from [01m[K/opt/ros/iron/include/rclcpp/rclcpp/callback_group.hpp:24[m[K,
[2.146s]                  from [01m[K/opt/ros/iron/include/rclcpp/rclcpp/any_executable.hpp:20[m[K,
[2.146s]                  from [01m[K/opt/ros/iron/include/rclcpp/rclcpp/memory_strategy.hpp:25[m[K,
[2.146s]                  from [01m[K/opt/ros/iron/include/rclcpp/rclcpp/memory_strategies.hpp:18[m[K,
[2.147s]                  from [01m[K/opt/ros/iron/include/rclcpp/rclcpp/executor_options.hpp:20[m[K,
[2.147s]                  from [01m[K/opt/ros/iron/include/rclcpp/rclcpp/executor.hpp:37[m[K,
[2.147s]                  from [01m[K/opt/ros/iron/include/rclcpp/rclcpp/executors/multi_threaded_executor.hpp:25[m[K,
[2.147s]                  from [01m[K/opt/ros/iron/include/rclcpp/rclcpp/executors.hpp:21[m[K,
[2.147s]                  from [01m[K/opt/ros/iron/include/rclcpp/rclcpp/rclcpp.hpp:167[m[K,
[2.147s]                  from [01m[K/home/gepopa/ros2_ws/src/imu_tilt_detection/src/tilt_publisher.cpp:2[m[K:
[2.147s] [01m[K/home/gepopa/ros2_ws/src/imu_tilt_detection/src/tilt_publisher.cpp:[m[K In member function ‘[01m[Kvoid TiltPublisher::publish_message(const Imu&)[m[K’:
[2.147s] [01m[K/home/gepopa/ros2_ws/src/imu_tilt_detection/src/tilt_publisher.cpp:29:106:[m[K [01;31m[Kerror: [m[K‘[01m[Ksum[m[K’ was not declared in this scope
[2.147s]    29 |         RCLCPP_INFO(this->get_logger(), "Publishing: '%s' sum: '%f'", message.tilted ? "True" : "False", [01;31m[Ksum[m[K);
[2.147s]       |                                                                                                          [01;31m[K^~~[m[K
[3.752s] gmake[2]: *** [CMakeFiles/tilt_publisher.dir/build.make:76: CMakeFiles/tilt_publisher.dir/src/tilt_publisher.cpp.o] Error 1
[3.753s] gmake[1]: *** [CMakeFiles/Makefile2:646: CMakeFiles/tilt_publisher.dir/all] Error 2
[3.753s] gmake: *** [Makefile:146: all] Error 2
[3.757s] Invoked command in '/home/gepopa/ros2_ws/src/imu_tilt_detection/build/imu_tilt_detection' returned '2': CMAKE_PREFIX_PATH=${CMAKE_PREFIX_PATH}:/opt/ros/iron /usr/bin/cmake --build /home/gepopa/ros2_ws/src/imu_tilt_detection/build/imu_tilt_detection -- -j12 -l12
