-- Found ament_cmake: 2.0.3 (/opt/ros/iron/share/ament_cmake/cmake)
-- Found rclcpp: 21.0.2 (/opt/ros/iron/share/rclcpp/cmake)
-- Found rosidl_generator_c: 4.0.1 (/opt/ros/iron/share/rosidl_generator_c/cmake)
-- Found rosidl_generator_cpp: 4.0.1 (/opt/ros/iron/share/rosidl_generator_cpp/cmake)
-- Using all available rosidl_typesupport_c: rosidl_typesupport_fastrtps_c;rosidl_typesupport_introspection_c
-- Using all available rosidl_typesupport_cpp: rosidl_typesupport_fastrtps_cpp;rosidl_typesupport_introspection_cpp
-- Found rmw_implementation_cmake: 7.1.0 (/opt/ros/iron/share/rmw_implementation_cmake/cmake)
-- Found rmw_fastrtps_cpp: 7.1.1 (/opt/ros/iron/share/rmw_fastrtps_cpp/cmake)
-- Using RMW implementation 'rmw_fastrtps_cpp' as default
-- Found std_msgs: 5.0.0 (/opt/ros/iron/share/std_msgs/cmake)
-- Found sensor_msgs: 5.0.0 (/opt/ros/iron/share/sensor_msgs/cmake)
-- Found rosidl_default_generators: 1.5.0 (/opt/ros/iron/share/rosidl_default_generators/cmake)
-- Found rosidl_adapter: 4.0.1 (/opt/ros/iron/share/rosidl_adapter/cmake)
-- Found ament_cmake_ros: 0.11.2 (/opt/ros/iron/share/ament_cmake_ros/cmake)
-- Using all available rosidl_typesupport_c: rosidl_typesupport_fastrtps_c;rosidl_typesupport_introspection_c
-- Using all available rosidl_typesupport_cpp: rosidl_typesupport_fastrtps_cpp;rosidl_typesupport_introspection_cpp
-- Found python_cmake_module: 0.10.2 (/opt/ros/iron/share/python_cmake_module/cmake)
-- Using PYTHON_EXECUTABLE: /usr/bin/python3
-- Using PYTHON_INCLUDE_DIRS: /usr/include/python3.10
-- Using PYTHON_LIBRARIES: /usr/lib/x86_64-linux-gnu/libpython3.10.so
-- Found gtest sources under '/opt/ros/iron/src/gtest_vendor': C++ tests using 'Google Test' will be built
-- Configuring done
-- Generating done
-- Build files have been written to: /home/gepopa/ros2_ws/src/imu_tilt_detection/build/imu_tilt_detection
[35m[1mConsolidate compiler generated dependencies of target gtest_main[0m
[35m[1mConsolidate compiler generated dependencies of target gtest[0m
[  2%] Built target imu_tilt_detection__rosidl_generator_type_description
[  6%] Built target gtest_main
[ 11%] Built target gtest
[ 11%] Built target ament_cmake_python_copy_imu_tilt_detection
[35m[1mConsolidate compiler generated dependencies of target imu_tilt_detection__rosidl_generator_c[0m
[35m[1mConsolidate compiler generated dependencies of target imu_tilt_detection_tilt_detector_test[0m
[ 13%] Built target imu_tilt_detection__cpp
[ 25%] Built target imu_tilt_detection__rosidl_generator_c
[ 30%] Built target imu_tilt_detection_tilt_detector_test
[35m[1mConsolidate compiler generated dependencies of target imu_tilt_detection__rosidl_typesupport_introspection_c[0m
[35m[1mConsolidate compiler generated dependencies of target imu_tilt_detection__rosidl_typesupport_cpp[0m
[35m[1mConsolidate compiler generated dependencies of target imu_tilt_detection__rosidl_typesupport_fastrtps_c[0m
[35m[1mConsolidate compiler generated dependencies of target imu_tilt_detection__rosidl_typesupport_fastrtps_cpp[0m
[35m[1mConsolidate compiler generated dependencies of target imu_tilt_detection__rosidl_typesupport_c[0m
[35m[1mConsolidate compiler generated dependencies of target imu_tilt_detection__rosidl_typesupport_introspection_cpp[0m
[ 37%] Built target imu_tilt_detection__rosidl_typesupport_introspection_c
[ 44%] Built target imu_tilt_detection__rosidl_typesupport_cpp
[ 51%] Built target imu_tilt_detection__rosidl_typesupport_fastrtps_cpp
[ 58%] Built target imu_tilt_detection__rosidl_typesupport_c
[ 65%] Built target imu_tilt_detection__rosidl_typesupport_fastrtps_c
[ 72%] Built target imu_tilt_detection__rosidl_typesupport_introspection_cpp
[35m[1mConsolidate compiler generated dependencies of target tilt_publisher[0m
[ 72%] Built target imu_tilt_detection
[ 76%] [32mBuilding CXX object CMakeFiles/tilt_publisher.dir/src/tilt_publisher.cpp.o[0m
[ 76%] [32mBuilding CXX object CMakeFiles/tilt_publisher.dir/src/tilt_detector.cpp.o[0m
[ 79%] Built target imu_tilt_detection__py
[35m[1mConsolidate compiler generated dependencies of target imu_tilt_detection__rosidl_generator_py[0m
[ 83%] Built target imu_tilt_detection__rosidl_generator_py
[35m[1mConsolidate compiler generated dependencies of target imu_tilt_detection__rosidl_typesupport_introspection_c__pyext[0m
[35m[1mConsolidate compiler generated dependencies of target imu_tilt_detection__rosidl_typesupport_fastrtps_c__pyext[0m
[35m[1mConsolidate compiler generated dependencies of target imu_tilt_detection__rosidl_typesupport_c__pyext[0m
[ 93%] Built target imu_tilt_detection__rosidl_typesupport_fastrtps_c__pyext
[ 93%] Built target imu_tilt_detection__rosidl_typesupport_introspection_c__pyext
[ 97%] Built target imu_tilt_detection__rosidl_typesupport_c__pyext
running egg_info
writing imu_tilt_detection.egg-info/PKG-INFO
writing dependency_links to imu_tilt_detection.egg-info/dependency_links.txt
writing top-level names to imu_tilt_detection.egg-info/top_level.txt
reading manifest file 'imu_tilt_detection.egg-info/SOURCES.txt'
writing manifest file 'imu_tilt_detection.egg-info/SOURCES.txt'
[ 97%] Built target ament_cmake_python_build_imu_tilt_detection_egg
