-- Found ament_cmake: 2.0.3 (/opt/ros/iron/share/ament_cmake/cmake)
-- Found rclcpp: 21.0.2 (/opt/ros/iron/share/rclcpp/cmake)
-- Found rosidl_generator_c: 4.0.1 (/opt/ros/iron/share/rosidl_generator_c/cmake)
-- Found rosidl_generator_cpp: 4.0.1 (/opt/ros/iron/share/rosidl_generator_cpp/cmake)
-- Using all available rosidl_typesupport_c: rosidl_typesupport_fastrtps_c;rosidl_typesupport_introspection_c
-- Using all available rosidl_typesupport_cpp: rosidl_typesupport_fastrtps_cpp;rosidl_typesupport_introspection_cpp
-- Found rmw_implementation_cmake: 7.1.0 (/opt/ros/iron/share/rmw_implementation_cmake/cmake)
-- Found rmw_fastrtps_cpp: 7.1.1 (/opt/ros/iron/share/rmw_fastrtps_cpp/cmake)
-- Using RMW implementation 'rmw_fastrtps_cpp' as default
-- Found std_msgs: 5.0.0 (/opt/ros/iron/share/std_msgs/cmake)
-- Found sensor_msgs: 5.0.0 (/opt/ros/iron/share/sensor_msgs/cmake)
-- Found rosidl_default_generators: 1.5.0 (/opt/ros/iron/share/rosidl_default_generators/cmake)
-- Found rosidl_adapter: 4.0.1 (/opt/ros/iron/share/rosidl_adapter/cmake)
-- Found ament_cmake_ros: 0.11.2 (/opt/ros/iron/share/ament_cmake_ros/cmake)
-- Using all available rosidl_typesupport_c: rosidl_typesupport_fastrtps_c;rosidl_typesupport_introspection_c
-- Using all available rosidl_typesupport_cpp: rosidl_typesupport_fastrtps_cpp;rosidl_typesupport_introspection_cpp
-- Found python_cmake_module: 0.10.2 (/opt/ros/iron/share/python_cmake_module/cmake)
-- Using PYTHON_EXECUTABLE: /usr/bin/python3
-- Using PYTHON_INCLUDE_DIRS: /usr/include/python3.10
-- Using PYTHON_LIBRARIES: /usr/lib/x86_64-linux-gnu/libpython3.10.so
-- Found gtest sources under '/opt/ros/iron/src/gtest_vendor': C++ tests using 'Google Test' will be built
-- Configuring done
-- Generating done
-- Build files have been written to: /home/gepopa/ros2_ws/src/imu_tilt_detection/build/imu_tilt_detection
[35m[1mConsolidate compiler generated dependencies of target gtest_main[0m
[35m[1mConsolidate compiler generated dependencies of target gtest[0m
[  2%] Built target imu_tilt_detection__rosidl_generator_type_description
[  6%] Built target gtest_main
[ 11%] Built target gtest
[ 11%] Built target ament_cmake_python_copy_imu_tilt_detection
[35m[1mConsolidate compiler generated dependencies of target imu_tilt_detection__rosidl_generator_c[0m
[35m[1mConsolidate compiler generated dependencies of target imu_tilt_detection_tilt_detector_test[0m
[ 13%] Built target imu_tilt_detection__cpp
[ 25%] Built target imu_tilt_detection__rosidl_generator_c
[ 30%] Built target imu_tilt_detection_tilt_detector_test
[35m[1mConsolidate compiler generated dependencies of target imu_tilt_detection__rosidl_typesupport_introspection_c[0m
[35m[1mConsolidate compiler generated dependencies of target imu_tilt_detection__rosidl_typesupport_cpp[0m
[35m[1mConsolidate compiler generated dependencies of target imu_tilt_detection__rosidl_typesupport_fastrtps_c[0m
[35m[1mConsolidate compiler generated dependencies of target imu_tilt_detection__rosidl_typesupport_fastrtps_cpp[0m
[35m[1mConsolidate compiler generated dependencies of target imu_tilt_detection__rosidl_typesupport_c[0m
[35m[1mConsolidate compiler generated dependencies of target imu_tilt_detection__rosidl_typesupport_introspection_cpp[0m
[ 37%] Built target imu_tilt_detection__rosidl_typesupport_introspection_c
[ 44%] Built target imu_tilt_detection__rosidl_typesupport_cpp
[ 51%] Built target imu_tilt_detection__rosidl_typesupport_fastrtps_cpp
[ 58%] Built target imu_tilt_detection__rosidl_typesupport_c
[ 65%] Built target imu_tilt_detection__rosidl_typesupport_fastrtps_c
[ 72%] Built target imu_tilt_detection__rosidl_typesupport_introspection_cpp
[35m[1mConsolidate compiler generated dependencies of target tilt_publisher[0m
[ 72%] Built target imu_tilt_detection
[ 76%] [32mBuilding CXX object CMakeFiles/tilt_publisher.dir/src/tilt_publisher.cpp.o[0m
[ 76%] [32mBuilding CXX object CMakeFiles/tilt_publisher.dir/src/tilt_detector.cpp.o[0m
[ 79%] Built target imu_tilt_detection__py
[35m[1mConsolidate compiler generated dependencies of target imu_tilt_detection__rosidl_generator_py[0m
[ 83%] Built target imu_tilt_detection__rosidl_generator_py
[35m[1mConsolidate compiler generated dependencies of target imu_tilt_detection__rosidl_typesupport_introspection_c__pyext[0m
[35m[1mConsolidate compiler generated dependencies of target imu_tilt_detection__rosidl_typesupport_fastrtps_c__pyext[0m
[35m[1mConsolidate compiler generated dependencies of target imu_tilt_detection__rosidl_typesupport_c__pyext[0m
[ 93%] Built target imu_tilt_detection__rosidl_typesupport_fastrtps_c__pyext
[ 93%] Built target imu_tilt_detection__rosidl_typesupport_introspection_c__pyext
[ 97%] Built target imu_tilt_detection__rosidl_typesupport_c__pyext
In file included from [01m[K/home/gepopa/ros2_ws/src/imu_tilt_detection/src/tilt_detector.cpp:1[m[K:
[01m[K/home/gepopa/ros2_ws/src/imu_tilt_detection/include/imu_tilt_detection/tilt_detector.h:6:24:[m[K [01;31m[Kerror: [m[Kexpected ‘[01m[K)[m[K’ before ‘[01m[Knb_values_for_mean[m[K’
    6 |     TiltDetector[34m[K([m[Ksize_t[01;31m[K [m[K[32m[Knb_values_for_mean[m[K, int tilt_threshold_deg);
      |                 [34m[K~[m[K      [01;31m[K^[m[K[32m[K~~~~~~~~~~~~~~~~~~[m[K
      |                        [32m[K)[m[K
[01m[K/home/gepopa/ros2_ws/src/imu_tilt_detection/include/imu_tilt_detection/tilt_detector.h:14:11:[m[K [01;31m[Kerror: [m[K‘[01m[Ksize_t[m[K’ does not name a type
   14 |     const [01;31m[Ksize_t[m[K _nb_values_for_mean;
      |           [01;31m[K^~~~~~[m[K
[01m[K/home/gepopa/ros2_ws/src/imu_tilt_detection/include/imu_tilt_detection/tilt_detector.h:2:1:[m[K [01;36m[Knote: [m[K‘[01m[Ksize_t[m[K’ is defined in header ‘[01m[K<cstddef>[m[K’; did you forget to ‘[01m[K#include <cstddef>[m[K’?
    1 | #include <deque>
  +++ |+[32m[K#include <cstddef>[m[K
    2 | 
[01m[K/home/gepopa/ros2_ws/src/imu_tilt_detection/include/imu_tilt_detection/tilt_detector.h:15:15:[m[K [01;35m[Kwarning: [m[Knon-static const member ‘[01m[Kconst int TiltDetector::_tilt_threshold_deg[m[K’ in class without a constructor [[01;35m[K]8;;https://gcc.gnu.org/onlinedocs/gcc/Warning-Options.html#index-Wuninitialized-Wuninitialized]8;;[m[K]
   15 |     const int [01;35m[K_tilt_threshold_deg[m[K;
      |               [01;35m[K^~~~~~~~~~~~~~~~~~~[m[K
[01m[K/home/gepopa/ros2_ws/src/imu_tilt_detection/src/tilt_detector.cpp:5:1:[m[K [01;31m[Kerror: [m[Kno declaration matches ‘[01m[KTiltDetector::TiltDetector(size_t, int)[m[K’
    5 | [01;31m[KTiltDetector[m[K::TiltDetector(size_t nb_values_for_mean, int tilt_threshold_deg) : _nb_values_for_mean(nb_values_for_mean), _tilt_threshold_deg(tilt_threshold_deg){
      | [01;31m[K^~~~~~~~~~~~[m[K
In file included from [01m[K/home/gepopa/ros2_ws/src/imu_tilt_detection/src/tilt_detector.cpp:1[m[K:
[01m[K/home/gepopa/ros2_ws/src/imu_tilt_detection/include/imu_tilt_detection/tilt_detector.h:3:7:[m[K [01;36m[Knote: [m[Kcandidates are: ‘[01m[KTiltDetector::TiltDetector(TiltDetector&&)[m[K’
    3 | class [01;36m[KTiltDetector[m[K
      |       [01;36m[K^~~~~~~~~~~~[m[K
[01m[K/home/gepopa/ros2_ws/src/imu_tilt_detection/include/imu_tilt_detection/tilt_detector.h:3:7:[m[K [01;36m[Knote: [m[K                ‘[01m[KTiltDetector::TiltDetector(const TiltDetector&)[m[K’
[01m[K/home/gepopa/ros2_ws/src/imu_tilt_detection/include/imu_tilt_detection/tilt_detector.h:3:7:[m[K [01;36m[Knote: [m[K                ‘[01m[KTiltDetector::TiltDetector()[m[K’
[01m[K/home/gepopa/ros2_ws/src/imu_tilt_detection/include/imu_tilt_detection/tilt_detector.h:3:7:[m[K [01;36m[Knote: [m[K‘[01m[Kclass TiltDetector[m[K’ defined here
[01m[K/home/gepopa/ros2_ws/src/imu_tilt_detection/src/tilt_detector.cpp:8:8:[m[K [01;31m[Kerror: [m[Kno declaration matches ‘[01m[Kdouble TiltDetector::compute_roll_deg_from_acceleration_deg(double, double, double)[m[K’
    8 | double [01;31m[KTiltDetector[m[K::compute_roll_deg_from_acceleration_deg(double x, double y, double z){
      |        [01;31m[K^~~~~~~~~~~~[m[K
[01m[K/home/gepopa/ros2_ws/src/imu_tilt_detection/src/tilt_detector.cpp:8:8:[m[K [01;36m[Knote: [m[Kno functions named ‘[01m[Kdouble TiltDetector::compute_roll_deg_from_acceleration_deg(double, double, double)[m[K’
In file included from [01m[K/home/gepopa/ros2_ws/src/imu_tilt_detection/src/tilt_detector.cpp:1[m[K:
[01m[K/home/gepopa/ros2_ws/src/imu_tilt_detection/include/imu_tilt_detection/tilt_detector.h:3:7:[m[K [01;36m[Knote: [m[K‘[01m[Kclass TiltDetector[m[K’ defined here
    3 | class [01;36m[KTiltDetector[m[K
      |       [01;36m[K^~~~~~~~~~~~[m[K
[01m[K/home/gepopa/ros2_ws/src/imu_tilt_detection/src/tilt_detector.cpp:12:8:[m[K [01;31m[Kerror: [m[Kno declaration matches ‘[01m[Kdouble TiltDetector::compute_pitch_deg_from_acceleration_deg(double, double, double)[m[K’
   12 | double [01;31m[KTiltDetector[m[K::compute_pitch_deg_from_acceleration_deg(double x, double y, double z){
      |        [01;31m[K^~~~~~~~~~~~[m[K
[01m[K/home/gepopa/ros2_ws/src/imu_tilt_detection/src/tilt_detector.cpp:12:8:[m[K [01;36m[Knote: [m[Kno functions named ‘[01m[Kdouble TiltDetector::compute_pitch_deg_from_acceleration_deg(double, double, double)[m[K’
In file included from [01m[K/home/gepopa/ros2_ws/src/imu_tilt_detection/src/tilt_detector.cpp:1[m[K:
[01m[K/home/gepopa/ros2_ws/src/imu_tilt_detection/include/imu_tilt_detection/tilt_detector.h:3:7:[m[K [01;36m[Knote: [m[K‘[01m[Kclass TiltDetector[m[K’ defined here
    3 | class [01;36m[KTiltDetector[m[K
      |       [01;36m[K^~~~~~~~~~~~[m[K
[01m[K/home/gepopa/ros2_ws/src/imu_tilt_detection/src/tilt_detector.cpp:[m[K In member function ‘[01m[Kbool TiltDetector::compute_tilt_status_from_acceleration(double, double, double)[m[K’:
[01m[K/home/gepopa/ros2_ws/src/imu_tilt_detection/src/tilt_detector.cpp:21:65:[m[K [01;31m[Kerror: [m[K‘[01m[Kmessage[m[K’ was not declared in this scope
   21 |     roll > _tilt_threshold_deg || pitch > _tilt_threshold_deg ? [01;31m[Kmessage[m[K.tilted = true : message.tilted = false;
      |                                                                 [01;31m[K^~~~~~~[m[K
[01m[K/home/gepopa/ros2_ws/src/imu_tilt_detection/src/tilt_detector.cpp:23:35:[m[K [01;31m[Kerror: [m[K‘[01m[K_nb_values_for_mean[m[K’ was not declared in this scope
   23 |     if(_tilted_values.size() +1 > [01;31m[K_nb_values_for_mean[m[K){
      |                                   [01;31m[K^~~~~~~~~~~~~~~~~~~[m[K
[01m[K/home/gepopa/ros2_ws/src/imu_tilt_detection/src/tilt_detector.cpp:30:23:[m[K [01;31m[Kerror: [m[K‘[01m[Kaccumulate[m[K’ is not a member of ‘[01m[Kstd[m[K’
   30 |     double sum = std::[01;31m[Kaccumulate[m[K(_tilted_values.begin(), _tilted_values.end(), 0.0);
      |                       [01;31m[K^~~~~~~~~~[m[K
running egg_info
writing imu_tilt_detection.egg-info/PKG-INFO
writing dependency_links to imu_tilt_detection.egg-info/dependency_links.txt
writing top-level names to imu_tilt_detection.egg-info/top_level.txt
reading manifest file 'imu_tilt_detection.egg-info/SOURCES.txt'
writing manifest file 'imu_tilt_detection.egg-info/SOURCES.txt'
[ 97%] Built target ament_cmake_python_build_imu_tilt_detection_egg
gmake[2]: *** [CMakeFiles/tilt_publisher.dir/build.make:90: CMakeFiles/tilt_publisher.dir/src/tilt_detector.cpp.o] Error 1
gmake[2]: *** Waiting for unfinished jobs....
[01m[K/home/gepopa/ros2_ws/src/imu_tilt_detection/src/tilt_publisher.cpp:[m[K In constructor ‘[01m[KTiltPublisher::TiltPublisher()[m[K’:
[01m[K/home/gepopa/ros2_ws/src/imu_tilt_detection/src/tilt_publisher.cpp:9:44:[m[K [01;31m[Kerror: [m[Kno matching function for call to ‘[01m[KTiltDetector::TiltDetector()[m[K’
    9 |     TiltPublisher() : Node("tilt_publisher"[01;31m[K)[m[K
      |                                            [01;31m[K^[m[K
In file included from [01m[K/home/gepopa/ros2_ws/src/imu_tilt_detection/src/tilt_publisher.cpp:4[m[K:
[01m[K/home/gepopa/ros2_ws/src/imu_tilt_detection/include/imu_tilt_detection/tilt_detector.h:6:5:[m[K [01;36m[Knote: [m[Kcandidate: ‘[01m[KTiltDetector::TiltDetector(size_t, int)[m[K’
    6 |     [01;36m[KTiltDetector[m[K(size_t nb_values_for_mean, int tilt_threshold_deg);
      |     [01;36m[K^~~~~~~~~~~~[m[K
[01m[K/home/gepopa/ros2_ws/src/imu_tilt_detection/include/imu_tilt_detection/tilt_detector.h:6:5:[m[K [01;36m[Knote: [m[K  candidate expects 2 arguments, 0 provided
[01m[K/home/gepopa/ros2_ws/src/imu_tilt_detection/include/imu_tilt_detection/tilt_detector.h:3:7:[m[K [01;36m[Knote: [m[Kcandidate: ‘[01m[KTiltDetector::TiltDetector(const TiltDetector&)[m[K’
    3 | class [01;36m[KTiltDetector[m[K
      |       [01;36m[K^~~~~~~~~~~~[m[K
[01m[K/home/gepopa/ros2_ws/src/imu_tilt_detection/include/imu_tilt_detection/tilt_detector.h:3:7:[m[K [01;36m[Knote: [m[K  candidate expects 1 argument, 0 provided
[01m[K/home/gepopa/ros2_ws/src/imu_tilt_detection/include/imu_tilt_detection/tilt_detector.h:3:7:[m[K [01;36m[Knote: [m[Kcandidate: ‘[01m[KTiltDetector::TiltDetector(TiltDetector&&)[m[K’
[01m[K/home/gepopa/ros2_ws/src/imu_tilt_detection/include/imu_tilt_detection/tilt_detector.h:3:7:[m[K [01;36m[Knote: [m[K  candidate expects 1 argument, 0 provided
[01m[K/home/gepopa/ros2_ws/src/imu_tilt_detection/src/tilt_publisher.cpp:13:26:[m[K [01;31m[Kerror: [m[K‘[01m[KTiltDectector[m[K’ was not declared in this scope; did you mean ‘[01m[KTiltDetector[m[K’?
   13 |         tilt_detector_ = [01;31m[KTiltDectector[m[K(_nb_values_for_mean, _tilt_threshold_deg);
      |                          [01;31m[K^~~~~~~~~~~~~[m[K
      |                          [32m[KTiltDetector[m[K
In file included from [01m[K/opt/ros/iron/include/rclcpp/rclcpp/logging.hpp:24[m[K,
                 from [01m[K/opt/ros/iron/include/rclcpp/rclcpp/client.hpp:43[m[K,
                 from [01m[K/opt/ros/iron/include/rclcpp/rclcpp/callback_group.hpp:24[m[K,
                 from [01m[K/opt/ros/iron/include/rclcpp/rclcpp/any_executable.hpp:20[m[K,
                 from [01m[K/opt/ros/iron/include/rclcpp/rclcpp/memory_strategy.hpp:25[m[K,
                 from [01m[K/opt/ros/iron/include/rclcpp/rclcpp/memory_strategies.hpp:18[m[K,
                 from [01m[K/opt/ros/iron/include/rclcpp/rclcpp/executor_options.hpp:20[m[K,
                 from [01m[K/opt/ros/iron/include/rclcpp/rclcpp/executor.hpp:37[m[K,
                 from [01m[K/opt/ros/iron/include/rclcpp/rclcpp/executors/multi_threaded_executor.hpp:25[m[K,
                 from [01m[K/opt/ros/iron/include/rclcpp/rclcpp/executors.hpp:21[m[K,
                 from [01m[K/opt/ros/iron/include/rclcpp/rclcpp/rclcpp.hpp:167[m[K,
                 from [01m[K/home/gepopa/ros2_ws/src/imu_tilt_detection/src/tilt_publisher.cpp:2[m[K:
[01m[K/home/gepopa/ros2_ws/src/imu_tilt_detection/src/tilt_publisher.cpp:[m[K In member function ‘[01m[Kvoid TiltPublisher::publish_message(const Imu&)[m[K’:
[01m[K/home/gepopa/ros2_ws/src/imu_tilt_detection/src/tilt_publisher.cpp:29:106:[m[K [01;31m[Kerror: [m[K‘[01m[Ksum[m[K’ was not declared in this scope
   29 |         RCLCPP_INFO(this->get_logger(), "Publishing: '%s' sum: '%f'", message.tilted ? "True" : "False", [01;31m[Ksum[m[K);
      |                                                                                                          [01;31m[K^~~[m[K
gmake[2]: *** [CMakeFiles/tilt_publisher.dir/build.make:76: CMakeFiles/tilt_publisher.dir/src/tilt_publisher.cpp.o] Error 1
gmake[1]: *** [CMakeFiles/Makefile2:646: CMakeFiles/tilt_publisher.dir/all] Error 2
gmake: *** [Makefile:146: all] Error 2
