[0.012s] Invoking command in '/home/gepopa/ros2_ws/src/imu_tilt_detection/build/imu_tilt_detection': CMAKE_PREFIX_PATH=${CMAKE_PREFIX_PATH}:/opt/ros/iron /usr/bin/cmake --build /home/gepopa/ros2_ws/src/imu_tilt_detection/build/imu_tilt_detection -- -j12 -l12
[0.031s] -- Found ament_cmake: 2.0.3 (/opt/ros/iron/share/ament_cmake/cmake)
[0.143s] -- Found rclcpp: 21.0.2 (/opt/ros/iron/share/rclcpp/cmake)
[0.167s] -- Found rosidl_generator_c: 4.0.1 (/opt/ros/iron/share/rosidl_generator_c/cmake)
[0.174s] -- Found rosidl_generator_cpp: 4.0.1 (/opt/ros/iron/share/rosidl_generator_cpp/cmake)
[0.185s] -- Using all available rosidl_typesupport_c: rosidl_typesupport_fastrtps_c;rosidl_typesupport_introspection_c
[0.199s] -- Using all available rosidl_typesupport_cpp: rosidl_typesupport_fastrtps_cpp;rosidl_typesupport_introspection_cpp
[0.334s] -- Found rmw_implementation_cmake: 7.1.0 (/opt/ros/iron/share/rmw_implementation_cmake/cmake)
[0.335s] -- Found rmw_fastrtps_cpp: 7.1.1 (/opt/ros/iron/share/rmw_fastrtps_cpp/cmake)
[0.431s] -- Using RMW implementation 'rmw_fastrtps_cpp' as default
[0.577s] -- Found std_msgs: 5.0.0 (/opt/ros/iron/share/std_msgs/cmake)
[0.604s] -- Found sensor_msgs: 5.0.0 (/opt/ros/iron/share/sensor_msgs/cmake)
[0.727s] -- Found rosidl_default_generators: 1.5.0 (/opt/ros/iron/share/rosidl_default_generators/cmake)
[0.734s] -- Found rosidl_adapter: 4.0.1 (/opt/ros/iron/share/rosidl_adapter/cmake)
[0.999s] -- Found ament_cmake_ros: 0.11.2 (/opt/ros/iron/share/ament_cmake_ros/cmake)
[1.371s] -- Using all available rosidl_typesupport_c: rosidl_typesupport_fastrtps_c;rosidl_typesupport_introspection_c
[1.518s] -- Using all available rosidl_typesupport_cpp: rosidl_typesupport_fastrtps_cpp;rosidl_typesupport_introspection_cpp
[1.536s] -- Found python_cmake_module: 0.10.2 (/opt/ros/iron/share/python_cmake_module/cmake)
[1.555s] -- Using PYTHON_EXECUTABLE: /usr/bin/python3
[1.555s] -- Using PYTHON_INCLUDE_DIRS: /usr/include/python3.10
[1.555s] -- Using PYTHON_LIBRARIES: /usr/lib/x86_64-linux-gnu/libpython3.10.so
[1.601s] -- Found gtest sources under '/opt/ros/iron/src/gtest_vendor': C++ tests using 'Google Test' will be built
[1.608s] -- Configuring done
[1.652s] -- Generating done
[1.656s] -- Build files have been written to: /home/gepopa/ros2_ws/src/imu_tilt_detection/build/imu_tilt_detection
[1.678s] [35m[1mConsolidate compiler generated dependencies of target gtest_main[0m
[1.678s] [35m[1mConsolidate compiler generated dependencies of target gtest[0m
[1.686s] [  2%] Built target imu_tilt_detection__rosidl_generator_type_description
[1.690s] [  6%] Built target gtest_main
[1.691s] [ 11%] Built target gtest
[1.694s] [ 11%] Built target ament_cmake_python_copy_imu_tilt_detection
[1.695s] [35m[1mConsolidate compiler generated dependencies of target imu_tilt_detection__rosidl_generator_c[0m
[1.700s] [35m[1mConsolidate compiler generated dependencies of target imu_tilt_detection_tilt_detector_test[0m
[1.703s] [ 13%] Built target imu_tilt_detection__cpp
[1.706s] [ 25%] Built target imu_tilt_detection__rosidl_generator_c
[1.713s] [ 30%] Built target imu_tilt_detection_tilt_detector_test
[1.715s] [35m[1mConsolidate compiler generated dependencies of target imu_tilt_detection__rosidl_typesupport_introspection_c[0m
[1.715s] [35m[1mConsolidate compiler generated dependencies of target imu_tilt_detection__rosidl_typesupport_cpp[0m
[1.715s] [35m[1mConsolidate compiler generated dependencies of target imu_tilt_detection__rosidl_typesupport_fastrtps_c[0m
[1.716s] [35m[1mConsolidate compiler generated dependencies of target imu_tilt_detection__rosidl_typesupport_fastrtps_cpp[0m
[1.717s] [35m[1mConsolidate compiler generated dependencies of target imu_tilt_detection__rosidl_typesupport_c[0m
[1.719s] [35m[1mConsolidate compiler generated dependencies of target imu_tilt_detection__rosidl_typesupport_introspection_cpp[0m
[1.726s] [ 37%] Built target imu_tilt_detection__rosidl_typesupport_introspection_c
[1.727s] [ 44%] Built target imu_tilt_detection__rosidl_typesupport_cpp
[1.727s] [ 51%] Built target imu_tilt_detection__rosidl_typesupport_fastrtps_cpp
[1.728s] [ 58%] Built target imu_tilt_detection__rosidl_typesupport_c
[1.728s] [ 65%] Built target imu_tilt_detection__rosidl_typesupport_fastrtps_c
[1.733s] [ 72%] Built target imu_tilt_detection__rosidl_typesupport_introspection_cpp
[1.736s] [35m[1mConsolidate compiler generated dependencies of target tilt_publisher[0m
[1.750s] [ 72%] Built target imu_tilt_detection
[1.752s] [ 76%] [32mBuilding CXX object CMakeFiles/tilt_publisher.dir/src/tilt_publisher.cpp.o[0m
[1.752s] [ 76%] [32mBuilding CXX object CMakeFiles/tilt_publisher.dir/src/tilt_detector.cpp.o[0m
[1.767s] [ 79%] Built target imu_tilt_detection__py
[1.776s] [35m[1mConsolidate compiler generated dependencies of target imu_tilt_detection__rosidl_generator_py[0m
[1.787s] [ 83%] Built target imu_tilt_detection__rosidl_generator_py
[1.795s] [35m[1mConsolidate compiler generated dependencies of target imu_tilt_detection__rosidl_typesupport_introspection_c__pyext[0m
[1.795s] [35m[1mConsolidate compiler generated dependencies of target imu_tilt_detection__rosidl_typesupport_fastrtps_c__pyext[0m
[1.795s] [35m[1mConsolidate compiler generated dependencies of target imu_tilt_detection__rosidl_typesupport_c__pyext[0m
[1.806s] [ 93%] Built target imu_tilt_detection__rosidl_typesupport_fastrtps_c__pyext
[1.806s] [ 93%] Built target imu_tilt_detection__rosidl_typesupport_introspection_c__pyext
[1.807s] [ 97%] Built target imu_tilt_detection__rosidl_typesupport_c__pyext
[1.853s] In file included from [01m[K/home/gepopa/ros2_ws/src/imu_tilt_detection/src/tilt_detector.cpp:1[m[K:
[1.853s] [01m[K/home/gepopa/ros2_ws/src/imu_tilt_detection/include/imu_tilt_detection/tilt_detector.h:6:24:[m[K [01;31m[Kerror: [m[Kexpected ‘[01m[K)[m[K’ before ‘[01m[Knb_values_for_mean[m[K’
[1.853s]     6 |     TiltDetector[34m[K([m[Ksize_t[01;31m[K [m[K[32m[Knb_values_for_mean[m[K, int tilt_threshold_deg);
[1.853s]       |                 [34m[K~[m[K      [01;31m[K^[m[K[32m[K~~~~~~~~~~~~~~~~~~[m[K
[1.853s]       |                        [32m[K)[m[K
[1.855s] [01m[K/home/gepopa/ros2_ws/src/imu_tilt_detection/include/imu_tilt_detection/tilt_detector.h:14:11:[m[K [01;31m[Kerror: [m[K‘[01m[Ksize_t[m[K’ does not name a type
[1.855s]    14 |     const [01;31m[Ksize_t[m[K _nb_values_for_mean;
[1.855s]       |           [01;31m[K^~~~~~[m[K
[1.855s] [01m[K/home/gepopa/ros2_ws/src/imu_tilt_detection/include/imu_tilt_detection/tilt_detector.h:2:1:[m[K [01;36m[Knote: [m[K‘[01m[Ksize_t[m[K’ is defined in header ‘[01m[K<cstddef>[m[K’; did you forget to ‘[01m[K#include <cstddef>[m[K’?
[1.855s]     1 | #include <deque>
[1.855s]   +++ |+[32m[K#include <cstddef>[m[K
[1.855s]     2 | 
[1.855s] [01m[K/home/gepopa/ros2_ws/src/imu_tilt_detection/include/imu_tilt_detection/tilt_detector.h:15:15:[m[K [01;35m[Kwarning: [m[Knon-static const member ‘[01m[Kconst int TiltDetector::_tilt_threshold_deg[m[K’ in class without a constructor [[01;35m[K]8;;https://gcc.gnu.org/onlinedocs/gcc/Warning-Options.html#index-Wuninitialized-Wuninitialized]8;;[m[K]
[1.855s]    15 |     const int [01;35m[K_tilt_threshold_deg[m[K;
[1.855s]       |               [01;35m[K^~~~~~~~~~~~~~~~~~~[m[K
[1.887s] [01m[K/home/gepopa/ros2_ws/src/imu_tilt_detection/src/tilt_detector.cpp:5:1:[m[K [01;31m[Kerror: [m[Kno declaration matches ‘[01m[KTiltDetector::TiltDetector(size_t, int)[m[K’
[1.887s]     5 | [01;31m[KTiltDetector[m[K::TiltDetector(size_t nb_values_for_mean, int tilt_threshold_deg) : _nb_values_for_mean(nb_values_for_mean), _tilt_threshold_deg(tilt_threshold_deg){
[1.887s]       | [01;31m[K^~~~~~~~~~~~[m[K
[1.887s] In file included from [01m[K/home/gepopa/ros2_ws/src/imu_tilt_detection/src/tilt_detector.cpp:1[m[K:
[1.887s] [01m[K/home/gepopa/ros2_ws/src/imu_tilt_detection/include/imu_tilt_detection/tilt_detector.h:3:7:[m[K [01;36m[Knote: [m[Kcandidates are: ‘[01m[KTiltDetector::TiltDetector(TiltDetector&&)[m[K’
[1.887s]     3 | class [01;36m[KTiltDetector[m[K
[1.887s]       |       [01;36m[K^~~~~~~~~~~~[m[K
[1.887s] [01m[K/home/gepopa/ros2_ws/src/imu_tilt_detection/include/imu_tilt_detection/tilt_detector.h:3:7:[m[K [01;36m[Knote: [m[K                ‘[01m[KTiltDetector::TiltDetector(const TiltDetector&)[m[K’
[1.887s] [01m[K/home/gepopa/ros2_ws/src/imu_tilt_detection/include/imu_tilt_detection/tilt_detector.h:3:7:[m[K [01;36m[Knote: [m[K                ‘[01m[KTiltDetector::TiltDetector()[m[K’
[1.887s] [01m[K/home/gepopa/ros2_ws/src/imu_tilt_detection/include/imu_tilt_detection/tilt_detector.h:3:7:[m[K [01;36m[Knote: [m[K‘[01m[Kclass TiltDetector[m[K’ defined here
[1.887s] [01m[K/home/gepopa/ros2_ws/src/imu_tilt_detection/src/tilt_detector.cpp:8:8:[m[K [01;31m[Kerror: [m[Kno declaration matches ‘[01m[Kdouble TiltDetector::compute_roll_deg_from_acceleration_deg(double, double, double)[m[K’
[1.887s]     8 | double [01;31m[KTiltDetector[m[K::compute_roll_deg_from_acceleration_deg(double x, double y, double z){
[1.887s]       |        [01;31m[K^~~~~~~~~~~~[m[K
[1.887s] [01m[K/home/gepopa/ros2_ws/src/imu_tilt_detection/src/tilt_detector.cpp:8:8:[m[K [01;36m[Knote: [m[Kno functions named ‘[01m[Kdouble TiltDetector::compute_roll_deg_from_acceleration_deg(double, double, double)[m[K’
[1.887s] In file included from [01m[K/home/gepopa/ros2_ws/src/imu_tilt_detection/src/tilt_detector.cpp:1[m[K:
[1.887s] [01m[K/home/gepopa/ros2_ws/src/imu_tilt_detection/include/imu_tilt_detection/tilt_detector.h:3:7:[m[K [01;36m[Knote: [m[K‘[01m[Kclass TiltDetector[m[K’ defined here
[1.887s]     3 | class [01;36m[KTiltDetector[m[K
[1.888s]       |       [01;36m[K^~~~~~~~~~~~[m[K
[1.888s] [01m[K/home/gepopa/ros2_ws/src/imu_tilt_detection/src/tilt_detector.cpp:12:8:[m[K [01;31m[Kerror: [m[Kno declaration matches ‘[01m[Kdouble TiltDetector::compute_pitch_deg_from_acceleration_deg(double, double, double)[m[K’
[1.888s]    12 | double [01;31m[KTiltDetector[m[K::compute_pitch_deg_from_acceleration_deg(double x, double y, double z){
[1.888s]       |        [01;31m[K^~~~~~~~~~~~[m[K
[1.888s] [01m[K/home/gepopa/ros2_ws/src/imu_tilt_detection/src/tilt_detector.cpp:12:8:[m[K [01;36m[Knote: [m[Kno functions named ‘[01m[Kdouble TiltDetector::compute_pitch_deg_from_acceleration_deg(double, double, double)[m[K’
[1.888s] In file included from [01m[K/home/gepopa/ros2_ws/src/imu_tilt_detection/src/tilt_detector.cpp:1[m[K:
[1.888s] [01m[K/home/gepopa/ros2_ws/src/imu_tilt_detection/include/imu_tilt_detection/tilt_detector.h:3:7:[m[K [01;36m[Knote: [m[K‘[01m[Kclass TiltDetector[m[K’ defined here
[1.888s]     3 | class [01;36m[KTiltDetector[m[K
[1.888s]       |       [01;36m[K^~~~~~~~~~~~[m[K
[1.889s] [01m[K/home/gepopa/ros2_ws/src/imu_tilt_detection/src/tilt_detector.cpp:[m[K In member function ‘[01m[Kbool TiltDetector::compute_tilt_status_from_acceleration(double, double, double)[m[K’:
[1.889s] [01m[K/home/gepopa/ros2_ws/src/imu_tilt_detection/src/tilt_detector.cpp:21:65:[m[K [01;31m[Kerror: [m[K‘[01m[Kmessage[m[K’ was not declared in this scope
[1.889s]    21 |     roll > _tilt_threshold_deg || pitch > _tilt_threshold_deg ? [01;31m[Kmessage[m[K.tilted = true : message.tilted = false;
[1.889s]       |                                                                 [01;31m[K^~~~~~~[m[K
[1.895s] [01m[K/home/gepopa/ros2_ws/src/imu_tilt_detection/src/tilt_detector.cpp:23:35:[m[K [01;31m[Kerror: [m[K‘[01m[K_nb_values_for_mean[m[K’ was not declared in this scope
[1.895s]    23 |     if(_tilted_values.size() +1 > [01;31m[K_nb_values_for_mean[m[K){
[1.895s]       |                                   [01;31m[K^~~~~~~~~~~~~~~~~~~[m[K
[1.895s] [01m[K/home/gepopa/ros2_ws/src/imu_tilt_detection/src/tilt_detector.cpp:30:23:[m[K [01;31m[Kerror: [m[K‘[01m[Kaccumulate[m[K’ is not a member of ‘[01m[Kstd[m[K’
[1.895s]    30 |     double sum = std::[01;31m[Kaccumulate[m[K(_tilted_values.begin(), _tilted_values.end(), 0.0);
[1.895s]       |                       [01;31m[K^~~~~~~~~~[m[K
[1.904s] running egg_info
[1.904s] writing imu_tilt_detection.egg-info/PKG-INFO
[1.905s] writing dependency_links to imu_tilt_detection.egg-info/dependency_links.txt
[1.905s] writing top-level names to imu_tilt_detection.egg-info/top_level.txt
[1.906s] reading manifest file 'imu_tilt_detection.egg-info/SOURCES.txt'
[1.907s] writing manifest file 'imu_tilt_detection.egg-info/SOURCES.txt'
[1.926s] [ 97%] Built target ament_cmake_python_build_imu_tilt_detection_egg
[1.929s] gmake[2]: *** [CMakeFiles/tilt_publisher.dir/build.make:90: CMakeFiles/tilt_publisher.dir/src/tilt_detector.cpp.o] Error 1
[1.929s] gmake[2]: *** Waiting for unfinished jobs....
[3.725s] [01m[K/home/gepopa/ros2_ws/src/imu_tilt_detection/src/tilt_publisher.cpp:[m[K In constructor ‘[01m[KTiltPublisher::TiltPublisher()[m[K’:
[3.725s] [01m[K/home/gepopa/ros2_ws/src/imu_tilt_detection/src/tilt_publisher.cpp:9:44:[m[K [01;31m[Kerror: [m[Kno matching function for call to ‘[01m[KTiltDetector::TiltDetector()[m[K’
[3.725s]     9 |     TiltPublisher() : Node("tilt_publisher"[01;31m[K)[m[K
[3.725s]       |                                            [01;31m[K^[m[K
[3.725s] In file included from [01m[K/home/gepopa/ros2_ws/src/imu_tilt_detection/src/tilt_publisher.cpp:4[m[K:
[3.725s] [01m[K/home/gepopa/ros2_ws/src/imu_tilt_detection/include/imu_tilt_detection/tilt_detector.h:6:5:[m[K [01;36m[Knote: [m[Kcandidate: ‘[01m[KTiltDetector::TiltDetector(size_t, int)[m[K’
[3.725s]     6 |     [01;36m[KTiltDetector[m[K(size_t nb_values_for_mean, int tilt_threshold_deg);
[3.725s]       |     [01;36m[K^~~~~~~~~~~~[m[K
[3.725s] [01m[K/home/gepopa/ros2_ws/src/imu_tilt_detection/include/imu_tilt_detection/tilt_detector.h:6:5:[m[K [01;36m[Knote: [m[K  candidate expects 2 arguments, 0 provided
[3.725s] [01m[K/home/gepopa/ros2_ws/src/imu_tilt_detection/include/imu_tilt_detection/tilt_detector.h:3:7:[m[K [01;36m[Knote: [m[Kcandidate: ‘[01m[KTiltDetector::TiltDetector(const TiltDetector&)[m[K’
[3.725s]     3 | class [01;36m[KTiltDetector[m[K
[3.725s]       |       [01;36m[K^~~~~~~~~~~~[m[K
[3.725s] [01m[K/home/gepopa/ros2_ws/src/imu_tilt_detection/include/imu_tilt_detection/tilt_detector.h:3:7:[m[K [01;36m[Knote: [m[K  candidate expects 1 argument, 0 provided
[3.725s] [01m[K/home/gepopa/ros2_ws/src/imu_tilt_detection/include/imu_tilt_detection/tilt_detector.h:3:7:[m[K [01;36m[Knote: [m[Kcandidate: ‘[01m[KTiltDetector::TiltDetector(TiltDetector&&)[m[K’
[3.725s] [01m[K/home/gepopa/ros2_ws/src/imu_tilt_detection/include/imu_tilt_detection/tilt_detector.h:3:7:[m[K [01;36m[Knote: [m[K  candidate expects 1 argument, 0 provided
[3.736s] [01m[K/home/gepopa/ros2_ws/src/imu_tilt_detection/src/tilt_publisher.cpp:13:26:[m[K [01;31m[Kerror: [m[K‘[01m[KTiltDectector[m[K’ was not declared in this scope; did you mean ‘[01m[KTiltDetector[m[K’?
[3.736s]    13 |         tilt_detector_ = [01;31m[KTiltDectector[m[K(_nb_values_for_mean, _tilt_threshold_deg);
[3.736s]       |                          [01;31m[K^~~~~~~~~~~~~[m[K
[3.736s]       |                          [32m[KTiltDetector[m[K
[3.740s] In file included from [01m[K/opt/ros/iron/include/rclcpp/rclcpp/logging.hpp:24[m[K,
[3.741s]                  from [01m[K/opt/ros/iron/include/rclcpp/rclcpp/client.hpp:43[m[K,
[3.741s]                  from [01m[K/opt/ros/iron/include/rclcpp/rclcpp/callback_group.hpp:24[m[K,
[3.741s]                  from [01m[K/opt/ros/iron/include/rclcpp/rclcpp/any_executable.hpp:20[m[K,
[3.741s]                  from [01m[K/opt/ros/iron/include/rclcpp/rclcpp/memory_strategy.hpp:25[m[K,
[3.741s]                  from [01m[K/opt/ros/iron/include/rclcpp/rclcpp/memory_strategies.hpp:18[m[K,
[3.741s]                  from [01m[K/opt/ros/iron/include/rclcpp/rclcpp/executor_options.hpp:20[m[K,
[3.741s]                  from [01m[K/opt/ros/iron/include/rclcpp/rclcpp/executor.hpp:37[m[K,
[3.741s]                  from [01m[K/opt/ros/iron/include/rclcpp/rclcpp/executors/multi_threaded_executor.hpp:25[m[K,
[3.741s]                  from [01m[K/opt/ros/iron/include/rclcpp/rclcpp/executors.hpp:21[m[K,
[3.741s]                  from [01m[K/opt/ros/iron/include/rclcpp/rclcpp/rclcpp.hpp:167[m[K,
[3.741s]                  from [01m[K/home/gepopa/ros2_ws/src/imu_tilt_detection/src/tilt_publisher.cpp:2[m[K:
[3.741s] [01m[K/home/gepopa/ros2_ws/src/imu_tilt_detection/src/tilt_publisher.cpp:[m[K In member function ‘[01m[Kvoid TiltPublisher::publish_message(const Imu&)[m[K’:
[3.741s] [01m[K/home/gepopa/ros2_ws/src/imu_tilt_detection/src/tilt_publisher.cpp:29:106:[m[K [01;31m[Kerror: [m[K‘[01m[Ksum[m[K’ was not declared in this scope
[3.741s]    29 |         RCLCPP_INFO(this->get_logger(), "Publishing: '%s' sum: '%f'", message.tilted ? "True" : "False", [01;31m[Ksum[m[K);
[3.741s]       |                                                                                                          [01;31m[K^~~[m[K
[5.325s] gmake[2]: *** [CMakeFiles/tilt_publisher.dir/build.make:76: CMakeFiles/tilt_publisher.dir/src/tilt_publisher.cpp.o] Error 1
[5.325s] gmake[1]: *** [CMakeFiles/Makefile2:646: CMakeFiles/tilt_publisher.dir/all] Error 2
[5.325s] gmake: *** [Makefile:146: all] Error 2
[5.327s] Invoked command in '/home/gepopa/ros2_ws/src/imu_tilt_detection/build/imu_tilt_detection' returned '2': CMAKE_PREFIX_PATH=${CMAKE_PREFIX_PATH}:/opt/ros/iron /usr/bin/cmake --build /home/gepopa/ros2_ws/src/imu_tilt_detection/build/imu_tilt_detection -- -j12 -l12
