[0.012s] Invoking command in '/home/gepopa/ros2_ws/src/imu_tilt_detection/build/imu_tilt_detection': CMAKE_PREFIX_PATH=${CMAKE_PREFIX_PATH}:/opt/ros/iron /usr/bin/cmake --build /home/gepopa/ros2_ws/src/imu_tilt_detection/build/imu_tilt_detection -- -j12 -l12
[0.044s] [35m[1mConsolidate compiler generated dependencies of target gtest_main[0m
[0.044s] [35m[1mConsolidate compiler generated dependencies of target gtest[0m
[0.052s] [  2%] Built target imu_tilt_detection__rosidl_generator_type_description
[0.056s] [  7%] Built target gtest_main
[0.057s] [ 11%] Built target gtest
[0.060s] [ 11%] Built target ament_cmake_python_copy_imu_tilt_detection
[0.065s] [35m[1mConsolidate compiler generated dependencies of target imu_tilt_detection_tilt_detector_test[0m
[0.069s] [ 14%] Built target imu_tilt_detection__cpp
[0.071s] [ 26%] Built target imu_tilt_detection__rosidl_generator_c
[0.078s] [ 28%] [32mBuilding CXX object CMakeFiles/imu_tilt_detection_tilt_detector_test.dir/test/tilt_detector_test.cpp.o[0m
[0.091s] [ 42%] Built target imu_tilt_detection__rosidl_typesupport_introspection_c
[0.091s] [ 42%] Built target imu_tilt_detection__rosidl_typesupport_fastrtps_c
[0.092s] [ 50%] Built target imu_tilt_detection__rosidl_typesupport_c
[0.093s] [ 57%] Built target imu_tilt_detection__rosidl_typesupport_fastrtps_cpp
[0.098s] [ 64%] Built target imu_tilt_detection__rosidl_typesupport_cpp
[0.099s] [ 71%] Built target imu_tilt_detection__rosidl_typesupport_introspection_cpp
[0.116s] [ 71%] Built target imu_tilt_detection
[0.120s] [ 76%] Built target tilt_publisher
[0.134s] [ 78%] Built target imu_tilt_detection__py
[0.153s] [ 83%] Built target imu_tilt_detection__rosidl_generator_py
[0.171s] [ 97%] Built target imu_tilt_detection__rosidl_typesupport_c__pyext
[0.172s] [ 97%] Built target imu_tilt_detection__rosidl_typesupport_introspection_c__pyext
[0.172s] [ 97%] Built target imu_tilt_detection__rosidl_typesupport_fastrtps_c__pyext
[0.278s] running egg_info
[0.278s] writing imu_tilt_detection.egg-info/PKG-INFO
[0.279s] writing dependency_links to imu_tilt_detection.egg-info/dependency_links.txt
[0.279s] writing top-level names to imu_tilt_detection.egg-info/top_level.txt
[0.280s] reading manifest file 'imu_tilt_detection.egg-info/SOURCES.txt'
[0.281s] writing manifest file 'imu_tilt_detection.egg-info/SOURCES.txt'
[0.300s] [ 97%] Built target ament_cmake_python_build_imu_tilt_detection_egg
[0.871s] [100%] [32m[1mLinking CXX executable imu_tilt_detection_tilt_detector_test[0m
[0.978s] [100%] Built target imu_tilt_detection_tilt_detector_test
[0.988s] Invoked command in '/home/gepopa/ros2_ws/src/imu_tilt_detection/build/imu_tilt_detection' returned '0': CMAKE_PREFIX_PATH=${CMAKE_PREFIX_PATH}:/opt/ros/iron /usr/bin/cmake --build /home/gepopa/ros2_ws/src/imu_tilt_detection/build/imu_tilt_detection -- -j12 -l12
[1.055s] Invoking command in '/home/gepopa/ros2_ws/src/imu_tilt_detection/build/imu_tilt_detection': CMAKE_PREFIX_PATH=${CMAKE_PREFIX_PATH}:/opt/ros/iron /usr/bin/cmake --install /home/gepopa/ros2_ws/src/imu_tilt_detection/build/imu_tilt_detection
[1.061s] -- Install configuration: ""
[1.061s] -- Up-to-date: /home/gepopa/ros2_ws/src/imu_tilt_detection/install/imu_tilt_detection/share/ament_index/resource_index/rosidl_interfaces/imu_tilt_detection
[1.061s] -- Up-to-date: /home/gepopa/ros2_ws/src/imu_tilt_detection/install/imu_tilt_detection/share/imu_tilt_detection/msg/TiltStatus.json
[1.062s] -- Up-to-date: /home/gepopa/ros2_ws/src/imu_tilt_detection/install/imu_tilt_detection/include/imu_tilt_detection/imu_tilt_detection
[1.062s] -- Up-to-date: /home/gepopa/ros2_ws/src/imu_tilt_detection/install/imu_tilt_detection/include/imu_tilt_detection/imu_tilt_detection/msg
[1.062s] -- Up-to-date: /home/gepopa/ros2_ws/src/imu_tilt_detection/install/imu_tilt_detection/include/imu_tilt_detection/imu_tilt_detection/msg/rosidl_generator_c__visibility_control.h
[1.062s] -- Up-to-date: /home/gepopa/ros2_ws/src/imu_tilt_detection/install/imu_tilt_detection/include/imu_tilt_detection/imu_tilt_detection/msg/detail
[1.062s] -- Up-to-date: /home/gepopa/ros2_ws/src/imu_tilt_detection/install/imu_tilt_detection/include/imu_tilt_detection/imu_tilt_detection/msg/detail/tilt_status__type_support.c
[1.062s] -- Up-to-date: /home/gepopa/ros2_ws/src/imu_tilt_detection/install/imu_tilt_detection/include/imu_tilt_detection/imu_tilt_detection/msg/detail/tilt_status__struct.h
[1.062s] -- Up-to-date: /home/gepopa/ros2_ws/src/imu_tilt_detection/install/imu_tilt_detection/include/imu_tilt_detection/imu_tilt_detection/msg/detail/tilt_status__type_support.h
[1.062s] -- Up-to-date: /home/gepopa/ros2_ws/src/imu_tilt_detection/install/imu_tilt_detection/include/imu_tilt_detection/imu_tilt_detection/msg/detail/tilt_status__functions.c
[1.062s] -- Up-to-date: /home/gepopa/ros2_ws/src/imu_tilt_detection/install/imu_tilt_detection/include/imu_tilt_detection/imu_tilt_detection/msg/detail/tilt_status__description.c
[1.062s] -- Up-to-date: /home/gepopa/ros2_ws/src/imu_tilt_detection/install/imu_tilt_detection/include/imu_tilt_detection/imu_tilt_detection/msg/detail/tilt_status__functions.h
[1.062s] -- Up-to-date: /home/gepopa/ros2_ws/src/imu_tilt_detection/install/imu_tilt_detection/include/imu_tilt_detection/imu_tilt_detection/msg/tilt_status.h
[1.062s] -- Up-to-date: /home/gepopa/ros2_ws/src/imu_tilt_detection/install/imu_tilt_detection/share/imu_tilt_detection/environment/library_path.sh
[1.062s] -- Up-to-date: /home/gepopa/ros2_ws/src/imu_tilt_detection/install/imu_tilt_detection/share/imu_tilt_detection/environment/library_path.dsv
[1.062s] -- Up-to-date: /home/gepopa/ros2_ws/src/imu_tilt_detection/install/imu_tilt_detection/lib/libimu_tilt_detection__rosidl_generator_c.so
[1.063s] -- Up-to-date: /home/gepopa/ros2_ws/src/imu_tilt_detection/install/imu_tilt_detection/include/imu_tilt_detection/imu_tilt_detection
[1.063s] -- Up-to-date: /home/gepopa/ros2_ws/src/imu_tilt_detection/install/imu_tilt_detection/include/imu_tilt_detection/imu_tilt_detection/msg
[1.063s] -- Up-to-date: /home/gepopa/ros2_ws/src/imu_tilt_detection/install/imu_tilt_detection/include/imu_tilt_detection/imu_tilt_detection/msg/rosidl_typesupport_fastrtps_c__visibility_control.h
[1.063s] -- Up-to-date: /home/gepopa/ros2_ws/src/imu_tilt_detection/install/imu_tilt_detection/include/imu_tilt_detection/imu_tilt_detection/msg/detail
[1.063s] -- Up-to-date: /home/gepopa/ros2_ws/src/imu_tilt_detection/install/imu_tilt_detection/include/imu_tilt_detection/imu_tilt_detection/msg/detail/tilt_status__rosidl_typesupport_fastrtps_c.h
[1.063s] -- Up-to-date: /home/gepopa/ros2_ws/src/imu_tilt_detection/install/imu_tilt_detection/lib/libimu_tilt_detection__rosidl_typesupport_fastrtps_c.so
[1.063s] -- Up-to-date: /home/gepopa/ros2_ws/src/imu_tilt_detection/install/imu_tilt_detection/include/imu_tilt_detection/imu_tilt_detection
[1.063s] -- Up-to-date: /home/gepopa/ros2_ws/src/imu_tilt_detection/install/imu_tilt_detection/include/imu_tilt_detection/imu_tilt_detection/msg
[1.063s] -- Up-to-date: /home/gepopa/ros2_ws/src/imu_tilt_detection/install/imu_tilt_detection/include/imu_tilt_detection/imu_tilt_detection/msg/detail
[1.063s] -- Up-to-date: /home/gepopa/ros2_ws/src/imu_tilt_detection/install/imu_tilt_detection/include/imu_tilt_detection/imu_tilt_detection/msg/detail/tilt_status__traits.hpp
[1.063s] -- Up-to-date: /home/gepopa/ros2_ws/src/imu_tilt_detection/install/imu_tilt_detection/include/imu_tilt_detection/imu_tilt_detection/msg/detail/tilt_status__struct.hpp
[1.063s] -- Up-to-date: /home/gepopa/ros2_ws/src/imu_tilt_detection/install/imu_tilt_detection/include/imu_tilt_detection/imu_tilt_detection/msg/detail/tilt_status__builder.hpp
[1.063s] -- Up-to-date: /home/gepopa/ros2_ws/src/imu_tilt_detection/install/imu_tilt_detection/include/imu_tilt_detection/imu_tilt_detection/msg/tilt_status.hpp
[1.063s] -- Up-to-date: /home/gepopa/ros2_ws/src/imu_tilt_detection/install/imu_tilt_detection/include/imu_tilt_detection/imu_tilt_detection
[1.064s] -- Up-to-date: /home/gepopa/ros2_ws/src/imu_tilt_detection/install/imu_tilt_detection/include/imu_tilt_detection/imu_tilt_detection/msg
[1.064s] -- Up-to-date: /home/gepopa/ros2_ws/src/imu_tilt_detection/install/imu_tilt_detection/include/imu_tilt_detection/imu_tilt_detection/msg/rosidl_typesupport_fastrtps_cpp__visibility_control.h
[1.064s] -- Up-to-date: /home/gepopa/ros2_ws/src/imu_tilt_detection/install/imu_tilt_detection/include/imu_tilt_detection/imu_tilt_detection/msg/detail
[1.064s] -- Up-to-date: /home/gepopa/ros2_ws/src/imu_tilt_detection/install/imu_tilt_detection/include/imu_tilt_detection/imu_tilt_detection/msg/detail/tilt_status__rosidl_typesupport_fastrtps_cpp.hpp
[1.064s] -- Up-to-date: /home/gepopa/ros2_ws/src/imu_tilt_detection/install/imu_tilt_detection/include/imu_tilt_detection/imu_tilt_detection/msg/detail/dds_fastrtps
[1.064s] -- Up-to-date: /home/gepopa/ros2_ws/src/imu_tilt_detection/install/imu_tilt_detection/lib/libimu_tilt_detection__rosidl_typesupport_fastrtps_cpp.so
[1.064s] -- Up-to-date: /home/gepopa/ros2_ws/src/imu_tilt_detection/install/imu_tilt_detection/include/imu_tilt_detection/imu_tilt_detection
[1.064s] -- Up-to-date: /home/gepopa/ros2_ws/src/imu_tilt_detection/install/imu_tilt_detection/include/imu_tilt_detection/imu_tilt_detection/msg
[1.064s] -- Up-to-date: /home/gepopa/ros2_ws/src/imu_tilt_detection/install/imu_tilt_detection/include/imu_tilt_detection/imu_tilt_detection/msg/rosidl_typesupport_introspection_c__visibility_control.h
[1.064s] -- Up-to-date: /home/gepopa/ros2_ws/src/imu_tilt_detection/install/imu_tilt_detection/include/imu_tilt_detection/imu_tilt_detection/msg/detail
[1.064s] -- Up-to-date: /home/gepopa/ros2_ws/src/imu_tilt_detection/install/imu_tilt_detection/include/imu_tilt_detection/imu_tilt_detection/msg/detail/tilt_status__type_support.c
[1.064s] -- Up-to-date: /home/gepopa/ros2_ws/src/imu_tilt_detection/install/imu_tilt_detection/include/imu_tilt_detection/imu_tilt_detection/msg/detail/tilt_status__rosidl_typesupport_introspection_c.h
[1.064s] -- Up-to-date: /home/gepopa/ros2_ws/src/imu_tilt_detection/install/imu_tilt_detection/lib/libimu_tilt_detection__rosidl_typesupport_introspection_c.so
[1.064s] -- Up-to-date: /home/gepopa/ros2_ws/src/imu_tilt_detection/install/imu_tilt_detection/lib/libimu_tilt_detection__rosidl_typesupport_c.so
[1.064s] -- Up-to-date: /home/gepopa/ros2_ws/src/imu_tilt_detection/install/imu_tilt_detection/include/imu_tilt_detection/imu_tilt_detection
[1.064s] -- Up-to-date: /home/gepopa/ros2_ws/src/imu_tilt_detection/install/imu_tilt_detection/include/imu_tilt_detection/imu_tilt_detection/msg
[1.065s] -- Up-to-date: /home/gepopa/ros2_ws/src/imu_tilt_detection/install/imu_tilt_detection/include/imu_tilt_detection/imu_tilt_detection/msg/detail
[1.065s] -- Up-to-date: /home/gepopa/ros2_ws/src/imu_tilt_detection/install/imu_tilt_detection/include/imu_tilt_detection/imu_tilt_detection/msg/detail/tilt_status__rosidl_typesupport_introspection_cpp.hpp
[1.065s] -- Up-to-date: /home/gepopa/ros2_ws/src/imu_tilt_detection/install/imu_tilt_detection/include/imu_tilt_detection/imu_tilt_detection/msg/detail/tilt_status__type_support.cpp
[1.065s] -- Up-to-date: /home/gepopa/ros2_ws/src/imu_tilt_detection/install/imu_tilt_detection/lib/libimu_tilt_detection__rosidl_typesupport_introspection_cpp.so
[1.065s] -- Up-to-date: /home/gepopa/ros2_ws/src/imu_tilt_detection/install/imu_tilt_detection/lib/libimu_tilt_detection__rosidl_typesupport_cpp.so
[1.065s] -- Up-to-date: /home/gepopa/ros2_ws/src/imu_tilt_detection/install/imu_tilt_detection/share/imu_tilt_detection/environment/pythonpath.sh
[1.065s] -- Up-to-date: /home/gepopa/ros2_ws/src/imu_tilt_detection/install/imu_tilt_detection/share/imu_tilt_detection/environment/pythonpath.dsv
[1.065s] -- Up-to-date: /home/gepopa/ros2_ws/src/imu_tilt_detection/install/imu_tilt_detection/lib/python3.10/site-packages/imu_tilt_detection-0.0.0-py3.10.egg-info
[1.065s] -- Installing: /home/gepopa/ros2_ws/src/imu_tilt_detection/install/imu_tilt_detection/lib/python3.10/site-packages/imu_tilt_detection-0.0.0-py3.10.egg-info/SOURCES.txt
[1.065s] -- Installing: /home/gepopa/ros2_ws/src/imu_tilt_detection/install/imu_tilt_detection/lib/python3.10/site-packages/imu_tilt_detection-0.0.0-py3.10.egg-info/dependency_links.txt
[1.065s] -- Installing: /home/gepopa/ros2_ws/src/imu_tilt_detection/install/imu_tilt_detection/lib/python3.10/site-packages/imu_tilt_detection-0.0.0-py3.10.egg-info/top_level.txt
[1.065s] -- Installing: /home/gepopa/ros2_ws/src/imu_tilt_detection/install/imu_tilt_detection/lib/python3.10/site-packages/imu_tilt_detection-0.0.0-py3.10.egg-info/PKG-INFO
[1.065s] -- Up-to-date: /home/gepopa/ros2_ws/src/imu_tilt_detection/install/imu_tilt_detection/lib/python3.10/site-packages/imu_tilt_detection
[1.066s] -- Up-to-date: /home/gepopa/ros2_ws/src/imu_tilt_detection/install/imu_tilt_detection/lib/python3.10/site-packages/imu_tilt_detection/imu_tilt_detection_s__rosidl_typesupport_fastrtps_c.cpython-310-x86_64-linux-gnu.so
[1.066s] -- Up-to-date: /home/gepopa/ros2_ws/src/imu_tilt_detection/install/imu_tilt_detection/lib/python3.10/site-packages/imu_tilt_detection/__init__.py
[1.066s] -- Up-to-date: /home/gepopa/ros2_ws/src/imu_tilt_detection/install/imu_tilt_detection/lib/python3.10/site-packages/imu_tilt_detection/_imu_tilt_detection_s.ep.rosidl_typesupport_c.c
[1.066s] -- Up-to-date: /home/gepopa/ros2_ws/src/imu_tilt_detection/install/imu_tilt_detection/lib/python3.10/site-packages/imu_tilt_detection/_imu_tilt_detection_s.ep.rosidl_typesupport_introspection_c.c
[1.066s] -- Up-to-date: /home/gepopa/ros2_ws/src/imu_tilt_detection/install/imu_tilt_detection/lib/python3.10/site-packages/imu_tilt_detection/_imu_tilt_detection_s.ep.rosidl_typesupport_fastrtps_c.c
[1.066s] -- Up-to-date: /home/gepopa/ros2_ws/src/imu_tilt_detection/install/imu_tilt_detection/lib/python3.10/site-packages/imu_tilt_detection/imu_tilt_detection_s__rosidl_typesupport_c.cpython-310-x86_64-linux-gnu.so
[1.066s] -- Up-to-date: /home/gepopa/ros2_ws/src/imu_tilt_detection/install/imu_tilt_detection/lib/python3.10/site-packages/imu_tilt_detection/imu_tilt_detection_s__rosidl_typesupport_introspection_c.cpython-310-x86_64-linux-gnu.so
[1.066s] -- Up-to-date: /home/gepopa/ros2_ws/src/imu_tilt_detection/install/imu_tilt_detection/lib/python3.10/site-packages/imu_tilt_detection/libimu_tilt_detection__rosidl_generator_py.so
[1.066s] -- Up-to-date: /home/gepopa/ros2_ws/src/imu_tilt_detection/install/imu_tilt_detection/lib/python3.10/site-packages/imu_tilt_detection/msg
[1.066s] -- Up-to-date: /home/gepopa/ros2_ws/src/imu_tilt_detection/install/imu_tilt_detection/lib/python3.10/site-packages/imu_tilt_detection/msg/__init__.py
[1.066s] -- Up-to-date: /home/gepopa/ros2_ws/src/imu_tilt_detection/install/imu_tilt_detection/lib/python3.10/site-packages/imu_tilt_detection/msg/_tilt_status_s.c
[1.066s] -- Up-to-date: /home/gepopa/ros2_ws/src/imu_tilt_detection/install/imu_tilt_detection/lib/python3.10/site-packages/imu_tilt_detection/msg/_tilt_status.py
[1.090s] Listing '/home/gepopa/ros2_ws/src/imu_tilt_detection/install/imu_tilt_detection/lib/python3.10/site-packages/imu_tilt_detection'...
[1.090s] Listing '/home/gepopa/ros2_ws/src/imu_tilt_detection/install/imu_tilt_detection/lib/python3.10/site-packages/imu_tilt_detection/msg'...
[1.093s] -- Up-to-date: /home/gepopa/ros2_ws/src/imu_tilt_detection/install/imu_tilt_detection/lib/python3.10/site-packages/imu_tilt_detection/imu_tilt_detection_s__rosidl_typesupport_fastrtps_c.cpython-310-x86_64-linux-gnu.so
[1.093s] -- Up-to-date: /home/gepopa/ros2_ws/src/imu_tilt_detection/install/imu_tilt_detection/lib/python3.10/site-packages/imu_tilt_detection/imu_tilt_detection_s__rosidl_typesupport_introspection_c.cpython-310-x86_64-linux-gnu.so
[1.093s] -- Up-to-date: /home/gepopa/ros2_ws/src/imu_tilt_detection/install/imu_tilt_detection/lib/python3.10/site-packages/imu_tilt_detection/imu_tilt_detection_s__rosidl_typesupport_c.cpython-310-x86_64-linux-gnu.so
[1.094s] -- Up-to-date: /home/gepopa/ros2_ws/src/imu_tilt_detection/install/imu_tilt_detection/lib/libimu_tilt_detection__rosidl_generator_py.so
[1.094s] -- Up-to-date: /home/gepopa/ros2_ws/src/imu_tilt_detection/install/imu_tilt_detection/share/imu_tilt_detection/msg/TiltStatus.idl
[1.094s] -- Up-to-date: /home/gepopa/ros2_ws/src/imu_tilt_detection/install/imu_tilt_detection/share/imu_tilt_detection/msg/TiltStatus.msg
[1.094s] -- Up-to-date: /home/gepopa/ros2_ws/src/imu_tilt_detection/install/imu_tilt_detection/lib/imu_tilt_detection/tilt_publisher
[1.094s] -- Up-to-date: /home/gepopa/ros2_ws/src/imu_tilt_detection/install/imu_tilt_detection/share/ament_index/resource_index/package_run_dependencies/imu_tilt_detection
[1.095s] -- Up-to-date: /home/gepopa/ros2_ws/src/imu_tilt_detection/install/imu_tilt_detection/share/ament_index/resource_index/parent_prefix_path/imu_tilt_detection
[1.095s] -- Up-to-date: /home/gepopa/ros2_ws/src/imu_tilt_detection/install/imu_tilt_detection/share/imu_tilt_detection/environment/ament_prefix_path.sh
[1.095s] -- Up-to-date: /home/gepopa/ros2_ws/src/imu_tilt_detection/install/imu_tilt_detection/share/imu_tilt_detection/environment/ament_prefix_path.dsv
[1.095s] -- Up-to-date: /home/gepopa/ros2_ws/src/imu_tilt_detection/install/imu_tilt_detection/share/imu_tilt_detection/environment/path.sh
[1.095s] -- Up-to-date: /home/gepopa/ros2_ws/src/imu_tilt_detection/install/imu_tilt_detection/share/imu_tilt_detection/environment/path.dsv
[1.095s] -- Up-to-date: /home/gepopa/ros2_ws/src/imu_tilt_detection/install/imu_tilt_detection/share/imu_tilt_detection/local_setup.bash
[1.095s] -- Up-to-date: /home/gepopa/ros2_ws/src/imu_tilt_detection/install/imu_tilt_detection/share/imu_tilt_detection/local_setup.sh
[1.095s] -- Up-to-date: /home/gepopa/ros2_ws/src/imu_tilt_detection/install/imu_tilt_detection/share/imu_tilt_detection/local_setup.zsh
[1.095s] -- Up-to-date: /home/gepopa/ros2_ws/src/imu_tilt_detection/install/imu_tilt_detection/share/imu_tilt_detection/local_setup.dsv
[1.095s] -- Installing: /home/gepopa/ros2_ws/src/imu_tilt_detection/install/imu_tilt_detection/share/imu_tilt_detection/package.dsv
[1.095s] -- Up-to-date: /home/gepopa/ros2_ws/src/imu_tilt_detection/install/imu_tilt_detection/share/ament_index/resource_index/packages/imu_tilt_detection
[1.096s] -- Up-to-date: /home/gepopa/ros2_ws/src/imu_tilt_detection/install/imu_tilt_detection/share/imu_tilt_detection/cmake/export_imu_tilt_detection__rosidl_generator_cExport.cmake
[1.096s] -- Up-to-date: /home/gepopa/ros2_ws/src/imu_tilt_detection/install/imu_tilt_detection/share/imu_tilt_detection/cmake/export_imu_tilt_detection__rosidl_generator_cExport-noconfig.cmake
[1.096s] -- Up-to-date: /home/gepopa/ros2_ws/src/imu_tilt_detection/install/imu_tilt_detection/share/imu_tilt_detection/cmake/export_imu_tilt_detection__rosidl_typesupport_fastrtps_cExport.cmake
[1.096s] -- Up-to-date: /home/gepopa/ros2_ws/src/imu_tilt_detection/install/imu_tilt_detection/share/imu_tilt_detection/cmake/export_imu_tilt_detection__rosidl_typesupport_fastrtps_cExport-noconfig.cmake
[1.096s] -- Up-to-date: /home/gepopa/ros2_ws/src/imu_tilt_detection/install/imu_tilt_detection/share/imu_tilt_detection/cmake/export_imu_tilt_detection__rosidl_generator_cppExport.cmake
[1.096s] -- Up-to-date: /home/gepopa/ros2_ws/src/imu_tilt_detection/install/imu_tilt_detection/share/imu_tilt_detection/cmake/export_imu_tilt_detection__rosidl_typesupport_fastrtps_cppExport.cmake
[1.096s] -- Up-to-date: /home/gepopa/ros2_ws/src/imu_tilt_detection/install/imu_tilt_detection/share/imu_tilt_detection/cmake/export_imu_tilt_detection__rosidl_typesupport_fastrtps_cppExport-noconfig.cmake
[1.096s] -- Up-to-date: /home/gepopa/ros2_ws/src/imu_tilt_detection/install/imu_tilt_detection/share/imu_tilt_detection/cmake/imu_tilt_detection__rosidl_typesupport_introspection_cExport.cmake
[1.096s] -- Up-to-date: /home/gepopa/ros2_ws/src/imu_tilt_detection/install/imu_tilt_detection/share/imu_tilt_detection/cmake/imu_tilt_detection__rosidl_typesupport_introspection_cExport-noconfig.cmake
[1.096s] -- Up-to-date: /home/gepopa/ros2_ws/src/imu_tilt_detection/install/imu_tilt_detection/share/imu_tilt_detection/cmake/imu_tilt_detection__rosidl_typesupport_cExport.cmake
[1.096s] -- Up-to-date: /home/gepopa/ros2_ws/src/imu_tilt_detection/install/imu_tilt_detection/share/imu_tilt_detection/cmake/imu_tilt_detection__rosidl_typesupport_cExport-noconfig.cmake
[1.096s] -- Up-to-date: /home/gepopa/ros2_ws/src/imu_tilt_detection/install/imu_tilt_detection/share/imu_tilt_detection/cmake/imu_tilt_detection__rosidl_typesupport_introspection_cppExport.cmake
[1.096s] -- Up-to-date: /home/gepopa/ros2_ws/src/imu_tilt_detection/install/imu_tilt_detection/share/imu_tilt_detection/cmake/imu_tilt_detection__rosidl_typesupport_introspection_cppExport-noconfig.cmake
[1.096s] -- Up-to-date: /home/gepopa/ros2_ws/src/imu_tilt_detection/install/imu_tilt_detection/share/imu_tilt_detection/cmake/imu_tilt_detection__rosidl_typesupport_cppExport.cmake
[1.097s] -- Up-to-date: /home/gepopa/ros2_ws/src/imu_tilt_detection/install/imu_tilt_detection/share/imu_tilt_detection/cmake/imu_tilt_detection__rosidl_typesupport_cppExport-noconfig.cmake
[1.097s] -- Up-to-date: /home/gepopa/ros2_ws/src/imu_tilt_detection/install/imu_tilt_detection/share/imu_tilt_detection/cmake/export_imu_tilt_detection__rosidl_generator_pyExport.cmake
[1.097s] -- Up-to-date: /home/gepopa/ros2_ws/src/imu_tilt_detection/install/imu_tilt_detection/share/imu_tilt_detection/cmake/export_imu_tilt_detection__rosidl_generator_pyExport-noconfig.cmake
[1.097s] -- Up-to-date: /home/gepopa/ros2_ws/src/imu_tilt_detection/install/imu_tilt_detection/share/imu_tilt_detection/cmake/rosidl_cmake-extras.cmake
[1.097s] -- Up-to-date: /home/gepopa/ros2_ws/src/imu_tilt_detection/install/imu_tilt_detection/share/imu_tilt_detection/cmake/ament_cmake_export_dependencies-extras.cmake
[1.097s] -- Up-to-date: /home/gepopa/ros2_ws/src/imu_tilt_detection/install/imu_tilt_detection/share/imu_tilt_detection/cmake/ament_cmake_export_include_directories-extras.cmake
[1.097s] -- Up-to-date: /home/gepopa/ros2_ws/src/imu_tilt_detection/install/imu_tilt_detection/share/imu_tilt_detection/cmake/ament_cmake_export_libraries-extras.cmake
[1.097s] -- Up-to-date: /home/gepopa/ros2_ws/src/imu_tilt_detection/install/imu_tilt_detection/share/imu_tilt_detection/cmake/ament_cmake_export_targets-extras.cmake
[1.097s] -- Up-to-date: /home/gepopa/ros2_ws/src/imu_tilt_detection/install/imu_tilt_detection/share/imu_tilt_detection/cmake/rosidl_cmake_export_typesupport_targets-extras.cmake
[1.097s] -- Up-to-date: /home/gepopa/ros2_ws/src/imu_tilt_detection/install/imu_tilt_detection/share/imu_tilt_detection/cmake/rosidl_cmake_export_typesupport_libraries-extras.cmake
[1.097s] -- Up-to-date: /home/gepopa/ros2_ws/src/imu_tilt_detection/install/imu_tilt_detection/share/imu_tilt_detection/cmake/imu_tilt_detectionConfig.cmake
[1.097s] -- Up-to-date: /home/gepopa/ros2_ws/src/imu_tilt_detection/install/imu_tilt_detection/share/imu_tilt_detection/cmake/imu_tilt_detectionConfig-version.cmake
[1.097s] -- Up-to-date: /home/gepopa/ros2_ws/src/imu_tilt_detection/install/imu_tilt_detection/share/imu_tilt_detection/package.xml
[1.099s] Invoked command in '/home/gepopa/ros2_ws/src/imu_tilt_detection/build/imu_tilt_detection' returned '0': CMAKE_PREFIX_PATH=${CMAKE_PREFIX_PATH}:/opt/ros/iron /usr/bin/cmake --install /home/gepopa/ros2_ws/src/imu_tilt_detection/build/imu_tilt_detection
