[0.012s] Invoking command in '/home/gepopa/ros2_ws/src/imu_tilt_detection/build/imu_tilt_detection': CMAKE_PREFIX_PATH=${CMAKE_PREFIX_PATH}:/opt/ros/iron /usr/bin/cmake --build /home/gepopa/ros2_ws/src/imu_tilt_detection/build/imu_tilt_detection -- -j12 -l12
[0.052s] [  2%] Built target imu_tilt_detection__rosidl_generator_type_description
[0.054s] [  6%] Built target gtest_main
[0.055s] [ 11%] Built target gtest
[0.060s] [ 11%] Built target ament_cmake_python_copy_imu_tilt_detection
[0.070s] [ 13%] Built target imu_tilt_detection__cpp
[0.071s] [ 25%] Built target imu_tilt_detection__rosidl_generator_c
[0.074s] [ 30%] Built target imu_tilt_detection_tilt_detector_test
[0.091s] [ 37%] Built target imu_tilt_detection__rosidl_typesupport_fastrtps_c
[0.091s] [ 44%] Built target imu_tilt_detection__rosidl_typesupport_fastrtps_cpp
[0.092s] [ 51%] Built target imu_tilt_detection__rosidl_typesupport_cpp
[0.092s] [ 58%] Built target imu_tilt_detection__rosidl_typesupport_introspection_cpp
[0.094s] [ 72%] Built target imu_tilt_detection__rosidl_typesupport_introspection_c
[0.094s] [ 72%] Built target imu_tilt_detection__rosidl_typesupport_c
[0.103s] [35m[1mConsolidate compiler generated dependencies of target tilt_publisher[0m
[0.110s] [ 72%] Built target imu_tilt_detection
[0.119s] [ 74%] [32mBuilding CXX object CMakeFiles/tilt_publisher.dir/src/tilt_publisher.cpp.o[0m
[0.119s] [ 76%] [32mBuilding CXX object CMakeFiles/tilt_publisher.dir/src/tilt_detector.cpp.o[0m
[0.128s] [ 79%] Built target imu_tilt_detection__py
[0.148s] [ 83%] Built target imu_tilt_detection__rosidl_generator_py
[0.166s] [ 97%] Built target imu_tilt_detection__rosidl_typesupport_fastrtps_c__pyext
[0.166s] [ 97%] Built target imu_tilt_detection__rosidl_typesupport_introspection_c__pyext
[0.167s] [ 97%] Built target imu_tilt_detection__rosidl_typesupport_c__pyext
[0.270s] running egg_info
[0.271s] writing imu_tilt_detection.egg-info/PKG-INFO
[0.271s] writing dependency_links to imu_tilt_detection.egg-info/dependency_links.txt
[0.271s] [01m[K/home/gepopa/ros2_ws/src/imu_tilt_detection/src/tilt_detector.cpp:[m[K In member function ‘[01m[Kdouble TiltDetector::compute_pitch_deg_from_acceleration(double, double, double)[m[K’:
[0.271s] [01m[K/home/gepopa/ros2_ws/src/imu_tilt_detection/src/tilt_detector.cpp:13:12:[m[K [01;31m[Kerror: [m[K‘[01m[Ktan2[m[K’ was not declared in this scope; did you mean ‘[01m[Ktanl[m[K’?
[0.271s]    13 |     return [01;31m[Ktan2[m[K(x, sqrt(pow(y,2) + pow(z,2))) * (180 / M_PI); //around x axis
[0.271s]       |            [01;31m[K^~~~[m[K
[0.272s]       |            [32m[Ktanl[m[K
[0.272s] writing top-level names to imu_tilt_detection.egg-info/top_level.txt
[0.273s] reading manifest file 'imu_tilt_detection.egg-info/SOURCES.txt'
[0.273s] writing manifest file 'imu_tilt_detection.egg-info/SOURCES.txt'
[0.293s] [ 97%] Built target ament_cmake_python_build_imu_tilt_detection_egg
[0.308s] gmake[2]: *** [CMakeFiles/tilt_publisher.dir/build.make:90: CMakeFiles/tilt_publisher.dir/src/tilt_detector.cpp.o] Error 1
[0.308s] gmake[2]: *** Waiting for unfinished jobs....
[2.114s] [01m[K/home/gepopa/ros2_ws/src/imu_tilt_detection/src/tilt_publisher.cpp:[m[K In constructor ‘[01m[KTiltPublisher::TiltPublisher()[m[K’:
[2.114s] [01m[K/home/gepopa/ros2_ws/src/imu_tilt_detection/src/tilt_publisher.cpp:9:44:[m[K [01;31m[Kerror: [m[Kno matching function for call to ‘[01m[KTiltDetector::TiltDetector()[m[K’
[2.114s]     9 |     TiltPublisher() : Node("tilt_publisher"[01;31m[K)[m[K
[2.114s]       |                                            [01;31m[K^[m[K
[2.114s] In file included from [01m[K/home/gepopa/ros2_ws/src/imu_tilt_detection/src/tilt_publisher.cpp:4[m[K:
[2.114s] [01m[K/home/gepopa/ros2_ws/src/imu_tilt_detection/include/imu_tilt_detection/tilt_detector.h:7:5:[m[K [01;36m[Knote: [m[Kcandidate: ‘[01m[KTiltDetector::TiltDetector(size_t, int)[m[K’
[2.114s]     7 |     [01;36m[KTiltDetector[m[K(size_t nb_values_for_mean, int tilt_threshold_deg);
[2.115s]       |     [01;36m[K^~~~~~~~~~~~[m[K
[2.115s] [01m[K/home/gepopa/ros2_ws/src/imu_tilt_detection/include/imu_tilt_detection/tilt_detector.h:7:5:[m[K [01;36m[Knote: [m[K  candidate expects 2 arguments, 0 provided
[2.115s] [01m[K/home/gepopa/ros2_ws/src/imu_tilt_detection/include/imu_tilt_detection/tilt_detector.h:4:7:[m[K [01;36m[Knote: [m[Kcandidate: ‘[01m[KTiltDetector::TiltDetector(const TiltDetector&)[m[K’
[2.115s]     4 | class [01;36m[KTiltDetector[m[K
[2.115s]       |       [01;36m[K^~~~~~~~~~~~[m[K
[2.115s] [01m[K/home/gepopa/ros2_ws/src/imu_tilt_detection/include/imu_tilt_detection/tilt_detector.h:4:7:[m[K [01;36m[Knote: [m[K  candidate expects 1 argument, 0 provided
[2.115s] [01m[K/home/gepopa/ros2_ws/src/imu_tilt_detection/include/imu_tilt_detection/tilt_detector.h:4:7:[m[K [01;36m[Knote: [m[Kcandidate: ‘[01m[KTiltDetector::TiltDetector(TiltDetector&&)[m[K’
[2.115s] [01m[K/home/gepopa/ros2_ws/src/imu_tilt_detection/include/imu_tilt_detection/tilt_detector.h:4:7:[m[K [01;36m[Knote: [m[K  candidate expects 1 argument, 0 provided
[2.121s] [01m[K/home/gepopa/ros2_ws/src/imu_tilt_detection/src/tilt_publisher.cpp:13:79:[m[K [01;31m[Kerror: [m[Kuse of deleted function ‘[01m[KTiltDetector& TiltDetector::operator=(TiltDetector&&)[m[K’
[2.121s]    13 |         tilt_detector_ = TiltDetector(_nb_values_for_mean, _tilt_threshold_deg[01;31m[K)[m[K;
[2.121s]       |                                                                               [01;31m[K^[m[K
[2.121s] In file included from [01m[K/home/gepopa/ros2_ws/src/imu_tilt_detection/src/tilt_publisher.cpp:4[m[K:
[2.121s] [01m[K/home/gepopa/ros2_ws/src/imu_tilt_detection/include/imu_tilt_detection/tilt_detector.h:4:7:[m[K [01;36m[Knote: [m[K‘[01m[KTiltDetector& TiltDetector::operator=(TiltDetector&&)[m[K’ is implicitly deleted because the default definition would be ill-formed:
[2.121s]     4 | class [01;36m[KTiltDetector[m[K
[2.121s]       |       [01;36m[K^~~~~~~~~~~~[m[K
[2.121s] [01m[K/home/gepopa/ros2_ws/src/imu_tilt_detection/include/imu_tilt_detection/tilt_detector.h:4:7:[m[K [01;31m[Kerror: [m[Knon-static const member ‘[01m[Kconst size_t TiltDetector::_nb_values_for_mean[m[K’, cannot use default assignment operator
[2.121s] [01m[K/home/gepopa/ros2_ws/src/imu_tilt_detection/include/imu_tilt_detection/tilt_detector.h:4:7:[m[K [01;31m[Kerror: [m[Knon-static const member ‘[01m[Kconst int TiltDetector::_tilt_threshold_deg[m[K’, cannot use default assignment operator
[3.727s] gmake[2]: *** [CMakeFiles/tilt_publisher.dir/build.make:76: CMakeFiles/tilt_publisher.dir/src/tilt_publisher.cpp.o] Error 1
[3.728s] gmake[1]: *** [CMakeFiles/Makefile2:646: CMakeFiles/tilt_publisher.dir/all] Error 2
[3.728s] gmake: *** [Makefile:146: all] Error 2
[3.731s] Invoked command in '/home/gepopa/ros2_ws/src/imu_tilt_detection/build/imu_tilt_detection' returned '2': CMAKE_PREFIX_PATH=${CMAKE_PREFIX_PATH}:/opt/ros/iron /usr/bin/cmake --build /home/gepopa/ros2_ws/src/imu_tilt_detection/build/imu_tilt_detection -- -j12 -l12
