[  2%] Built target imu_tilt_detection__rosidl_generator_type_description
[  6%] Built target gtest_main
[ 11%] Built target gtest
[ 11%] Built target ament_cmake_python_copy_imu_tilt_detection
[ 13%] Built target imu_tilt_detection__cpp
[ 25%] Built target imu_tilt_detection__rosidl_generator_c
[ 30%] Built target imu_tilt_detection_tilt_detector_test
[ 39%] Built target imu_tilt_detection__rosidl_typesupport_c
[ 48%] Built target imu_tilt_detection__rosidl_typesupport_cpp
[ 51%] Built target imu_tilt_detection__rosidl_typesupport_introspection_c
[ 58%] Built target imu_tilt_detection__rosidl_typesupport_introspection_cpp
[ 65%] Built target imu_tilt_detection__rosidl_typesupport_fastrtps_cpp
[ 72%] Built target imu_tilt_detection__rosidl_typesupport_fastrtps_c
[35m[1mConsolidate compiler generated dependencies of target tilt_publisher[0m
[ 72%] Built target imu_tilt_detection
[ 76%] [32mBuilding CXX object CMakeFiles/tilt_publisher.dir/src/tilt_detector.cpp.o[0m
[ 76%] [32mBuilding CXX object CMakeFiles/tilt_publisher.dir/src/tilt_publisher.cpp.o[0m
[ 79%] Built target imu_tilt_detection__py
[ 83%] Built target imu_tilt_detection__rosidl_generator_py
[ 97%] Built target imu_tilt_detection__rosidl_typesupport_introspection_c__pyext
[ 97%] Built target imu_tilt_detection__rosidl_typesupport_c__pyext
[ 97%] Built target imu_tilt_detection__rosidl_typesupport_fastrtps_c__pyext
running egg_info
writing imu_tilt_detection.egg-info/PKG-INFO
writing dependency_links to imu_tilt_detection.egg-info/dependency_links.txt
writing top-level names to imu_tilt_detection.egg-info/top_level.txt
reading manifest file 'imu_tilt_detection.egg-info/SOURCES.txt'
writing manifest file 'imu_tilt_detection.egg-info/SOURCES.txt'
[ 97%] Built target ament_cmake_python_build_imu_tilt_detection_egg
